[  +16 ms] executing: sysctl hw.optional.arm64
[   +3 ms] Exit code 0 from: sysctl hw.optional.arm64
[        ] hw.optional.arm64: 1
[   +3 ms] Artifact Instance of 'MaterialFonts' is not required, skipping update.
[        ] Artifact Instance of 'GradleWrapper' is not required, skipping update.
[        ] Artifact Instance of 'AndroidGenSnapshotArtifacts' is not required, skipping update.
[        ] Artifact Instance of 'AndroidInternalBuildArtifacts' is not required, skipping update.
[        ] Artifact Instance of 'IOSEngineArtifacts' is not required, skipping update.
[        ] Artifact Instance of 'FlutterWebSdk' is not required, skipping update.
[        ] Artifact Instance of 'LegacyCanvasKitRemover' is not required, skipping update.
[        ] Artifact Instance of 'FlutterSdk' is not required, skipping update.
[        ] Artifact Instance of 'WindowsEngineArtifacts' is not required, skipping update.
[        ] Artifact Instance of 'MacOSEngineArtifacts' is not required, skipping update.
[        ] Artifact Instance of 'LinuxEngineArtifacts' is not required, skipping update.
[        ] Artifact Instance of 'LinuxFuchsiaSDKArtifacts' is not required, skipping update.
[        ] Artifact Instance of 'MacOSFuchsiaSDKArtifacts' is not required, skipping update.
[        ] Artifact Instance of 'FlutterRunnerSDKArtifacts' is not required, skipping update.
[        ] Artifact Instance of 'FlutterRunnerDebugSymbols' is not required, skipping update.
[        ] Artifact Instance of 'IosUsbArtifacts' is not required, skipping update.
[        ] Artifact Instance of 'IosUsbArtifacts' is not required, skipping update.
[        ] Artifact Instance of 'IosUsbArtifacts' is not required, skipping update.
[        ] Artifact Instance of 'IosUsbArtifacts' is not required, skipping update.
[        ] Artifact Instance of 'IosUsbArtifacts' is not required, skipping update.
[        ] Artifact Instance of 'IosUsbArtifacts' is not required, skipping update.
[        ] Artifact Instance of 'FontSubsetArtifacts' is not required, skipping update.
[        ] Artifact Instance of 'PubDependencies' is not required, skipping update.
[        ] executing: [/opt/homebrew/share/flutter/] git -c log.showSignature=false log HEAD -n 1 --pretty=format:%ad --date=iso
[  +10 ms] Exit code 0 from: git -c log.showSignature=false log HEAD -n 1 --pretty=format:%ad --date=iso
[        ] 2025-12-11 11:50:07 -0500
[  +11 ms] Artifact Instance of 'AndroidGenSnapshotArtifacts' is not required, skipping update.
[        ] Artifact Instance of 'AndroidInternalBuildArtifacts' is not required, skipping update.
[        ] Artifact Instance of 'IOSEngineArtifacts' is not required, skipping update.
[        ] Artifact Instance of 'FlutterWebSdk' is not required, skipping update.
[        ] Artifact Instance of 'FlutterEngineStamp' is not required, skipping update.
[        ] Artifact Instance of 'LegacyCanvasKitRemover' is not required, skipping update.
[        ] Artifact Instance of 'WindowsEngineArtifacts' is not required, skipping update.
[        ] Artifact Instance of 'MacOSEngineArtifacts' is not required, skipping update.
[        ] Artifact Instance of 'LinuxEngineArtifacts' is not required, skipping update.
[        ] Artifact Instance of 'LinuxFuchsiaSDKArtifacts' is not required, skipping update.
[        ] Artifact Instance of 'MacOSFuchsiaSDKArtifacts' is not required, skipping update.
[        ] Artifact Instance of 'FlutterRunnerSDKArtifacts' is not required, skipping update.
[        ] Artifact Instance of 'FlutterRunnerDebugSymbols' is not required, skipping update.
[  +14 ms] Artifact Instance of 'MaterialFonts' is not required, skipping update.
[        ] Artifact Instance of 'GradleWrapper' is not required, skipping update.
[        ] Artifact Instance of 'AndroidGenSnapshotArtifacts' is not required, skipping update.
[        ] Artifact Instance of 'AndroidInternalBuildArtifacts' is not required, skipping update.
[        ] Artifact Instance of 'IOSEngineArtifacts' is not required, skipping update.
[        ] Artifact Instance of 'FlutterWebSdk' is not required, skipping update.
[        ] Artifact Instance of 'FlutterEngineStamp' is not required, skipping update.
[        ] Artifact Instance of 'LegacyCanvasKitRemover' is not required, skipping update.
[        ] Artifact Instance of 'FlutterSdk' is not required, skipping update.
[        ] Artifact Instance of 'WindowsEngineArtifacts' is not required, skipping update.
[        ] Artifact Instance of 'LinuxEngineArtifacts' is not required, skipping update.
[        ] Artifact Instance of 'LinuxFuchsiaSDKArtifacts' is not required, skipping update.
[        ] Artifact Instance of 'MacOSFuchsiaSDKArtifacts' is not required, skipping update.
[        ] Artifact Instance of 'FlutterRunnerSDKArtifacts' is not required, skipping update.
[        ] Artifact Instance of 'FlutterRunnerDebugSymbols' is not required, skipping update.
[        ] Artifact Instance of 'IosUsbArtifacts' is not required, skipping update.
[        ] Artifact Instance of 'IosUsbArtifacts' is not required, skipping update.
[        ] Artifact Instance of 'IosUsbArtifacts' is not required, skipping update.
[        ] Artifact Instance of 'IosUsbArtifacts' is not required, skipping update.
[        ] Artifact Instance of 'IosUsbArtifacts' is not required, skipping update.
[        ] Artifact Instance of 'IosUsbArtifacts' is not required, skipping update.
[        ] Artifact Instance of 'FontSubsetArtifacts' is not required, skipping update.
[        ] Artifact Instance of 'PubDependencies' is not required, skipping update.
[  +12 ms] Skipping pub get: version match.
[  +55 ms] Found plugin window_manager at /Users/fam/.pub-cache/hosted/pub.dev/window_manager-0.4.3/
[   +2 ms] Found plugin screen_retriever at /Users/fam/.pub-cache/hosted/pub.dev/screen_retriever-0.2.0/
[        ] Found plugin screen_retriever_windows at /Users/fam/.pub-cache/hosted/pub.dev/screen_retriever_windows-0.2.0/
[   +1 ms] Found plugin screen_retriever_macos at /Users/fam/.pub-cache/hosted/pub.dev/screen_retriever_macos-0.2.0/
[        ] Found plugin screen_retriever_linux at /Users/fam/.pub-cache/hosted/pub.dev/screen_retriever_linux-0.2.0/
[        ] Found plugin whisper_flutter_new at /Users/fam/.pub-cache/hosted/pub.dev/whisper_flutter_new-1.0.1/
[        ] Found plugin path_provider at /Users/fam/.pub-cache/hosted/pub.dev/path_provider-2.1.5/
[        ] Found plugin path_provider_windows at /Users/fam/.pub-cache/hosted/pub.dev/path_provider_windows-2.3.0/
[        ] Found plugin path_provider_linux at /Users/fam/.pub-cache/hosted/pub.dev/path_provider_linux-2.2.1/
[        ] Found plugin path_provider_foundation at /Users/fam/.pub-cache/hosted/pub.dev/path_provider_foundation-2.6.0/
[   +1 ms] Found plugin path_provider_android at /Users/fam/.pub-cache/hosted/pub.dev/path_provider_android-2.2.22/
[        ] Found plugin url_launcher at /Users/fam/.pub-cache/hosted/pub.dev/url_launcher-6.3.2/
[        ] Found plugin url_launcher_windows at /Users/fam/.pub-cache/hosted/pub.dev/url_launcher_windows-3.1.5/
[        ] Found plugin url_launcher_web at /Users/fam/.pub-cache/hosted/pub.dev/url_launcher_web-2.4.2/
[        ] Found plugin url_launcher_macos at /Users/fam/.pub-cache/hosted/pub.dev/url_launcher_macos-3.2.5/
[        ] Found plugin url_launcher_linux at /Users/fam/.pub-cache/hosted/pub.dev/url_launcher_linux-3.2.2/
[        ] Found plugin url_launcher_ios at /Users/fam/.pub-cache/hosted/pub.dev/url_launcher_ios-6.3.6/
[        ] Found plugin url_launcher_android at /Users/fam/.pub-cache/hosted/pub.dev/url_launcher_android-6.3.28/
[   +1 ms] Found plugin share_plus at /Users/fam/.pub-cache/hosted/pub.dev/share_plus-12.0.1/
[   +4 ms] Found plugin printing at /Users/fam/.pub-cache/hosted/pub.dev/printing-5.14.2/
[   +7 ms] Found plugin permission_handler at /Users/fam/.pub-cache/hosted/pub.dev/permission_handler-12.0.1/
[        ] Found plugin permission_handler_windows at /Users/fam/.pub-cache/hosted/pub.dev/permission_handler_windows-0.2.1/
[        ] Found plugin permission_handler_html at /Users/fam/.pub-cache/hosted/pub.dev/permission_handler_html-0.1.3+5/
[        ] Found plugin permission_handler_apple at /Users/fam/.pub-cache/hosted/pub.dev/permission_handler_apple-9.4.7/
[        ] Found plugin permission_handler_android at /Users/fam/.pub-cache/hosted/pub.dev/permission_handler_android-13.0.1/
[        ] Found plugin objectbox_flutter_libs at /Users/fam/.pub-cache/hosted/pub.dev/objectbox_flutter_libs-2.5.1/
[        ] Found plugin local_auth at /Users/fam/.pub-cache/hosted/pub.dev/local_auth-3.0.0/
[        ] Found plugin local_auth_windows at /Users/fam/.pub-cache/hosted/pub.dev/local_auth_windows-2.0.1/
[        ] Found plugin local_auth_darwin at /Users/fam/.pub-cache/hosted/pub.dev/local_auth_darwin-2.0.1/
[   +1 ms] Found plugin local_auth_android at /Users/fam/.pub-cache/hosted/pub.dev/local_auth_android-2.0.4/
[        ] Found plugin flutter_plugin_android_lifecycle at /Users/fam/.pub-cache/hosted/pub.dev/flutter_plugin_android_lifecycle-2.0.33/
[   +1 ms] Found plugin home_widget at /Users/fam/.pub-cache/hosted/pub.dev/home_widget-0.7.0+1/
[   +1 ms] Found plugin flutter_windowmanager_plus at /Users/fam/.pub-cache/hosted/pub.dev/flutter_windowmanager_plus-1.0.1/
[        ] Found plugin flutter_tts at /Users/fam/.pub-cache/hosted/pub.dev/flutter_tts-4.2.5/
[        ] Found plugin flutter_tesseract_ocr at /Users/fam/.pub-cache/hosted/pub.dev/flutter_tesseract_ocr-0.4.30/
[   +1 ms] Found plugin flutter_sound at /Users/fam/.pub-cache/hosted/pub.dev/flutter_sound-9.30.0/
[   +1 ms] Found plugin flutter_sound_web at /Users/fam/.pub-cache/hosted/pub.dev/flutter_sound_web-9.30.0/
[        ] Found plugin flutter_secure_storage at /Users/fam/.pub-cache/hosted/pub.dev/flutter_secure_storage-9.2.4/
[        ] Found plugin flutter_secure_storage_windows at /Users/fam/.pub-cache/hosted/pub.dev/flutter_secure_storage_windows-3.1.2/
[        ] Found plugin flutter_secure_storage_web at /Users/fam/.pub-cache/hosted/pub.dev/flutter_secure_storage_web-1.2.1/
[        ] Found plugin flutter_secure_storage_macos at /Users/fam/.pub-cache/hosted/pub.dev/flutter_secure_storage_macos-3.1.3/
[        ] Found plugin flutter_secure_storage_linux at /Users/fam/.pub-cache/hosted/pub.dev/flutter_secure_storage_linux-1.2.3/
[   +1 ms] Found plugin flutter_local_notifications at /Users/fam/.pub-cache/hosted/pub.dev/flutter_local_notifications-19.5.0/
[        ] Found plugin flutter_local_notifications_windows at /Users/fam/.pub-cache/hosted/pub.dev/flutter_local_notifications_windows-1.0.3/
[        ] Found plugin flutter_local_notifications_linux at /Users/fam/.pub-cache/hosted/pub.dev/flutter_local_notifications_linux-6.0.0/
[        ] Found plugin flutter_image_compress at /Users/fam/.pub-cache/hosted/pub.dev/flutter_image_compress-2.4.0/
[        ] Found plugin flutter_image_compress_web at /Users/fam/.pub-cache/hosted/pub.dev/flutter_image_compress_web-0.1.5/
[        ] Found plugin flutter_image_compress_ohos at /Users/fam/.pub-cache/hosted/pub.dev/flutter_image_compress_ohos-0.0.3/
[        ] Found plugin flutter_image_compress_macos at /Users/fam/.pub-cache/hosted/pub.dev/flutter_image_compress_macos-1.0.3/
[        ] Found plugin flutter_image_compress_common at /Users/fam/.pub-cache/hosted/pub.dev/flutter_image_compress_common-1.0.6/
[   +1 ms] Found plugin file_selector at /Users/fam/.pub-cache/hosted/pub.dev/file_selector-1.1.0/
[        ] Found plugin file_selector_windows at /Users/fam/.pub-cache/hosted/pub.dev/file_selector_windows-0.9.3+5/
[        ] Found plugin file_selector_web at /Users/fam/.pub-cache/hosted/pub.dev/file_selector_web-0.9.4+2/
[        ] Found plugin file_selector_macos at /Users/fam/.pub-cache/hosted/pub.dev/file_selector_macos-0.9.5/
[        ] Found plugin file_selector_linux at /Users/fam/.pub-cache/hosted/pub.dev/file_selector_linux-0.9.4/
[        ] Found plugin file_selector_ios at /Users/fam/.pub-cache/hosted/pub.dev/file_selector_ios-0.5.3+5/
[        ] Found plugin file_selector_android at /Users/fam/.pub-cache/hosted/pub.dev/file_selector_android-0.5.2+4/
[   +1 ms] Found plugin device_info_plus at /Users/fam/.pub-cache/hosted/pub.dev/device_info_plus-10.1.2/
[        ] Found plugin desktop_drop at /Users/fam/.pub-cache/hosted/pub.dev/desktop_drop-0.5.0/
[        ] Found plugin connectivity_plus at /Users/fam/.pub-cache/hosted/pub.dev/connectivity_plus-7.0.0/
[   +1 ms] Found plugin camera at /Users/fam/.pub-cache/hosted/pub.dev/camera-0.11.3/
[        ] Found plugin camera_web at /Users/fam/.pub-cache/hosted/pub.dev/camera_web-0.3.5+3/
[        ] Found plugin camera_avfoundation at /Users/fam/.pub-cache/hosted/pub.dev/camera_avfoundation-0.9.22+9/
[        ] Found plugin camera_android_camerax at /Users/fam/.pub-cache/hosted/pub.dev/camera_android_camerax-0.6.27/
[        ] Found plugin battery_plus at /Users/fam/.pub-cache/hosted/pub.dev/battery_plus-7.0.0/
[        ] Found plugin app_settings at /Users/fam/.pub-cache/hosted/pub.dev/app_settings-5.2.0/
[        ] Found plugin add_2_calendar at /Users/fam/.pub-cache/hosted/pub.dev/add_2_calendar-3.0.1/
[  +25 ms] Found plugin window_manager at /Users/fam/.pub-cache/hosted/pub.dev/window_manager-0.4.3/
[        ] Found plugin screen_retriever at /Users/fam/.pub-cache/hosted/pub.dev/screen_retriever-0.2.0/
[        ] Found plugin screen_retriever_windows at /Users/fam/.pub-cache/hosted/pub.dev/screen_retriever_windows-0.2.0/
[        ] Found plugin screen_retriever_macos at /Users/fam/.pub-cache/hosted/pub.dev/screen_retriever_macos-0.2.0/
[        ] Found plugin screen_retriever_linux at /Users/fam/.pub-cache/hosted/pub.dev/screen_retriever_linux-0.2.0/
[        ] Found plugin whisper_flutter_new at /Users/fam/.pub-cache/hosted/pub.dev/whisper_flutter_new-1.0.1/
[        ] Found plugin path_provider at /Users/fam/.pub-cache/hosted/pub.dev/path_provider-2.1.5/
[        ] Found plugin path_provider_windows at /Users/fam/.pub-cache/hosted/pub.dev/path_provider_windows-2.3.0/
[        ] Found plugin path_provider_linux at /Users/fam/.pub-cache/hosted/pub.dev/path_provider_linux-2.2.1/
[        ] Found plugin path_provider_foundation at /Users/fam/.pub-cache/hosted/pub.dev/path_provider_foundation-2.6.0/
[        ] Found plugin path_provider_android at /Users/fam/.pub-cache/hosted/pub.dev/path_provider_android-2.2.22/
[        ] Found plugin url_launcher at /Users/fam/.pub-cache/hosted/pub.dev/url_launcher-6.3.2/
[        ] Found plugin url_launcher_windows at /Users/fam/.pub-cache/hosted/pub.dev/url_launcher_windows-3.1.5/
[        ] Found plugin url_launcher_web at /Users/fam/.pub-cache/hosted/pub.dev/url_launcher_web-2.4.2/
[        ] Found plugin url_launcher_macos at /Users/fam/.pub-cache/hosted/pub.dev/url_launcher_macos-3.2.5/
[        ] Found plugin url_launcher_linux at /Users/fam/.pub-cache/hosted/pub.dev/url_launcher_linux-3.2.2/
[        ] Found plugin url_launcher_ios at /Users/fam/.pub-cache/hosted/pub.dev/url_launcher_ios-6.3.6/
[        ] Found plugin url_launcher_android at /Users/fam/.pub-cache/hosted/pub.dev/url_launcher_android-6.3.28/
[   +1 ms] Found plugin share_plus at /Users/fam/.pub-cache/hosted/pub.dev/share_plus-12.0.1/
[        ] Found plugin printing at /Users/fam/.pub-cache/hosted/pub.dev/printing-5.14.2/
[   +2 ms] Found plugin permission_handler at /Users/fam/.pub-cache/hosted/pub.dev/permission_handler-12.0.1/
[        ] Found plugin permission_handler_windows at /Users/fam/.pub-cache/hosted/pub.dev/permission_handler_windows-0.2.1/
[        ] Found plugin permission_handler_html at /Users/fam/.pub-cache/hosted/pub.dev/permission_handler_html-0.1.3+5/
[        ] Found plugin permission_handler_apple at /Users/fam/.pub-cache/hosted/pub.dev/permission_handler_apple-9.4.7/
[        ] Found plugin permission_handler_android at /Users/fam/.pub-cache/hosted/pub.dev/permission_handler_android-13.0.1/
[        ] Found plugin objectbox_flutter_libs at /Users/fam/.pub-cache/hosted/pub.dev/objectbox_flutter_libs-2.5.1/
[        ] Found plugin local_auth at /Users/fam/.pub-cache/hosted/pub.dev/local_auth-3.0.0/
[        ] Found plugin local_auth_windows at /Users/fam/.pub-cache/hosted/pub.dev/local_auth_windows-2.0.1/
[        ] Found plugin local_auth_darwin at /Users/fam/.pub-cache/hosted/pub.dev/local_auth_darwin-2.0.1/
[        ] Found plugin local_auth_android at /Users/fam/.pub-cache/hosted/pub.dev/local_auth_android-2.0.4/
[        ] Found plugin flutter_plugin_android_lifecycle at /Users/fam/.pub-cache/hosted/pub.dev/flutter_plugin_android_lifecycle-2.0.33/
[        ] Found plugin home_widget at /Users/fam/.pub-cache/hosted/pub.dev/home_widget-0.7.0+1/
[        ] Found plugin flutter_windowmanager_plus at /Users/fam/.pub-cache/hosted/pub.dev/flutter_windowmanager_plus-1.0.1/
[        ] Found plugin flutter_tts at /Users/fam/.pub-cache/hosted/pub.dev/flutter_tts-4.2.5/
[        ] Found plugin flutter_tesseract_ocr at /Users/fam/.pub-cache/hosted/pub.dev/flutter_tesseract_ocr-0.4.30/
[        ] Found plugin flutter_sound at /Users/fam/.pub-cache/hosted/pub.dev/flutter_sound-9.30.0/
[        ] Found plugin flutter_sound_web at /Users/fam/.pub-cache/hosted/pub.dev/flutter_sound_web-9.30.0/
[        ] Found plugin flutter_secure_storage at /Users/fam/.pub-cache/hosted/pub.dev/flutter_secure_storage-9.2.4/
[        ] Found plugin flutter_secure_storage_windows at /Users/fam/.pub-cache/hosted/pub.dev/flutter_secure_storage_windows-3.1.2/
[        ] Found plugin flutter_secure_storage_web at /Users/fam/.pub-cache/hosted/pub.dev/flutter_secure_storage_web-1.2.1/
[        ] Found plugin flutter_secure_storage_macos at /Users/fam/.pub-cache/hosted/pub.dev/flutter_secure_storage_macos-3.1.3/
[        ] Found plugin flutter_secure_storage_linux at /Users/fam/.pub-cache/hosted/pub.dev/flutter_secure_storage_linux-1.2.3/
[        ] Found plugin flutter_local_notifications at /Users/fam/.pub-cache/hosted/pub.dev/flutter_local_notifications-19.5.0/
[        ] Found plugin flutter_local_notifications_windows at /Users/fam/.pub-cache/hosted/pub.dev/flutter_local_notifications_windows-1.0.3/
[        ] Found plugin flutter_local_notifications_linux at /Users/fam/.pub-cache/hosted/pub.dev/flutter_local_notifications_linux-6.0.0/
[        ] Found plugin flutter_image_compress at /Users/fam/.pub-cache/hosted/pub.dev/flutter_image_compress-2.4.0/
[        ] Found plugin flutter_image_compress_web at /Users/fam/.pub-cache/hosted/pub.dev/flutter_image_compress_web-0.1.5/
[        ] Found plugin flutter_image_compress_ohos at /Users/fam/.pub-cache/hosted/pub.dev/flutter_image_compress_ohos-0.0.3/
[        ] Found plugin flutter_image_compress_macos at /Users/fam/.pub-cache/hosted/pub.dev/flutter_image_compress_macos-1.0.3/
[        ] Found plugin flutter_image_compress_common at /Users/fam/.pub-cache/hosted/pub.dev/flutter_image_compress_common-1.0.6/
[        ] Found plugin file_selector at /Users/fam/.pub-cache/hosted/pub.dev/file_selector-1.1.0/
[        ] Found plugin file_selector_windows at /Users/fam/.pub-cache/hosted/pub.dev/file_selector_windows-0.9.3+5/
[        ] Found plugin file_selector_web at /Users/fam/.pub-cache/hosted/pub.dev/file_selector_web-0.9.4+2/
[        ] Found plugin file_selector_macos at /Users/fam/.pub-cache/hosted/pub.dev/file_selector_macos-0.9.5/
[        ] Found plugin file_selector_linux at /Users/fam/.pub-cache/hosted/pub.dev/file_selector_linux-0.9.4/
[        ] Found plugin file_selector_ios at /Users/fam/.pub-cache/hosted/pub.dev/file_selector_ios-0.5.3+5/
[        ] Found plugin file_selector_android at /Users/fam/.pub-cache/hosted/pub.dev/file_selector_android-0.5.2+4/
[        ] Found plugin device_info_plus at /Users/fam/.pub-cache/hosted/pub.dev/device_info_plus-10.1.2/
[        ] Found plugin desktop_drop at /Users/fam/.pub-cache/hosted/pub.dev/desktop_drop-0.5.0/
[        ] Found plugin connectivity_plus at /Users/fam/.pub-cache/hosted/pub.dev/connectivity_plus-7.0.0/
[        ] Found plugin camera at /Users/fam/.pub-cache/hosted/pub.dev/camera-0.11.3/
[        ] Found plugin camera_web at /Users/fam/.pub-cache/hosted/pub.dev/camera_web-0.3.5+3/
[        ] Found plugin camera_avfoundation at /Users/fam/.pub-cache/hosted/pub.dev/camera_avfoundation-0.9.22+9/
[        ] Found plugin camera_android_camerax at /Users/fam/.pub-cache/hosted/pub.dev/camera_android_camerax-0.6.27/
[        ] Found plugin battery_plus at /Users/fam/.pub-cache/hosted/pub.dev/battery_plus-7.0.0/
[        ] Found plugin app_settings at /Users/fam/.pub-cache/hosted/pub.dev/app_settings-5.2.0/
[        ] Found plugin add_2_calendar at /Users/fam/.pub-cache/hosted/pub.dev/add_2_calendar-3.0.1/
[   +3 ms] Generating /Users/fam/Documents/Projects/sehatlocker/android/app/src/main/java/io/flutter/plugins/GeneratedPluginRegistrant.java
[   +4 ms] Skipping generating GeneratedPluginRegistrant.java because it is up-to-date.
[   +2 ms] Skipping generating generated_plugin_registrant.h because it is up-to-date.
[        ] Skipping generating generated_plugin_registrant.cc because it is up-to-date.
[        ] Skipping generating generated_plugins.cmake because it is up-to-date.
[   +1 ms] Skipping generating GeneratedPluginRegistrant.h because it is up-to-date.
[        ] Skipping generating GeneratedPluginRegistrant.m because it is up-to-date.
[        ] Skipping generating GeneratedPluginRegistrant.swift because it is up-to-date.
[   +4 ms] executing: sysctl hw.optional.arm64
[   +2 ms] Exit code 0 from: sysctl hw.optional.arm64
[        ] hw.optional.arm64: 1
[        ] executing: /usr/bin/arch -arm64e xcrun xcodebuild -version
[  +66 ms] Exit code 0 from: /usr/bin/arch -arm64e xcrun xcodebuild -version
[        ] Xcode 26.2
           Build version 17C52
[  +44 ms] executing: /usr/bin/plutil -convert xml1 -o - /Users/fam/Documents/Projects/sehatlocker/macos/Runner/Info.plist
[   +4 ms] Exit code 0 from: /usr/bin/plutil -convert xml1 -o - /Users/fam/Documents/Projects/sehatlocker/macos/Runner/Info.plist
[        ] <?xml version="1.0" encoding="UTF-8"?>
           <!DOCTYPE plist PUBLIC "-//Apple//DTD PLIST 1.0//EN" "http://www.apple.com/DTDs/PropertyList-1.0.dtd">
           <plist version="1.0">
           <dict>
           	<key>CFBundleDevelopmentRegion</key>
           	<string>$(DEVELOPMENT_LANGUAGE)</string>
           	<key>CFBundleExecutable</key>
           	<string>$(EXECUTABLE_NAME)</string>
           	<key>CFBundleIconFile</key>
           	<string></string>
           	<key>CFBundleIdentifier</key>
           	<string>$(PRODUCT_BUNDLE_IDENTIFIER)</string>
           	<key>CFBundleInfoDictionaryVersion</key>
           	<string>6.0</string>
           	<key>CFBundleName</key>
           	<string>$(PRODUCT_NAME)</string>
           	<key>CFBundlePackageType</key>
           	<string>APPL</string>
           	<key>CFBundleShortVersionString</key>
           	<string>$(FLUTTER_BUILD_NAME)</string>
           	<key>CFBundleVersion</key>
           	<string>$(FLUTTER_BUILD_NUMBER)</string>
           	<key>LSMinimumSystemVersion</key>
           	<string>$(MACOSX_DEPLOYMENT_TARGET)</string>
           	<key>NSHumanReadableCopyright</key>
           	<string>$(PRODUCT_COPYRIGHT)</string>
           	<key>NSMainNibFile</key>
           	<string>MainMenu</string>
           	<key>NSPrincipalClass</key>
           	<string>NSApplication</string>
           </dict>
           </plist>
[  +22 ms] macos/Runner/AppDelegate.swift has been modified and cannot be automatically migrated.
           We recommend developers override applicationSupportsSecureRestorableState in AppDelegate.swift as follows:
           override func applicationSupportsSecureRestorableState(_ app: NSApplication) -> Bool {
             return true
           }

[        ] The Swift Package Manager feature is off. Skipping the migration that adds Swift Package Manager integration...
[        ] executing: [/Users/fam/Documents/Projects/sehatlocker/macos/] /usr/bin/arch -arm64e xcrun xcodebuild -list -project Runner.xcodeproj
[ +473 ms] Command line invocation:
               /Applications/Xcode.app/Contents/Developer/usr/bin/xcodebuild -list -project Runner.xcodeproj

           Information about project "Runner":
               Targets:
                   Runner
                   RunnerTests
                   Flutter Assemble

               Build Configurations:
                   Debug
                   Release
                   Profile

               If no build configuration is specified and -scheme is not passed then "Release" is used.

               Schemes:
                   Flutter Assemble
                   Runner
[        ] executing: [/Users/fam/Documents/Projects/sehatlocker/macos/] /usr/bin/arch -arm64e xcrun xcodebuild -list
[ +452 ms] Command line invocation:
               /Applications/Xcode.app/Contents/Developer/usr/bin/xcodebuild -list

           Information about project "Runner":
               Targets:
                   Runner
                   RunnerTests
                   Flutter Assemble

               Build Configurations:
                   Debug
                   Release
                   Profile

               If no build configuration is specified and -scheme is not passed then "Release" is used.

               Schemes:
                   Flutter Assemble
                   Runner
[   +1 ms] executing: [/Users/fam/Documents/Projects/sehatlocker/macos/Runner.xcodeproj/] /usr/bin/arch -arm64e xcrun xcodebuild -project /Users/fam/Documents/Projects/sehatlocker/macos/Runner.xcodeproj -scheme Runner -configuration Debug -destination generic/platform=macOS -showBuildSettings BUILD_DIR=/Users/fam/Documents/Projects/sehatlocker/build/macos
[        ] executing: [/Users/fam/Documents/Projects/sehatlocker/macos/Runner.xcodeproj/] /usr/bin/arch -arm64e xcrun xcodebuild -project /Users/fam/Documents/Projects/sehatlocker/macos/Runner.xcodeproj -scheme Runner -configuration Debug -destination generic/platform=macOS -showBuildSettings BUILD_DIR=/Users/fam/Documents/Projects/sehatlocker/build/macos
[ +582 ms] Command line invocation:
               /Applications/Xcode.app/Contents/Developer/usr/bin/xcodebuild -project /Users/fam/Documents/Projects/sehatlocker/macos/Runner.xcodeproj -scheme Runner -configuration Debug -destination generic/platform=macOS -showBuildSettings BUILD_DIR=/Users/fam/Documents/Projects/sehatlocker/build/macos

           Build settings from command line:
               BUILD_DIR = /Users/fam/Documents/Projects/sehatlocker/build/macos

           Build settings for action build and target Runner:
               ACTION = build
               AD_HOC_CODE_SIGNING_ALLOWED = YES
               AGGREGATE_TRACKED_DOMAINS = YES
               ALLOW_BUILD_REQUEST_OVERRIDES = NO
               ALLOW_TARGET_PLATFORM_SPECIALIZATION = NO
               ALTERNATE_GROUP = staff
               ALTERNATE_MODE = u+w,go-w,a+rX
               ALTERNATE_OWNER = fam
               ALTERNATIVE_DISTRIBUTION_WEB = NO
               ALWAYS_EMBED_SWIFT_STANDARD_LIBRARIES = YES
               ALWAYS_SEARCH_USER_PATHS = NO
               ALWAYS_USE_SEPARATE_HEADERMAPS = NO
               ANDROID_DEPLOYMENT_TARGET = 21.0
               APPLICATION_EXTENSION_API_ONLY = NO
               APPLY_RULES_IN_COPY_FILES = NO
               APPLY_RULES_IN_COPY_HEADERS = NO
               APP_SHORTCUTS_ENABLE_FLEXIBLE_MATCHING = YES
               ARCHS = arm64 x86_64
               ARCHS_STANDARD = arm64 x86_64
               ARCHS_STANDARD_32_64_BIT = arm64 x86_64 i386
               ARCHS_STANDARD_32_BIT = i386
               ARCHS_STANDARD_64_BIT = arm64 x86_64
               ARCHS_STANDARD_INCLUDING_64_BIT = arm64 x86_64
               ASSETCATALOG_COMPILER_APPICON_NAME = AppIcon
               ASSETCATALOG_COMPILER_GENERATE_SWIFT_ASSET_SYMBOL_EXTENSIONS = YES
               AUTOMATICALLY_MERGE_DEPENDENCIES = NO
               AUTOMATION_APPLE_EVENTS = NO
               AVAILABLE_PLATFORMS = android appletvos appletvsimulator driverkit iphoneos iphonesimulator macosx qnx watchos watchsimulator webassembly xros xrsimulator
               BUILD_ACTIVE_RESOURCES_ONLY = NO
               BUILD_COMPONENTS = headers build
               BUILD_DIR = /Users/fam/Documents/Projects/sehatlocker/build/macos
               BUILD_LIBRARY_FOR_DISTRIBUTION = NO
               BUILD_ROOT = /Users/fam/Library/Developer/Xcode/DerivedData/Runner-bnfdxbrvsuybqxbwaanwrhaqdfpa/Build/Products
               BUILD_STYLE = 
               BUILD_VARIANTS = normal
               BUILT_PRODUCTS_DIR = /Users/fam/Documents/Projects/sehatlocker/build/macos/Debug
               BUNDLE_CONTENTS_FOLDER_PATH = Contents/
               BUNDLE_CONTENTS_FOLDER_PATH_deep = Contents/
               BUNDLE_EXECUTABLE_FOLDER_NAME_deep = MacOS
               BUNDLE_EXECUTABLE_FOLDER_PATH = Contents/MacOS
               BUNDLE_EXTENSIONS_FOLDER_PATH = Contents/Extensions
               BUNDLE_FORMAT = deep
               BUNDLE_FRAMEWORKS_FOLDER_PATH = Contents/Frameworks
               BUNDLE_PLUGINS_FOLDER_PATH = Contents/PlugIns
               BUNDLE_PRIVATE_HEADERS_FOLDER_PATH = Contents/PrivateHeaders
               BUNDLE_PUBLIC_HEADERS_FOLDER_PATH = Contents/Headers
               CACHE_ROOT = /var/folders/9z/ltljzj2d0n166qgyzg33mhgc0000gp/C/com.apple.DeveloperTools/26.2-17C52/Xcode
               CCHROOT = /var/folders/9z/ltljzj2d0n166qgyzg33mhgc0000gp/C/com.apple.DeveloperTools/26.2-17C52/Xcode
               CHMOD = /bin/chmod
               CHOWN = /usr/sbin/chown
               CLANG_ANALYZER_NONNULL = YES
               CLANG_ANALYZER_NUMBER_OBJECT_CONVERSION = YES_AGGRESSIVE
               CLANG_CACHE_FINE_GRAINED_OUTPUTS = YES
               CLANG_CXX_LANGUAGE_STANDARD = gnu++14
               CLANG_CXX_LIBRARY = libc++
               CLANG_ENABLE_EXPLICIT_MODULES = YES
               CLANG_ENABLE_MODULES = YES
               CLANG_ENABLE_OBJC_ARC = YES
               CLANG_MODULES_BUILD_SESSION_FILE = /Users/fam/Library/Developer/Xcode/DerivedData/ModuleCache.noindex/Session.modulevalidation
               CLANG_UNDEFINED_BEHAVIOR_SANITIZER_NULLABILITY = YES
               CLANG_WARN_BLOCK_CAPTURE_AUTORELEASING = YES
               CLANG_WARN_BOOL_CONVERSION = YES
               CLANG_WARN_COMMA = YES
               CLANG_WARN_CONSTANT_CONVERSION = YES
               CLANG_WARN_DEPRECATED_OBJC_IMPLEMENTATIONS = YES
               CLANG_WARN_DIRECT_OBJC_ISA_USAGE = YES_ERROR
               CLANG_WARN_DOCUMENTATION_COMMENTS = YES
               CLANG_WARN_EMPTY_BODY = YES
               CLANG_WARN_ENUM_CONVERSION = YES
               CLANG_WARN_INFINITE_RECURSION = YES
               CLANG_WARN_INT_CONVERSION = YES
               CLANG_WARN_NON_LITERAL_NULL_CONVERSION = YES
               CLANG_WARN_OBJC_IMPLICIT_RETAIN_SELF = YES
               CLANG_WARN_OBJC_LITERAL_CONVERSION = YES
               CLANG_WARN_OBJC_REPEATED_USE_OF_WEAK = YES
               CLANG_WARN_OBJC_ROOT_CLASS = YES_ERROR
               CLANG_WARN_PRAGMA_PACK = YES
               CLANG_WARN_QUOTED_INCLUDE_IN_FRAMEWORK_HEADER = NO
               CLANG_WARN_RANGE_LOOP_ANALYSIS = YES
               CLANG_WARN_STRICT_PROTOTYPES = YES
               CLANG_WARN_SUSPICIOUS_MOVE = YES
               CLANG_WARN_UNGUARDED_AVAILABILITY = YES_AGGRESSIVE
               CLANG_WARN_UNREACHABLE_CODE = YES
               CLANG_WARN__DUPLICATE_METHOD_MATCH = YES
               CLASS_FILE_DIR = /Users/fam/Library/Developer/Xcode/DerivedData/Runner-bnfdxbrvsuybqxbwaanwrhaqdfpa/Build/Intermediates.noindex/Runner.build/Debug/Runner.build/JavaClasses
               CLEAN_PRECOMPS = YES
               CLONE_HEADERS = NO
               COCOAPODS_PARALLEL_CODE_SIGN = true
               CODESIGNING_FOLDER_PATH = /Users/fam/Documents/Projects/sehatlocker/build/macos/Debug/sehatlocker.app
               CODE_SIGNING_ALLOWED = YES
               CODE_SIGNING_REQUIRED = YES
               CODE_SIGN_ENTITLEMENTS = Runner/DebugProfile.entitlements
               CODE_SIGN_IDENTITY = -
               CODE_SIGN_IDENTITY_NO = Apple Development
               CODE_SIGN_IDENTITY_YES = -
               CODE_SIGN_INJECT_BASE_ENTITLEMENTS = YES
               CODE_SIGN_STYLE = Automatic
               COLOR_DIAGNOSTICS = NO
               COMBINE_HIDPI_IMAGES = YES
               COMPILATION_CACHE_CAS_PATH = /Users/fam/Library/Developer/Xcode/DerivedData/CompilationCache.noindex
               COMPILATION_CACHE_KEEP_CAS_DIRECTORY = YES
               COMPILER_INDEX_STORE_ENABLE = Default
               COMPOSITE_SDK_DIRS = /Users/fam/Library/Developer/Xcode/DerivedData/Runner-bnfdxbrvsuybqxbwaanwrhaqdfpa/Build/Intermediates.noindex/CompositeSDKs
               COMPRESS_PNG_FILES = NO
               CONFIGURATION = Debug
               CONFIGURATION_BUILD_DIR = /Users/fam/Documents/Projects/sehatlocker/build/macos/Debug
               CONFIGURATION_TEMP_DIR = /Users/fam/Library/Developer/Xcode/DerivedData/Runner-bnfdxbrvsuybqxbwaanwrhaqdfpa/Build/Intermediates.noindex/Runner.build/Debug
               CONTENTS_FOLDER_PATH = sehatlocker.app/Contents
               CONTENTS_FOLDER_PATH_SHALLOW_BUNDLE_NO = sehatlocker.app/Contents
               CONTENTS_FOLDER_PATH_SHALLOW_BUNDLE_YES = sehatlocker.app
               COPYING_PRESERVES_HFS_DATA = NO
               COPY_HEADERS_RUN_UNIFDEF = NO
               COPY_PHASE_STRIP = NO
               CP = /bin/cp
               CREATE_INFOPLIST_SECTION_IN_BINARY = NO
               CURRENT_ARCH = undefined_arch
               CURRENT_VARIANT = normal
               DART_DEFINES = RkxVVFRFUl9WRVJTSU9OPTMuMzguNQ==,RkxVVFRFUl9DSEFOTkVMPXN0YWJsZQ==,RkxVVFRFUl9HSVRfVVJMPWh0dHBzOi8vZ2l0aHViLmNvbS9mbHV0dGVyL2ZsdXR0ZXIuZ2l0,RkxVVFRFUl9GUkFNRVdPUktfUkVWSVNJT049ZjZmZjE1MjlmZA==,RkxVVFRFUl9FTkdJTkVfUkVWSVNJT049MTUyN2FlMGVjNQ==,RkxVVFRFUl9EQVJUX1ZFUlNJT049My4xMC40
               DART_OBFUSCATION = false
               DEAD_CODE_STRIPPING = YES
               DEBUGGING_SYMBOLS = YES
               DEBUG_INFORMATION_FORMAT = dwarf
               DEBUG_INFORMATION_VERSION = compiler-default
               DEFAULT_COMPILER = com.apple.compilers.llvm.clang.1_0
               DEFAULT_DEXT_INSTALL_PATH = /System/Library/DriverExtensions
               DEFAULT_KEXT_INSTALL_PATH = /System/Library/Extensions
               DEFINES_MODULE = NO
               DEPLOYMENT_LOCATION = NO
               DEPLOYMENT_POSTPROCESSING = NO
               DEPLOYMENT_TARGET_SETTING_NAME = MACOSX_DEPLOYMENT_TARGET
               DEPLOYMENT_TARGET_SUGGESTED_VALUES = 10.13 10.14 10.15 11.0 11.1 11.2 11.3 11.4 11.5 12.0 12.2 12.3 12.4 13.0 13.1 13.2 13.3 13.4 13.5 14.0 14.1 14.2 14.3 14.4 14.5 14.6 15.0 15.1 15.2 15.3 15.4 15.5 15.6 26.0 26.1 26.2
               DERIVED_FILES_DIR = /Users/fam/Library/Developer/Xcode/DerivedData/Runner-bnfdxbrvsuybqxbwaanwrhaqdfpa/Build/Intermediates.noindex/Runner.build/Debug/Runner.build/DerivedSources
               DERIVED_FILE_DIR = /Users/fam/Library/Developer/Xcode/DerivedData/Runner-bnfdxbrvsuybqxbwaanwrhaqdfpa/Build/Intermediates.noindex/Runner.build/Debug/Runner.build/DerivedSources
               DERIVED_SOURCES_DIR = /Users/fam/Library/Developer/Xcode/DerivedData/Runner-bnfdxbrvsuybqxbwaanwrhaqdfpa/Build/Intermediates.noindex/Runner.build/Debug/Runner.build/DerivedSources
               DEVELOPER_APPLICATIONS_DIR = /Applications/Xcode.app/Contents/Developer/Applications
               DEVELOPER_BIN_DIR = /Applications/Xcode.app/Contents/Developer/usr/bin
               DEVELOPER_DIR = /Applications/Xcode.app/Contents/Developer
               DEVELOPER_FRAMEWORKS_DIR = /Applications/Xcode.app/Contents/Developer/Library/Frameworks
               DEVELOPER_FRAMEWORKS_DIR_QUOTED = /Applications/Xcode.app/Contents/Developer/Library/Frameworks
               DEVELOPER_LIBRARY_DIR = /Applications/Xcode.app/Contents/Developer/Library
               DEVELOPER_SDK_DIR = /Applications/Xcode.app/Contents/Developer/Platforms/MacOSX.platform/Developer/SDKs
               DEVELOPER_TOOLS_DIR = /Applications/Xcode.app/Contents/Developer/Tools
               DEVELOPER_USR_DIR = /Applications/Xcode.app/Contents/Developer/usr
               DEVELOPMENT_LANGUAGE = en
               DIAGNOSE_MISSING_TARGET_DEPENDENCIES = YES
               DIFF = /usr/bin/diff
               DOCUMENTATION_FOLDER_PATH = sehatlocker.app/Contents/Resources/en.lproj/Documentation
               DONT_GENERATE_INFOPLIST_FILE = NO
               DRIVERKIT_DEPLOYMENT_TARGET = 25.2
               DSTROOT = /tmp/Runner.dst
               DT_TOOLCHAIN_DIR = /Applications/Xcode.app/Contents/Developer/Toolchains/XcodeDefault.xctoolchain
               DWARF_DSYM_FILE_NAME = sehatlocker.app.dSYM
               DWARF_DSYM_FILE_SHOULD_ACCOMPANY_PRODUCT = NO
               DWARF_DSYM_FOLDER_PATH = /Users/fam/Documents/Projects/sehatlocker/build/macos/Debug
               DYNAMIC_LIBRARY_EXTENSION = dylib
               EAGER_COMPILATION_ALLOW_SCRIPTS = NO
               EAGER_LINKING = NO
               EMBEDDED_CONTENT_CONTAINS_SWIFT = NO
               EMBEDDED_PROFILE_NAME = embedded.provisionprofile
               EMBED_ASSET_PACKS_IN_PRODUCT_BUNDLE = NO
               ENABLE_APP_SANDBOX = NO
               ENABLE_CODE_COVERAGE = YES
               ENABLE_CPLUSPLUS_BOUNDS_SAFE_BUFFERS = NO
               ENABLE_C_BOUNDS_SAFETY = NO
               ENABLE_DEBUG_DYLIB = YES
               ENABLE_DEFAULT_HEADER_SEARCH_PATHS = YES
               ENABLE_DEFAULT_SEARCH_PATHS = YES
               ENABLE_ENHANCED_SECURITY = NO
               ENABLE_HARDENED_RUNTIME = NO
               ENABLE_HEADER_DEPENDENCIES = YES
               ENABLE_INCOMING_NETWORK_CONNECTIONS = NO
               ENABLE_ON_DEMAND_RESOURCES = NO
               ENABLE_OUTGOING_NETWORK_CONNECTIONS = NO
               ENABLE_POINTER_AUTHENTICATION = NO
               ENABLE_RESOURCE_ACCESS_AUDIO_INPUT = NO
               ENABLE_RESOURCE_ACCESS_BLUETOOTH = NO
               ENABLE_RESOURCE_ACCESS_CALENDARS = NO
               ENABLE_RESOURCE_ACCESS_CAMERA = NO
               ENABLE_RESOURCE_ACCESS_CONTACTS = NO
               ENABLE_RESOURCE_ACCESS_LOCATION = NO
               ENABLE_RESOURCE_ACCESS_PHOTO_LIBRARY = NO
               ENABLE_RESOURCE_ACCESS_PRINTING = NO
               ENABLE_RESOURCE_ACCESS_USB = NO
               ENABLE_SDK_IMPORTS = NO
               ENABLE_SECURITY_COMPILER_WARNINGS = NO
               ENABLE_STRICT_OBJC_MSGSEND = YES
               ENABLE_TESTABILITY = YES
               ENABLE_TESTING_SEARCH_PATHS = NO
               ENABLE_USER_SCRIPT_SANDBOXING = NO
               ENFORCE_VALID_ARCHS = YES
               ENTITLEMENTS_ALLOWED = YES
               ENTITLEMENTS_DESTINATION = Signature
               ENTITLEMENTS_REQUIRED = NO
               EXCLUDED_INSTALLSRC_SUBDIRECTORY_PATTERNS = .DS_Store .svn .git .hg CVS
               EXCLUDED_RECURSIVE_SEARCH_PATH_SUBDIRECTORIES = *.nib *.lproj *.framework *.gch *.xcode* *.xcassets *.icon (*) .DS_Store CVS .svn .git .hg *.pbproj *.pbxproj
               EXECUTABLES_FOLDER_PATH = sehatlocker.app/Contents/Executables
               EXECUTABLE_FOLDER_PATH = sehatlocker.app/Contents/MacOS
               EXECUTABLE_FOLDER_PATH_SHALLOW_BUNDLE_NO = sehatlocker.app/Contents/MacOS
               EXECUTABLE_FOLDER_PATH_SHALLOW_BUNDLE_YES = sehatlocker.app/Contents
               EXECUTABLE_NAME = sehatlocker
               EXECUTABLE_PATH = sehatlocker.app/Contents/MacOS/sehatlocker
               EXTENSIONS_FOLDER_PATH = sehatlocker.app/Contents/Extensions
               FILE_LIST = /Users/fam/Library/Developer/Xcode/DerivedData/Runner-bnfdxbrvsuybqxbwaanwrhaqdfpa/Build/Intermediates.noindex/Runner.build/Debug/Runner.build/Objects/LinkFileList
               FIXED_FILES_DIR = /Users/fam/Library/Developer/Xcode/DerivedData/Runner-bnfdxbrvsuybqxbwaanwrhaqdfpa/Build/Intermediates.noindex/Runner.build/Debug/Runner.build/FixedFiles
               FLUTTER_APPLICATION_PATH = /Users/fam/Documents/Projects/sehatlocker
               FLUTTER_BUILD_DIR = build
               FLUTTER_BUILD_NAME = 1.0.0
               FLUTTER_BUILD_NUMBER = 1
               FLUTTER_ROOT = /opt/homebrew/share/flutter
               FLUTTER_TARGET = lib/main.dart
               FRAMEWORKS_FOLDER_PATH = sehatlocker.app/Contents/Frameworks
               FRAMEWORK_FLAG_PREFIX = -framework
               FRAMEWORK_SEARCH_PATHS = /Users/fam/Documents/Projects/sehatlocker/build/macos/Debug  "/Users/fam/Documents/Projects/sehatlocker/build/macos/Debug/app_settings" "/Users/fam/Documents/Projects/sehatlocker/build/macos/Debug/battery_plus" "/Users/fam/Documents/Projects/sehatlocker/build/macos/Debug/connectivity_plus" "/Users/fam/Documents/Projects/sehatlocker/build/macos/Debug/desktop_drop" "/Users/fam/Documents/Projects/sehatlocker/build/macos/Debug/device_info_plus" "/Users/fam/Documents/Projects/sehatlocker/build/macos/Debug/file_selector_macos" "/Users/fam/Documents/Projects/sehatlocker/build/macos/Debug/flutter_image_compress_macos" "/Users/fam/Documents/Projects/sehatlocker/build/macos/Debug/flutter_local_notifications" "/Users/fam/Documents/Projects/sehatlocker/build/macos/Debug/flutter_secure_storage_macos" "/Users/fam/Documents/Projects/sehatlocker/build/macos/Debug/flutter_sound" "/Users/fam/Documents/Projects/sehatlocker/build/macos/Debug/flutter_tts" "/Users/fam/Documents/Projects/sehatlocker/build/macos/Debug/local_auth_darwin" "/Users/fam/Documents/Projects/sehatlocker/build/macos/Debug/objectbox_flutter_libs" "/Users/fam/Documents/Projects/sehatlocker/build/macos/Debug/printing" "/Users/fam/Documents/Projects/sehatlocker/build/macos/Debug/screen_retriever_macos" "/Users/fam/Documents/Projects/sehatlocker/build/macos/Debug/share_plus" "/Users/fam/Documents/Projects/sehatlocker/build/macos/Debug/url_launcher_macos" "/Users/fam/Documents/Projects/sehatlocker/build/macos/Debug/whisper_flutter_new" "/Users/fam/Documents/Projects/sehatlocker/build/macos/Debug/window_manager" "/Users/fam/Documents/Projects/sehatlocker/macos/Pods/ObjectBox" "/Users/fam/Documents/Projects/sehatlocker/build/macos/Debug/XCFrameworkIntermediates/ObjectBox"
               FRAMEWORK_VERSION = A
               FULL_PRODUCT_NAME = sehatlocker.app
               FUSE_BUILD_PHASES = YES
               FUSE_BUILD_SCRIPT_PHASES = NO
               GCC3_VERSION = 3.3
               GCC_C_LANGUAGE_STANDARD = gnu11
               GCC_DYNAMIC_NO_PIC = NO
               GCC_INLINES_ARE_PRIVATE_EXTERN = YES
               GCC_NO_COMMON_BLOCKS = YES
               GCC_OPTIMIZATION_LEVEL = 0
               GCC_PFE_FILE_C_DIALECTS = c objective-c c++ objective-c++
               GCC_PREPROCESSOR_DEFINITIONS = DEBUG=1  COCOAPODS=1
               GCC_SYMBOLS_PRIVATE_EXTERN = NO
               GCC_TREAT_WARNINGS_AS_ERRORS = NO
               GCC_VERSION = com.apple.compilers.llvm.clang.1_0
               GCC_VERSION_IDENTIFIER = com_apple_compilers_llvm_clang_1_0
               GCC_WARN_64_TO_32_BIT_CONVERSION = YES
               GCC_WARN_ABOUT_RETURN_TYPE = YES_ERROR
               GCC_WARN_SHADOW = YES
               GCC_WARN_STRICT_SELECTOR_MATCH = YES
               GCC_WARN_UNDECLARED_SELECTOR = YES
               GCC_WARN_UNINITIALIZED_AUTOS = YES_AGGRESSIVE
               GCC_WARN_UNUSED_FUNCTION = YES
               GCC_WARN_UNUSED_VARIABLE = YES
               GENERATED_MODULEMAP_DIR = /Users/fam/Library/Developer/Xcode/DerivedData/Runner-bnfdxbrvsuybqxbwaanwrhaqdfpa/Build/Intermediates.noindex/GeneratedModuleMaps
               GENERATE_INFOPLIST_FILE = NO
               GENERATE_INTERMEDIATE_TEXT_BASED_STUBS = YES
               GENERATE_PKGINFO_FILE = YES
               GENERATE_PRELINK_OBJECT_FILE = NO
               GENERATE_PROFILING_CODE = NO
               GENERATE_TEXT_BASED_STUBS = NO
               GID = 20
               GROUP = staff
               HEADERMAP_INCLUDES_FLAT_ENTRIES_FOR_TARGET_BEING_BUILT = YES
               HEADERMAP_INCLUDES_FRAMEWORK_ENTRIES_FOR_ALL_PRODUCT_TYPES = YES
               HEADERMAP_INCLUDES_FRAMEWORK_ENTRIES_FOR_TARGETS_NOT_BEING_BUILT = YES
               HEADERMAP_INCLUDES_NONPUBLIC_NONPRIVATE_HEADERS = YES
               HEADERMAP_INCLUDES_PROJECT_HEADERS = YES
               HEADERMAP_USES_FRAMEWORK_PREFIX_ENTRIES = YES
               HEADERMAP_USES_VFS = NO
               HEADER_SEARCH_PATHS = /Users/fam/Documents/Projects/sehatlocker/build/macos/Debug/include  "/Users/fam/Documents/Projects/sehatlocker/build/macos/Debug/app_settings/app_settings.framework/Headers" "/Users/fam/Documents/Projects/sehatlocker/build/macos/Debug/battery_plus/battery_plus.framework/Headers" "/Users/fam/Documents/Projects/sehatlocker/build/macos/Debug/connectivity_plus/connectivity_plus.framework/Headers" "/Users/fam/Documents/Projects/sehatlocker/build/macos/Debug/desktop_drop/desktop_drop.framework/Headers" "/Users/fam/Documents/Projects/sehatlocker/build/macos/Debug/device_info_plus/device_info_plus.framework/Headers" "/Users/fam/Documents/Projects/sehatlocker/build/macos/Debug/file_selector_macos/file_selector_macos.framework/Headers" "/Users/fam/Documents/Projects/sehatlocker/build/macos/Debug/flutter_image_compress_macos/flutter_image_compress_macos.framework/Headers" "/Users/fam/Documents/Projects/sehatlocker/build/macos/Debug/flutter_local_notifications/flutter_local_notifications.framework/Headers" "/Users/fam/Documents/Projects/sehatlocker/build/macos/Debug/flutter_secure_storage_macos/flutter_secure_storage_macos.framework/Headers" "/Users/fam/Documents/Projects/sehatlocker/build/macos/Debug/flutter_sound/flutter_sound.framework/Headers" "/Users/fam/Documents/Projects/sehatlocker/build/macos/Debug/flutter_tts/flutter_tts.framework/Headers" "/Users/fam/Documents/Projects/sehatlocker/build/macos/Debug/local_auth_darwin/local_auth_darwin.framework/Headers" "/Users/fam/Documents/Projects/sehatlocker/build/macos/Debug/objectbox_flutter_libs/objectbox_flutter_libs.framework/Headers" "/Users/fam/Documents/Projects/sehatlocker/build/macos/Debug/printing/printing.framework/Headers" "/Users/fam/Documents/Projects/sehatlocker/build/macos/Debug/screen_retriever_macos/screen_retriever_macos.framework/Headers" "/Users/fam/Documents/Projects/sehatlocker/build/macos/Debug/share_plus/share_plus.framework/Headers" "/Users/fam/Documents/Projects/sehatlocker/build/macos/Debug/url_launcher_macos/url_launcher_macos.framework/Headers" "/Users/fam/Documents/Projects/sehatlocker/build/macos/Debug/whisper_flutter_new/whisper_flutter_new.framework/Headers" "/Users/fam/Documents/Projects/sehatlocker/build/macos/Debug/window_manager/window_manager.framework/Headers"
               HOME = /Users/fam
               HOST_ARCH = arm64
               HOST_PLATFORM = macosx
               ICONV = /usr/bin/iconv
               IMPLICIT_DEPENDENCY_DOMAIN = default
               INFOPLIST_ENABLE_CFBUNDLEICONS_MERGE = YES
               INFOPLIST_EXPAND_BUILD_SETTINGS = YES
               INFOPLIST_FILE = Runner/Info.plist
               INFOPLIST_OUTPUT_FORMAT = same-as-input
               INFOPLIST_PATH = sehatlocker.app/Contents/Info.plist
               INFOPLIST_PREPROCESS = NO
               INFOSTRINGS_PATH = sehatlocker.app/Contents/Resources/en.lproj/InfoPlist.strings
               INLINE_PRIVATE_FRAMEWORKS = NO
               INSTALLAPI_IGNORE_SKIP_INSTALL = YES
               INSTALLHDRS_COPY_PHASE = NO
               INSTALLHDRS_SCRIPT_PHASE = NO
               INSTALL_DIR = /tmp/Runner.dst/Applications
               INSTALL_GROUP = staff
               INSTALL_MODE_FLAG = u+w,go-w,a+rX
               INSTALL_OWNER = fam
               INSTALL_PATH = /Applications
               INSTALL_ROOT = /tmp/Runner.dst
               IOS_UNZIPPERED_TWIN_PREFIX_PATH = /System/iOSSupport
               IPHONEOS_DEPLOYMENT_TARGET = 26.2
               IS_MACCATALYST = NO
               IS_UNOPTIMIZED_BUILD = YES
               JAVAC_DEFAULT_FLAGS = -J-Xms64m -J-XX:NewSize=4M -J-Dfile.encoding=UTF8
               JAVA_APP_STUB = /System/Library/Frameworks/JavaVM.framework/Resources/MacOS/JavaApplicationStub
               JAVA_ARCHIVE_CLASSES = YES
               JAVA_ARCHIVE_TYPE = JAR
               JAVA_COMPILER = /usr/bin/javac
               JAVA_FOLDER_PATH = sehatlocker.app/Contents/Resources/Java
               JAVA_FRAMEWORK_RESOURCES_DIRS = Resources
               JAVA_JAR_FLAGS = cv
               JAVA_SOURCE_SUBDIR = .
               JAVA_USE_DEPENDENCIES = YES
               JAVA_ZIP_FLAGS = -urg
               JIKES_DEFAULT_FLAGS = +E +OLDCSO
               KASAN_CFLAGS_CLASSIC = -DKASAN=1 -DKASAN_CLASSIC=1 -fsanitize=address -mllvm -asan-globals-live-support -mllvm -asan-force-dynamic-shadow
               KASAN_CFLAGS_TBI = -DKASAN=1 -DKASAN_TBI=1 -fsanitize=kernel-hwaddress -mllvm -hwasan-recover=0 -mllvm -hwasan-instrument-atomics=0 -mllvm -hwasan-instrument-stack=1 -mllvm -hwasan-generate-tags-with-calls=1 -mllvm -hwasan-instrument-with-calls=1 -mllvm -hwasan-use-short-granules=0 -mllvm -hwasan-memory-access-callback-prefix=__asan_
               KASAN_DEFAULT_CFLAGS = -DKASAN=1 -DKASAN_CLASSIC=1 -fsanitize=address -mllvm -asan-globals-live-support -mllvm -asan-force-dynamic-shadow
               KEEP_PRIVATE_EXTERNS = NO
               LD_DEPENDENCY_INFO_FILE = /Users/fam/Library/Developer/Xcode/DerivedData/Runner-bnfdxbrvsuybqxbwaanwrhaqdfpa/Build/Intermediates.noindex/Runner.build/Debug/Runner.build/Objects-normal/undefined_arch/sehatlocker_dependency_info.dat
               LD_EXPORT_SYMBOLS = YES
               LD_GENERATE_MAP_FILE = NO
               LD_MAP_FILE_PATH = /Users/fam/Library/Developer/Xcode/DerivedData/Runner-bnfdxbrvsuybqxbwaanwrhaqdfpa/Build/Intermediates.noindex/Runner.build/Debug/Runner.build/sehatlocker-LinkMap-normal-undefined_arch.txt
               LD_NO_PIE = NO
               LD_QUOTE_LINKER_ARGUMENTS_FOR_COMPILER_DRIVER = YES
               LD_RUNPATH_SEARCH_PATHS =  /usr/lib/swift '@executable_path/../Frameworks' '@loader_path/Frameworks' "/Applications/Xcode.app/Contents/Developer/Toolchains/XcodeDefault.xctoolchain/usr/lib/swift/macosx" @executable_path/../Frameworks
               LD_RUNPATH_SEARCH_PATHS_YES = @loader_path/../Frameworks
               LD_SHARED_CACHE_ELIGIBLE = Automatic
               LD_WARN_DUPLICATE_LIBRARIES = NO
               LD_WARN_UNUSED_DYLIBS = NO
               LEGACY_DEVELOPER_DIR = /Applications/Xcode.app/Contents/PlugIns/Xcode3Core.ideplugin/Contents/SharedSupport/Developer
               LEX = lex
               LIBRARY_DEXT_INSTALL_PATH = /Library/DriverExtensions
               LIBRARY_FLAG_NOSPACE = YES
               LIBRARY_FLAG_PREFIX = -l
               LIBRARY_KEXT_INSTALL_PATH = /Library/Extensions
               LIBRARY_SEARCH_PATHS = /Users/fam/Documents/Projects/sehatlocker/build/macos/Debug /Applications/Xcode.app/Contents/Developer/Toolchains/XcodeDefault.xctoolchain/usr/lib/swift/macosx /Applications/Xcode.app/Contents/Developer/Platforms/MacOSX.platform/Developer/SDKs/MacOSX26.2.sdk/usr/lib/swift /Applications/Xcode.app/Contents/Developer/Toolchains/XcodeDefault.xctoolchain/usr/lib/swift/macosx /Applications/Xcode.app/Contents/Developer/Platforms/MacOSX.platform/Developer/SDKs/MacOSX26.2.sdk/usr/lib/swift
               LINKER_DISPLAYS_MANGLED_NAMES = NO
               LINK_FILE_LIST_normal_arm64 = /Users/fam/Library/Developer/Xcode/DerivedData/Runner-bnfdxbrvsuybqxbwaanwrhaqdfpa/Build/Intermediates.noindex/Runner.build/Debug/Runner.build/Objects-normal/arm64/sehatlocker.LinkFileList
               LINK_FILE_LIST_normal_x86_64 = /Users/fam/Library/Developer/Xcode/DerivedData/Runner-bnfdxbrvsuybqxbwaanwrhaqdfpa/Build/Intermediates.noindex/Runner.build/Debug/Runner.build/Objects-normal/x86_64/sehatlocker.LinkFileList
               LINK_OBJC_RUNTIME = YES
               LINK_WITH_STANDARD_LIBRARIES = YES
               LLVM_TARGET_TRIPLE_OS_VERSION = macos10.15
               LLVM_TARGET_TRIPLE_OS_VERSION_NO = macos10.15
               LLVM_TARGET_TRIPLE_OS_VERSION_YES = macos26.2
               LLVM_TARGET_TRIPLE_VENDOR = apple
               LM_AUX_CONST_METADATA_LIST_PATH_normal_arm64 = /Users/fam/Library/Developer/Xcode/DerivedData/Runner-bnfdxbrvsuybqxbwaanwrhaqdfpa/Build/Intermediates.noindex/Runner.build/Debug/Runner.build/Objects-normal/arm64/sehatlocker.SwiftConstValuesFileList
               LM_AUX_CONST_METADATA_LIST_PATH_normal_x86_64 = /Users/fam/Library/Developer/Xcode/DerivedData/Runner-bnfdxbrvsuybqxbwaanwrhaqdfpa/Build/Intermediates.noindex/Runner.build/Debug/Runner.build/Objects-normal/x86_64/sehatlocker.SwiftConstValuesFileList
               LOCALIZATION_EXPORT_SUPPORTED = YES
               LOCALIZATION_PREFERS_STRING_CATALOGS = NO
               LOCALIZED_RESOURCES_FOLDER_PATH = sehatlocker.app/Contents/Resources/en.lproj
               LOCALIZED_STRING_MACRO_NAMES = NSLocalizedString CFCopyLocalizedString
               LOCALIZED_STRING_SWIFTUI_SUPPORT = YES
               LOCAL_ADMIN_APPS_DIR = /Applications/Utilities
               LOCAL_APPS_DIR = /Applications
               LOCAL_DEVELOPER_DIR = /Library/Developer
               LOCAL_LIBRARY_DIR = /Library
               LOCROOT = /Users/fam/Documents/Projects/sehatlocker/macos
               LOCSYMROOT = /Users/fam/Documents/Projects/sehatlocker/macos
               MACH_O_TYPE = mh_execute
               MACOSX_DEPLOYMENT_TARGET = 10.15
               MAC_OS_X_PRODUCT_BUILD_VERSION = 25C56
               MAC_OS_X_VERSION_ACTUAL = 260200
               MAC_OS_X_VERSION_MAJOR = 260000
               MAC_OS_X_VERSION_MINOR = 260200
               MAKE_MERGEABLE = NO
               MERGEABLE_LIBRARY = NO
               MERGED_BINARY_TYPE = none
               MERGE_LINKED_LIBRARIES = NO
               METAL_LIBRARY_FILE_BASE = default
               METAL_LIBRARY_OUTPUT_DIR = /Users/fam/Documents/Projects/sehatlocker/build/macos/Debug/sehatlocker.app/Contents/Resources
               MODULES_FOLDER_PATH = sehatlocker.app/Contents/Modules
               MODULE_CACHE_DIR = /Users/fam/Library/Developer/Xcode/DerivedData/ModuleCache.noindex
               MTL_ENABLE_DEBUG_INFO = YES
               NATIVE_ARCH = arm64
               NATIVE_ARCH_32_BIT = arm
               NATIVE_ARCH_64_BIT = arm64
               NATIVE_ARCH_ACTUAL = arm64
               NO_COMMON = YES
               OBJECT_FILE_DIR = /Users/fam/Library/Developer/Xcode/DerivedData/Runner-bnfdxbrvsuybqxbwaanwrhaqdfpa/Build/Intermediates.noindex/Runner.build/Debug/Runner.build/Objects
               OBJECT_FILE_DIR_normal = /Users/fam/Library/Developer/Xcode/DerivedData/Runner-bnfdxbrvsuybqxbwaanwrhaqdfpa/Build/Intermediates.noindex/Runner.build/Debug/Runner.build/Objects-normal
               OBJROOT = /Users/fam/Library/Developer/Xcode/DerivedData/Runner-bnfdxbrvsuybqxbwaanwrhaqdfpa/Build/Intermediates.noindex
               ONLY_ACTIVE_ARCH = NO
               OS = MACOS
               OSAC = /usr/bin/osacompile
               OTHER_LDFLAGS =  -l"c++" -framework "ObjectBox" -framework "app_settings" -framework "battery_plus" -framework "connectivity_plus" -framework "desktop_drop" -framework "device_info_plus" -framework "file_selector_macos" -framework "flutter_image_compress_macos" -framework "flutter_local_notifications" -framework "flutter_secure_storage_macos" -framework "flutter_sound" -framework "flutter_tts" -framework "local_auth_darwin" -framework "objectbox_flutter_libs" -framework "printing" -framework "screen_retriever_macos" -framework "share_plus" -framework "url_launcher_macos" -framework "whisper_flutter_new" -framework "window_manager"
               OTHER_MODULE_VERIFIER_FLAGS =  "-F/Users/fam/Documents/Projects/sehatlocker/build/macos/Debug/FlutterMacOS" "-F/Users/fam/Documents/Projects/sehatlocker/build/macos/Debug/ObjectBox" "-F/Users/fam/Documents/Projects/sehatlocker/build/macos/Debug/app_settings" "-F/Users/fam/Documents/Projects/sehatlocker/build/macos/Debug/battery_plus" "-F/Users/fam/Documents/Projects/sehatlocker/build/macos/Debug/connectivity_plus" "-F/Users/fam/Documents/Projects/sehatlocker/build/macos/Debug/desktop_drop" "-F/Users/fam/Documents/Projects/sehatlocker/build/macos/Debug/device_info_plus" "-F/Users/fam/Documents/Projects/sehatlocker/build/macos/Debug/file_selector_macos" "-F/Users/fam/Documents/Projects/sehatlocker/build/macos/Debug/flutter_image_compress_macos" "-F/Users/fam/Documents/Projects/sehatlocker/build/macos/Debug/flutter_local_notifications" "-F/Users/fam/Documents/Projects/sehatlocker/build/macos/Debug/flutter_secure_storage_macos" "-F/Users/fam/Documents/Projects/sehatlocker/build/macos/Debug/flutter_sound" "-F/Users/fam/Documents/Projects/sehatlocker/build/macos/Debug/flutter_tts" "-F/Users/fam/Documents/Projects/sehatlocker/build/macos/Debug/local_auth_darwin" "-F/Users/fam/Documents/Projects/sehatlocker/build/macos/Debug/objectbox_flutter_libs" "-F/Users/fam/Documents/Projects/sehatlocker/build/macos/Debug/printing" "-F/Users/fam/Documents/Projects/sehatlocker/build/macos/Debug/screen_retriever_macos" "-F/Users/fam/Documents/Projects/sehatlocker/build/macos/Debug/share_plus" "-F/Users/fam/Documents/Projects/sehatlocker/build/macos/Debug/url_launcher_macos" "-F/Users/fam/Documents/Projects/sehatlocker/build/macos/Debug/whisper_flutter_new" "-F/Users/fam/Documents/Projects/sehatlocker/build/macos/Debug/window_manager"
               OTHER_SWIFT_FLAGS =  -D COCOAPODS
               PACKAGE_CONFIG = /Users/fam/Documents/Projects/sehatlocker/.dart_tool/package_config.json
               PACKAGE_TYPE = com.apple.package-type.wrapper.application
               PASCAL_STRINGS = YES
               PATH = /Applications/Xcode.app/Contents/SharedFrameworks/SwiftBuild.framework/Versions/A/PlugIns/SWBBuildService.bundle/Contents/PlugIns/SWBUniversalPlatformPlugin.bundle/Contents/Frameworks/SWBUniversalPlatform.framework/Resources:/Applications/Xcode.app/Contents/Developer/Toolchains/XcodeDefault.xctoolchain/usr/bin:/Applications/Xcode.app/Contents/Developer/Toolchains/XcodeDefault.xctoolchain/usr/local/bin:/Applications/Xcode.app/Contents/Developer/Toolchains/XcodeDefault.xctoolchain/usr/libexec:/Applications/Xcode.app/Contents/Developer/Platforms/MacOSX.platform/usr/bin:/Applications/Xcode.app/Contents/Developer/Platforms/MacOSX.platform/usr/local/bin:/Applications/Xcode.app/Contents/Developer/Platforms/MacOSX.platform/Developer/usr/bin:/Applications/Xcode.app/Contents/Developer/Platforms/MacOSX.platform/Developer/usr/local/bin:/Applications/Xcode.app/Contents/Developer/usr/bin:/Applications/Xcode.app/Contents/Developer/usr/local/bin:/opt/homebrew/bin:/opt/homebrew/sbin:/usr/local/bin:/System/Cryptexes/App/usr/bin:/usr/bin:/bin:/usr/sbin:/sbin:/var/run/com.apple.security.cryptexd/codex.system/bootstrap/usr/local/bin:/var/run/com.apple.security.cryptexd/codex.system/bootstrap/usr/bin:/var/run/com.apple.security.cryptexd/codex.system/bootstrap/usr/appleinternal/bin:/opt/pmk/env/global/bin:/Library/Apple/usr/bin:/Users/fam/.antigravity/extensions/vscjava.vscode-java-debug-0.58.5-universal/bundled/scripts/noConfigScripts
               PATH_PREFIXES_EXCLUDED_FROM_HEADER_DEPENDENCIES = /usr/include /usr/local/include /System/Library/Frameworks /System/Library/PrivateFrameworks /Applications/Xcode.app/Contents/Developer/Headers /Applications/Xcode.app/Contents/Developer/SDKs /Applications/Xcode.app/Contents/Developer/Platforms
               PBDEVELOPMENTPLIST_PATH = sehatlocker.app/Contents/pbdevelopment.plist
               PER_ARCH_MODULE_FILE_DIR = /Users/fam/Library/Developer/Xcode/DerivedData/Runner-bnfdxbrvsuybqxbwaanwrhaqdfpa/Build/Intermediates.noindex/Runner.build/Debug/Runner.build/Objects-normal/undefined_arch
               PER_ARCH_OBJECT_FILE_DIR = /Users/fam/Library/Developer/Xcode/DerivedData/Runner-bnfdxbrvsuybqxbwaanwrhaqdfpa/Build/Intermediates.noindex/Runner.build/Debug/Runner.build/Objects-normal/undefined_arch
               PER_VARIANT_OBJECT_FILE_DIR = /Users/fam/Library/Developer/Xcode/DerivedData/Runner-bnfdxbrvsuybqxbwaanwrhaqdfpa/Build/Intermediates.noindex/Runner.build/Debug/Runner.build/Objects-normal
               PKGINFO_FILE_PATH = /Users/fam/Library/Developer/Xcode/DerivedData/Runner-bnfdxbrvsuybqxbwaanwrhaqdfpa/Build/Intermediates.noindex/Runner.build/Debug/Runner.build/PkgInfo
               PKGINFO_PATH = sehatlocker.app/Contents/PkgInfo
               PLATFORM_DEVELOPER_APPLICATIONS_DIR = /Applications/Xcode.app/Contents/Developer/Applications
               PLATFORM_DEVELOPER_BIN_DIR = /Applications/Xcode.app/Contents/Developer/usr/bin
               PLATFORM_DEVELOPER_LIBRARY_DIR = /Applications/Xcode.app/Contents/Developer/Library
               PLATFORM_DEVELOPER_SDK_DIR = /Applications/Xcode.app/Contents/Developer/Platforms/MacOSX.platform/Developer/SDKs
               PLATFORM_DEVELOPER_TOOLS_DIR = /Applications/Xcode.app/Contents/Developer/Tools
               PLATFORM_DEVELOPER_USR_DIR = /Applications/Xcode.app/Contents/Developer/usr
               PLATFORM_DIR = /Applications/Xcode.app/Contents/Developer/Platforms/MacOSX.platform
               PLATFORM_DISPLAY_NAME = macOS
               PLATFORM_FAMILY_NAME = macOS
               PLATFORM_NAME = macosx
               PLATFORM_PREFERRED_ARCH = x86_64
               PLATFORM_PRODUCT_BUILD_VERSION = 25C57
               PLATFORM_REQUIRES_SWIFT_AUTOLINK_EXTRACT = NO
               PLATFORM_REQUIRES_SWIFT_MODULEWRAP = NO
               PLIST_FILE_OUTPUT_FORMAT = same-as-input
               PLUGINS_FOLDER_PATH = sehatlocker.app/Contents/PlugIns
               PODS_BUILD_DIR = /Users/fam/Documents/Projects/sehatlocker/build/macos
               PODS_CONFIGURATION_BUILD_DIR = /Users/fam/Documents/Projects/sehatlocker/build/macos/Debug
               PODS_PODFILE_DIR_PATH = /Users/fam/Documents/Projects/sehatlocker/macos/.
               PODS_ROOT = /Users/fam/Documents/Projects/sehatlocker/macos/Pods
               PODS_XCFRAMEWORKS_BUILD_DIR = /Users/fam/Documents/Projects/sehatlocker/build/macos/Debug/XCFrameworkIntermediates
               PRECOMPS_INCLUDE_HEADERS_FROM_BUILT_PRODUCTS_DIR = YES
               PRECOMP_DESTINATION_DIR = /Users/fam/Library/Developer/Xcode/DerivedData/Runner-bnfdxbrvsuybqxbwaanwrhaqdfpa/Build/Intermediates.noindex/Runner.build/Debug/Runner.build/PrefixHeaders
               PRIVATE_HEADERS_FOLDER_PATH = sehatlocker.app/Contents/PrivateHeaders
               PROCESSED_INFOPLIST_PATH = /Users/fam/Library/Developer/Xcode/DerivedData/Runner-bnfdxbrvsuybqxbwaanwrhaqdfpa/Build/Intermediates.noindex/Runner.build/Debug/Runner.build/Objects-normal/undefined_arch/Processed-Info.plist
               PRODUCT_BUNDLE_IDENTIFIER = com.sehatlocker.sehatlocker
               PRODUCT_BUNDLE_PACKAGE_TYPE = APPL
               PRODUCT_COPYRIGHT = Copyright  2026 com.sehatlocker. All rights reserved.
               PRODUCT_MODULE_NAME = sehatlocker
               PRODUCT_NAME = sehatlocker
               PRODUCT_SETTINGS_PATH = /Users/fam/Documents/Projects/sehatlocker/macos/Runner/Info.plist
               PRODUCT_TYPE = com.apple.product-type.application
               PROFILING_CODE = NO
               PROJECT = Runner
               PROJECT_DERIVED_FILE_DIR = /Users/fam/Library/Developer/Xcode/DerivedData/Runner-bnfdxbrvsuybqxbwaanwrhaqdfpa/Build/Intermediates.noindex/Runner.build/DerivedSources
               PROJECT_DIR = /Users/fam/Documents/Projects/sehatlocker/macos
               PROJECT_FILE_PATH = /Users/fam/Documents/Projects/sehatlocker/macos/Runner.xcodeproj
               PROJECT_GUID = 18c1723432283e0cc55f10a6dcfd9e02
               PROJECT_NAME = Runner
               PROJECT_TEMP_DIR = /Users/fam/Library/Developer/Xcode/DerivedData/Runner-bnfdxbrvsuybqxbwaanwrhaqdfpa/Build/Intermediates.noindex/Runner.build
               PROJECT_TEMP_ROOT = /Users/fam/Library/Developer/Xcode/DerivedData/Runner-bnfdxbrvsuybqxbwaanwrhaqdfpa/Build/Intermediates.noindex
               PROVISIONING_PROFILE_REQUIRED = NO
               PROVISIONING_PROFILE_REQUIRED_YES_YES = YES
               PROVISIONING_PROFILE_SUPPORTED = YES
               PUBLIC_HEADERS_FOLDER_PATH = sehatlocker.app/Contents/Headers
               RECOMMENDED_MACOSX_DEPLOYMENT_TARGET = 11.0
               RECURSIVE_SEARCH_PATHS_FOLLOW_SYMLINKS = YES
               REMOVE_CVS_FROM_RESOURCES = YES
               REMOVE_GIT_FROM_RESOURCES = YES
               REMOVE_HEADERS_FROM_EMBEDDED_BUNDLES = YES
               REMOVE_HG_FROM_RESOURCES = YES
               REMOVE_STATIC_EXECUTABLES_FROM_EMBEDDED_BUNDLES = YES
               REMOVE_SVN_FROM_RESOURCES = YES
               RESCHEDULE_INDEPENDENT_HEADERS_PHASES = YES
               REZ_COLLECTOR_DIR = /Users/fam/Library/Developer/Xcode/DerivedData/Runner-bnfdxbrvsuybqxbwaanwrhaqdfpa/Build/Intermediates.noindex/Runner.build/Debug/Runner.build/ResourceManagerResources
               REZ_OBJECTS_DIR = /Users/fam/Library/Developer/Xcode/DerivedData/Runner-bnfdxbrvsuybqxbwaanwrhaqdfpa/Build/Intermediates.noindex/Runner.build/Debug/Runner.build/ResourceManagerResources/Objects
               REZ_SEARCH_PATHS = /Users/fam/Documents/Projects/sehatlocker/build/macos/Debug 
               RUNTIME_EXCEPTION_ALLOW_DYLD_ENVIRONMENT_VARIABLES = NO
               RUNTIME_EXCEPTION_ALLOW_JIT = NO
               RUNTIME_EXCEPTION_ALLOW_UNSIGNED_EXECUTABLE_MEMORY = NO
               RUNTIME_EXCEPTION_DEBUGGING_TOOL = NO
               RUNTIME_EXCEPTION_DISABLE_EXECUTABLE_PAGE_PROTECTION = NO
               RUNTIME_EXCEPTION_DISABLE_LIBRARY_VALIDATION = NO
               SCAN_ALL_SOURCE_FILES_FOR_INCLUDES = NO
               SCRIPTS_FOLDER_PATH = sehatlocker.app/Contents/Resources/Scripts
               SDKROOT = /Applications/Xcode.app/Contents/Developer/Platforms/MacOSX.platform/Developer/SDKs/MacOSX26.2.sdk
               SDK_DIR = /Applications/Xcode.app/Contents/Developer/Platforms/MacOSX.platform/Developer/SDKs/MacOSX26.2.sdk
               SDK_DIR_macosx = /Applications/Xcode.app/Contents/Developer/Platforms/MacOSX.platform/Developer/SDKs/MacOSX26.2.sdk
               SDK_DIR_macosx26_2 = /Applications/Xcode.app/Contents/Developer/Platforms/MacOSX.platform/Developer/SDKs/MacOSX26.2.sdk
               SDK_NAME = macosx26.2
               SDK_NAMES = macosx26.2
               SDK_PRODUCT_BUILD_VERSION = 25C57
               SDK_STAT_CACHE_DIR = /Users/fam/Library/Developer/Xcode/DerivedData
               SDK_STAT_CACHE_ENABLE = YES
               SDK_STAT_CACHE_PATH = /Users/fam/Library/Developer/Xcode/DerivedData/SDKStatCaches.noindex/macosx26.2-25C57-00fa09913b459cbbc988d1f6730289ae.sdkstatcache
               SDK_VERSION = 26.2
               SDK_VERSION_ACTUAL = 260200
               SDK_VERSION_MAJOR = 260000
               SDK_VERSION_MINOR = 260200
               SED = /usr/bin/sed
               SEPARATE_STRIP = NO
               SEPARATE_SYMBOL_EDIT = NO
               SET_DIR_MODE_OWNER_GROUP = YES
               SET_FILE_MODE_OWNER_GROUP = NO
               SHALLOW_BUNDLE = NO
               SHALLOW_BUNDLE_PLATFORM = NO
               SHALLOW_BUNDLE_TRIPLE = macos
               SHALLOW_BUNDLE_ios_macabi = NO
               SHALLOW_BUNDLE_macos = NO
               SHARED_DERIVED_FILE_DIR = /Users/fam/Documents/Projects/sehatlocker/build/macos/Debug/DerivedSources
               SHARED_FRAMEWORKS_FOLDER_PATH = sehatlocker.app/Contents/SharedFrameworks
               SHARED_PRECOMPS_DIR = /Users/fam/Library/Developer/Xcode/DerivedData/Runner-bnfdxbrvsuybqxbwaanwrhaqdfpa/Build/Intermediates.noindex/PrecompiledHeaders
               SHARED_SUPPORT_FOLDER_PATH = sehatlocker.app/Contents/SharedSupport
               SKIP_INSTALL = NO
               SOURCE_ROOT = /Users/fam/Documents/Projects/sehatlocker/macos
               SRCROOT = /Users/fam/Documents/Projects/sehatlocker/macos
               STRINGSDATA_DIR = /Users/fam/Library/Developer/Xcode/DerivedData/Runner-bnfdxbrvsuybqxbwaanwrhaqdfpa/Build/Intermediates.noindex/Runner.build/Debug/Runner.build/Objects-normal/undefined_arch
               STRINGSDATA_ROOT = /Users/fam/Library/Developer/Xcode/DerivedData/Runner-bnfdxbrvsuybqxbwaanwrhaqdfpa/Build/Intermediates.noindex/Runner.build/Debug/Runner.build
               STRINGS_FILE_INFOPLIST_RENAME = YES
               STRINGS_FILE_OUTPUT_ENCODING = UTF-16
               STRING_CATALOG_GENERATE_SYMBOLS = NO
               STRIP_BITCODE_FROM_COPIED_FILES = NO
               STRIP_INSTALLED_PRODUCT = NO
               STRIP_PNG_TEXT = NO
               STRIP_STYLE = all
               STRIP_SWIFT_SYMBOLS = YES
               SUPPORTED_PLATFORMS = macosx
               SUPPORTS_MACCATALYST = NO
               SUPPORTS_ON_DEMAND_RESOURCES = NO
               SUPPORTS_TEXT_BASED_API = NO
               SUPPRESS_WARNINGS = NO
               SWIFT_ACTIVE_COMPILATION_CONDITIONS = DEBUG
               SWIFT_EMIT_CONST_VALUE_PROTOCOLS = AppIntent EntityQuery AppEntity TransientEntity AppEnum AppShortcutProviding AppShortcutsProvider AnyResolverProviding AppIntentsPackage DynamicOptionsProvider _IntentValueRepresentable _AssistantIntentsProvider _GenerativeFunctionExtractable IntentValueQuery Resolver AppExtension ExtensionPointDefining
               SWIFT_EMIT_LOC_STRINGS = NO
               SWIFT_ENABLE_EXPLICIT_MODULES = YES
               SWIFT_OPTIMIZATION_LEVEL = -Onone
               SWIFT_PLATFORM_TARGET_PREFIX = macos
               SWIFT_RESPONSE_FILE_PATH_normal_arm64 = /Users/fam/Library/Developer/Xcode/DerivedData/Runner-bnfdxbrvsuybqxbwaanwrhaqdfpa/Build/Intermediates.noindex/Runner.build/Debug/Runner.build/Objects-normal/arm64/sehatlocker.SwiftFileList
               SWIFT_RESPONSE_FILE_PATH_normal_x86_64 = /Users/fam/Library/Developer/Xcode/DerivedData/Runner-bnfdxbrvsuybqxbwaanwrhaqdfpa/Build/Intermediates.noindex/Runner.build/Debug/Runner.build/Objects-normal/x86_64/sehatlocker.SwiftFileList
               SWIFT_VERSION = 5.0
               SYMROOT = /Users/fam/Library/Developer/Xcode/DerivedData/Runner-bnfdxbrvsuybqxbwaanwrhaqdfpa/Build/Products
               SYSTEM_ADMIN_APPS_DIR = /Applications/Utilities
               SYSTEM_APPS_DIR = /Applications
               SYSTEM_CORE_SERVICES_DIR = /System/Library/CoreServices
               SYSTEM_DEMOS_DIR = /Applications/Extras
               SYSTEM_DEVELOPER_APPS_DIR = /Applications/Xcode.app/Contents/Developer/Applications
               SYSTEM_DEVELOPER_BIN_DIR = /Applications/Xcode.app/Contents/Developer/usr/bin
               SYSTEM_DEVELOPER_DEMOS_DIR = /Applications/Xcode.app/Contents/Developer/Applications/Utilities/Built Examples
               SYSTEM_DEVELOPER_DIR = /Applications/Xcode.app/Contents/Developer
               SYSTEM_DEVELOPER_DOC_DIR = /Applications/Xcode.app/Contents/Developer/ADC Reference Library
               SYSTEM_DEVELOPER_GRAPHICS_TOOLS_DIR = /Applications/Xcode.app/Contents/Developer/Applications/Graphics Tools
               SYSTEM_DEVELOPER_JAVA_TOOLS_DIR = /Applications/Xcode.app/Contents/Developer/Applications/Java Tools
               SYSTEM_DEVELOPER_PERFORMANCE_TOOLS_DIR = /Applications/Xcode.app/Contents/Developer/Applications/Performance Tools
               SYSTEM_DEVELOPER_RELEASENOTES_DIR = /Applications/Xcode.app/Contents/Developer/ADC Reference Library/releasenotes
               SYSTEM_DEVELOPER_TOOLS = /Applications/Xcode.app/Contents/Developer/Tools
               SYSTEM_DEVELOPER_TOOLS_DOC_DIR = /Applications/Xcode.app/Contents/Developer/ADC Reference Library/documentation/DeveloperTools
               SYSTEM_DEVELOPER_TOOLS_RELEASENOTES_DIR = /Applications/Xcode.app/Contents/Developer/ADC Reference Library/releasenotes/DeveloperTools
               SYSTEM_DEVELOPER_USR_DIR = /Applications/Xcode.app/Contents/Developer/usr
               SYSTEM_DEVELOPER_UTILITIES_DIR = /Applications/Xcode.app/Contents/Developer/Applications/Utilities
               SYSTEM_DEXT_INSTALL_PATH = /System/Library/DriverExtensions
               SYSTEM_DOCUMENTATION_DIR = /Library/Documentation
               SYSTEM_EXTENSIONS_FOLDER_PATH = sehatlocker.app/Contents/Library/SystemExtensions
               SYSTEM_EXTENSIONS_FOLDER_PATH_SHALLOW_BUNDLE_NO = sehatlocker.app/Contents/Library/SystemExtensions
               SYSTEM_EXTENSIONS_FOLDER_PATH_SHALLOW_BUNDLE_YES = sehatlocker.app/Contents/SystemExtensions
               SYSTEM_KEXT_INSTALL_PATH = /System/Library/Extensions
               SYSTEM_LIBRARY_DIR = /System/Library
               TAPI_DEMANGLE = YES
               TAPI_ENABLE_PROJECT_HEADERS = NO
               TAPI_LANGUAGE = objective-c
               TAPI_LANGUAGE_STANDARD = compiler-default
               TAPI_USE_SRCROOT = YES
               TAPI_VERIFY_MODE = Pedantic
               TARGETNAME = Runner
               TARGET_BUILD_DIR = /Users/fam/Documents/Projects/sehatlocker/build/macos/Debug
               TARGET_NAME = Runner
               TARGET_TEMP_DIR = /Users/fam/Library/Developer/Xcode/DerivedData/Runner-bnfdxbrvsuybqxbwaanwrhaqdfpa/Build/Intermediates.noindex/Runner.build/Debug/Runner.build
               TEMP_DIR = /Users/fam/Library/Developer/Xcode/DerivedData/Runner-bnfdxbrvsuybqxbwaanwrhaqdfpa/Build/Intermediates.noindex/Runner.build/Debug/Runner.build
               TEMP_FILES_DIR = /Users/fam/Library/Developer/Xcode/DerivedData/Runner-bnfdxbrvsuybqxbwaanwrhaqdfpa/Build/Intermediates.noindex/Runner.build/Debug/Runner.build
               TEMP_FILE_DIR = /Users/fam/Library/Developer/Xcode/DerivedData/Runner-bnfdxbrvsuybqxbwaanwrhaqdfpa/Build/Intermediates.noindex/Runner.build/Debug/Runner.build
               TEMP_ROOT = /Users/fam/Library/Developer/Xcode/DerivedData/Runner-bnfdxbrvsuybqxbwaanwrhaqdfpa/Build/Intermediates.noindex
               TEMP_SANDBOX_DIR = /Users/fam/Library/Developer/Xcode/DerivedData/Runner-bnfdxbrvsuybqxbwaanwrhaqdfpa/Build/Intermediates.noindex/TemporaryTaskSandboxes
               TEST_FRAMEWORK_SEARCH_PATHS =  /Applications/Xcode.app/Contents/Developer/Platforms/MacOSX.platform/Developer/Library/Frameworks
               TEST_LIBRARY_SEARCH_PATHS =  /Applications/Xcode.app/Contents/Developer/Platforms/MacOSX.platform/Developer/usr/lib
               TOOLCHAINS = com.apple.dt.toolchain.XcodeDefault
               TOOLCHAIN_DIR = /Applications/Xcode.app/Contents/Developer/Toolchains/XcodeDefault.xctoolchain
               TRACK_WIDGET_CREATION = true
               TREAT_MISSING_BASELINES_AS_TEST_FAILURES = NO
               TREAT_MISSING_SCRIPT_PHASE_OUTPUTS_AS_ERRORS = NO
               TREE_SHAKE_ICONS = false
               TVOS_DEPLOYMENT_TARGET = 26.2
               UID = 502
               UNINSTALLED_PRODUCTS_DIR = /Users/fam/Library/Developer/Xcode/DerivedData/Runner-bnfdxbrvsuybqxbwaanwrhaqdfpa/Build/Intermediates.noindex/UninstalledProducts
               UNLOCALIZED_RESOURCES_FOLDER_PATH = sehatlocker.app/Contents/Resources
               UNLOCALIZED_RESOURCES_FOLDER_PATH_SHALLOW_BUNDLE_NO = sehatlocker.app/Contents/Resources
               UNLOCALIZED_RESOURCES_FOLDER_PATH_SHALLOW_BUNDLE_YES = sehatlocker.app/Contents
               UNSTRIPPED_PRODUCT = NO
               USER = fam
               USER_APPS_DIR = /Users/fam/Applications
               USER_LIBRARY_DIR = /Users/fam/Library
               USE_DYNAMIC_NO_PIC = YES
               USE_HEADERMAP = YES
               USE_HEADER_SYMLINKS = NO
               USE_RECURSIVE_SCRIPT_INPUTS_IN_SCRIPT_PHASES = YES
               VALIDATE_DEVELOPMENT_ASSET_PATHS = YES_ERROR
               VALIDATE_PRODUCT = NO
               VALID_ARCHS = arm64 arm64e i386 x86_64
               VERBOSE_PBXCP = NO
               VERSIONPLIST_PATH = sehatlocker.app/Contents/version.plist
               VERSION_INFO_BUILDER = fam
               VERSION_INFO_FILE = sehatlocker_vers.c
               VERSION_INFO_STRING = "@(#)PROGRAM:sehatlocker  PROJECT:Runner-"
               WARNING_CFLAGS = -Wall -Wconditional-uninitialized -Wnullable-to-nonnull-conversion -Wmissing-method-return-type -Woverlength-strings
               WATCHOS_DEPLOYMENT_TARGET = 26.2
               WORKSPACE_DIR = /Users/fam/Documents/Projects/sehatlocker/macos/Runner.xcodeproj
               WRAPPER_EXTENSION = app
               WRAPPER_NAME = sehatlocker.app
               WRAPPER_SUFFIX = .app
               WRAP_ASSET_PACKS_IN_SEPARATE_DIRECTORIES = NO
               XCODE_APP_SUPPORT_DIR = /Applications/Xcode.app/Contents/Developer/Library/Xcode
               XCODE_PRODUCT_BUILD_VERSION = 17C52
               XCODE_VERSION_ACTUAL = 2620
               XCODE_VERSION_MAJOR = 2600
               XCODE_VERSION_MINOR = 2620
               XPCSERVICES_FOLDER_PATH = sehatlocker.app/Contents/XPCServices
               XROS_DEPLOYMENT_TARGET = 26.2
               YACC = yacc
               _BOOL_ = NO
               _BOOL_NO = NO
               _BOOL_YES = YES
               _DEVELOPMENT_TEAM_IS_EMPTY = YES
               _DISCOVER_COMMAND_LINE_LINKER_INPUTS = YES
               _DISCOVER_COMMAND_LINE_LINKER_INPUTS_INCLUDE_WL = YES
               _IS_EMPTY_ = YES
               _LD_MULTIARCH = YES
               _MACOSX_DEPLOYMENT_TARGET_IS_EMPTY = NO
               _WRAPPER_CONTENTS_DIR = /Contents
               _WRAPPER_CONTENTS_DIR_SHALLOW_BUNDLE_NO = /Contents
               _WRAPPER_PARENT_PATH = /..
               _WRAPPER_PARENT_PATH_SHALLOW_BUNDLE_NO = /..
               _WRAPPER_RESOURCES_DIR = /Resources
               _WRAPPER_RESOURCES_DIR_SHALLOW_BUNDLE_NO = /Resources
               __DIAGNOSE_DEPRECATED_ARCHS = YES
               __IS_NOT_MACOS = NO
               __IS_NOT_MACOS_macosx = NO
               __IS_NOT_SIMULATOR = YES
               __IS_NOT_SIMULATOR_simulator = NO
               arch = undefined_arch
               variant = normal
[  +28 ms] Found plugin window_manager at /Users/fam/.pub-cache/hosted/pub.dev/window_manager-0.4.3/
[        ] Found plugin screen_retriever at /Users/fam/.pub-cache/hosted/pub.dev/screen_retriever-0.2.0/
[        ] Found plugin screen_retriever_windows at /Users/fam/.pub-cache/hosted/pub.dev/screen_retriever_windows-0.2.0/
[        ] Found plugin screen_retriever_macos at /Users/fam/.pub-cache/hosted/pub.dev/screen_retriever_macos-0.2.0/
[        ] Found plugin screen_retriever_linux at /Users/fam/.pub-cache/hosted/pub.dev/screen_retriever_linux-0.2.0/
[        ] Found plugin whisper_flutter_new at /Users/fam/.pub-cache/hosted/pub.dev/whisper_flutter_new-1.0.1/
[        ] Found plugin path_provider at /Users/fam/.pub-cache/hosted/pub.dev/path_provider-2.1.5/
[        ] Found plugin path_provider_windows at /Users/fam/.pub-cache/hosted/pub.dev/path_provider_windows-2.3.0/
[        ] Found plugin path_provider_linux at /Users/fam/.pub-cache/hosted/pub.dev/path_provider_linux-2.2.1/
[        ] Found plugin path_provider_foundation at /Users/fam/.pub-cache/hosted/pub.dev/path_provider_foundation-2.6.0/
[        ] Found plugin path_provider_android at /Users/fam/.pub-cache/hosted/pub.dev/path_provider_android-2.2.22/
[        ] Found plugin url_launcher at /Users/fam/.pub-cache/hosted/pub.dev/url_launcher-6.3.2/
[        ] Found plugin url_launcher_windows at /Users/fam/.pub-cache/hosted/pub.dev/url_launcher_windows-3.1.5/
[        ] Found plugin url_launcher_web at /Users/fam/.pub-cache/hosted/pub.dev/url_launcher_web-2.4.2/
[        ] Found plugin url_launcher_macos at /Users/fam/.pub-cache/hosted/pub.dev/url_launcher_macos-3.2.5/
[        ] Found plugin url_launcher_linux at /Users/fam/.pub-cache/hosted/pub.dev/url_launcher_linux-3.2.2/
[        ] Found plugin url_launcher_ios at /Users/fam/.pub-cache/hosted/pub.dev/url_launcher_ios-6.3.6/
[        ] Found plugin url_launcher_android at /Users/fam/.pub-cache/hosted/pub.dev/url_launcher_android-6.3.28/
[        ] Found plugin share_plus at /Users/fam/.pub-cache/hosted/pub.dev/share_plus-12.0.1/
[   +1 ms] Found plugin printing at /Users/fam/.pub-cache/hosted/pub.dev/printing-5.14.2/
[   +2 ms] Found plugin permission_handler at /Users/fam/.pub-cache/hosted/pub.dev/permission_handler-12.0.1/
[        ] Found plugin permission_handler_windows at /Users/fam/.pub-cache/hosted/pub.dev/permission_handler_windows-0.2.1/
[        ] Found plugin permission_handler_html at /Users/fam/.pub-cache/hosted/pub.dev/permission_handler_html-0.1.3+5/
[        ] Found plugin permission_handler_apple at /Users/fam/.pub-cache/hosted/pub.dev/permission_handler_apple-9.4.7/
[        ] Found plugin permission_handler_android at /Users/fam/.pub-cache/hosted/pub.dev/permission_handler_android-13.0.1/
[        ] Found plugin objectbox_flutter_libs at /Users/fam/.pub-cache/hosted/pub.dev/objectbox_flutter_libs-2.5.1/
[        ] Found plugin local_auth at /Users/fam/.pub-cache/hosted/pub.dev/local_auth-3.0.0/
[        ] Found plugin local_auth_windows at /Users/fam/.pub-cache/hosted/pub.dev/local_auth_windows-2.0.1/
[        ] Found plugin local_auth_darwin at /Users/fam/.pub-cache/hosted/pub.dev/local_auth_darwin-2.0.1/
[        ] Found plugin local_auth_android at /Users/fam/.pub-cache/hosted/pub.dev/local_auth_android-2.0.4/
[        ] Found plugin flutter_plugin_android_lifecycle at /Users/fam/.pub-cache/hosted/pub.dev/flutter_plugin_android_lifecycle-2.0.33/
[        ] Found plugin home_widget at /Users/fam/.pub-cache/hosted/pub.dev/home_widget-0.7.0+1/
[        ] Found plugin flutter_windowmanager_plus at /Users/fam/.pub-cache/hosted/pub.dev/flutter_windowmanager_plus-1.0.1/
[        ] Found plugin flutter_tts at /Users/fam/.pub-cache/hosted/pub.dev/flutter_tts-4.2.5/
[        ] Found plugin flutter_tesseract_ocr at /Users/fam/.pub-cache/hosted/pub.dev/flutter_tesseract_ocr-0.4.30/
[        ] Found plugin flutter_sound at /Users/fam/.pub-cache/hosted/pub.dev/flutter_sound-9.30.0/
[        ] Found plugin flutter_sound_web at /Users/fam/.pub-cache/hosted/pub.dev/flutter_sound_web-9.30.0/
[        ] Found plugin flutter_secure_storage at /Users/fam/.pub-cache/hosted/pub.dev/flutter_secure_storage-9.2.4/
[        ] Found plugin flutter_secure_storage_windows at /Users/fam/.pub-cache/hosted/pub.dev/flutter_secure_storage_windows-3.1.2/
[        ] Found plugin flutter_secure_storage_web at /Users/fam/.pub-cache/hosted/pub.dev/flutter_secure_storage_web-1.2.1/
[        ] Found plugin flutter_secure_storage_macos at /Users/fam/.pub-cache/hosted/pub.dev/flutter_secure_storage_macos-3.1.3/
[        ] Found plugin flutter_secure_storage_linux at /Users/fam/.pub-cache/hosted/pub.dev/flutter_secure_storage_linux-1.2.3/
[        ] Found plugin flutter_local_notifications at /Users/fam/.pub-cache/hosted/pub.dev/flutter_local_notifications-19.5.0/
[        ] Found plugin flutter_local_notifications_windows at /Users/fam/.pub-cache/hosted/pub.dev/flutter_local_notifications_windows-1.0.3/
[        ] Found plugin flutter_local_notifications_linux at /Users/fam/.pub-cache/hosted/pub.dev/flutter_local_notifications_linux-6.0.0/
[        ] Found plugin flutter_image_compress at /Users/fam/.pub-cache/hosted/pub.dev/flutter_image_compress-2.4.0/
[        ] Found plugin flutter_image_compress_web at /Users/fam/.pub-cache/hosted/pub.dev/flutter_image_compress_web-0.1.5/
[        ] Found plugin flutter_image_compress_ohos at /Users/fam/.pub-cache/hosted/pub.dev/flutter_image_compress_ohos-0.0.3/
[        ] Found plugin flutter_image_compress_macos at /Users/fam/.pub-cache/hosted/pub.dev/flutter_image_compress_macos-1.0.3/
[        ] Found plugin flutter_image_compress_common at /Users/fam/.pub-cache/hosted/pub.dev/flutter_image_compress_common-1.0.6/
[        ] Found plugin file_selector at /Users/fam/.pub-cache/hosted/pub.dev/file_selector-1.1.0/
[        ] Found plugin file_selector_windows at /Users/fam/.pub-cache/hosted/pub.dev/file_selector_windows-0.9.3+5/
[        ] Found plugin file_selector_web at /Users/fam/.pub-cache/hosted/pub.dev/file_selector_web-0.9.4+2/
[        ] Found plugin file_selector_macos at /Users/fam/.pub-cache/hosted/pub.dev/file_selector_macos-0.9.5/
[        ] Found plugin file_selector_linux at /Users/fam/.pub-cache/hosted/pub.dev/file_selector_linux-0.9.4/
[        ] Found plugin file_selector_ios at /Users/fam/.pub-cache/hosted/pub.dev/file_selector_ios-0.5.3+5/
[        ] Found plugin file_selector_android at /Users/fam/.pub-cache/hosted/pub.dev/file_selector_android-0.5.2+4/
[        ] Found plugin device_info_plus at /Users/fam/.pub-cache/hosted/pub.dev/device_info_plus-10.1.2/
[        ] Found plugin desktop_drop at /Users/fam/.pub-cache/hosted/pub.dev/desktop_drop-0.5.0/
[        ] Found plugin connectivity_plus at /Users/fam/.pub-cache/hosted/pub.dev/connectivity_plus-7.0.0/
[        ] Found plugin camera at /Users/fam/.pub-cache/hosted/pub.dev/camera-0.11.3/
[        ] Found plugin camera_web at /Users/fam/.pub-cache/hosted/pub.dev/camera_web-0.3.5+3/
[        ] Found plugin camera_avfoundation at /Users/fam/.pub-cache/hosted/pub.dev/camera_avfoundation-0.9.22+9/
[        ] Found plugin camera_android_camerax at /Users/fam/.pub-cache/hosted/pub.dev/camera_android_camerax-0.6.27/
[        ] Found plugin battery_plus at /Users/fam/.pub-cache/hosted/pub.dev/battery_plus-7.0.0/
[        ] Found plugin app_settings at /Users/fam/.pub-cache/hosted/pub.dev/app_settings-5.2.0/
[        ] Found plugin add_2_calendar at /Users/fam/.pub-cache/hosted/pub.dev/add_2_calendar-3.0.1/
[   +5 ms] Building macOS application...
[        ] executing: /usr/bin/env xcrun xcodebuild -workspace /Users/fam/Documents/Projects/sehatlocker/macos/Runner.xcworkspace -configuration Debug -scheme Runner -derivedDataPath /Users/fam/Documents/Projects/sehatlocker/build/macos -destination platform=macOS,arch=arm64 OBJROOT=/Users/fam/Documents/Projects/sehatlocker/build/macos/Build/Intermediates.noindex SYMROOT=/Users/fam/Documents/Projects/sehatlocker/build/macos/Build/Products VERBOSE_SCRIPT_LOGGING=YES COMPILER_INDEX_STORE_ENABLE=NO
[ +304 ms] Command line invocation:
[        ]     /Applications/Xcode.app/Contents/Developer/usr/bin/xcodebuild -workspace /Users/fam/Documents/Projects/sehatlocker/macos/Runner.xcworkspace -configuration Debug -scheme Runner -derivedDataPath /Users/fam/Documents/Projects/sehatlocker/build/macos -destination platform=macOS,arch=arm64 OBJROOT=/Users/fam/Documents/Projects/sehatlocker/build/macos/Build/Intermediates.noindex SYMROOT=/Users/fam/Documents/Projects/sehatlocker/build/macos/Build/Products VERBOSE_SCRIPT_LOGGING=YES COMPILER_INDEX_STORE_ENABLE=NO
[        ] Build settings from command line:
[        ]     COMPILER_INDEX_STORE_ENABLE = NO
[        ]     OBJROOT = /Users/fam/Documents/Projects/sehatlocker/build/macos/Build/Intermediates.noindex
[        ]     SYMROOT = /Users/fam/Documents/Projects/sehatlocker/build/macos/Build/Products
[        ]     VERBOSE_SCRIPT_LOGGING = YES
[ +324 ms] ComputePackagePrebuildTargetDependencyGraph
[ +213 ms] Prepare packages
[   +1 ms] CreateBuildRequest
[        ] SendProjectDescription
[  +21 ms] CreateBuildOperation
[   +6 ms] ComputeTargetDependencyGraph
[ +137 ms] note: Building targets in dependency order
[   +2 ms] note: Target dependency graph (33 targets)
[        ]     Target 'Runner' in project 'Runner'
[        ]          Explicit dependency on target 'Flutter Assemble' in project 'Runner'
[        ]          Implicit dependency on target 'Pods-Runner' in project 'Pods' via file 'Pods_Runner.framework' in build phase 'Link Binary'
[        ]          Implicit dependency on target 'app_settings' in project 'Pods' via options '-framework app_settings' in build setting 'OTHER_LDFLAGS'
[        ]          Implicit dependency on target 'battery_plus' in project 'Pods' via options '-framework battery_plus' in build setting 'OTHER_LDFLAGS'
[        ]          Implicit dependency on target 'connectivity_plus' in project 'Pods' via options '-framework connectivity_plus' in build setting 'OTHER_LDFLAGS'
[        ]          Implicit dependency on target 'desktop_drop' in project 'Pods' via options '-framework desktop_drop' in build setting 'OTHER_LDFLAGS'
[        ]          Implicit dependency on target 'device_info_plus' in project 'Pods' via options '-framework device_info_plus' in build setting 'OTHER_LDFLAGS'
[        ]          Implicit dependency on target 'file_selector_macos' in project 'Pods' via options '-framework file_selector_macos' in build setting 'OTHER_LDFLAGS'
[        ]          Implicit dependency on target 'flutter_image_compress_macos' in project 'Pods' via options '-framework flutter_image_compress_macos' in build setting 'OTHER_LDFLAGS'
[        ]          Implicit dependency on target 'flutter_local_notifications' in project 'Pods' via options '-framework flutter_local_notifications' in build setting 'OTHER_LDFLAGS'
[        ]          Implicit dependency on target 'flutter_secure_storage_macos' in project 'Pods' via options '-framework flutter_secure_storage_macos' in build setting 'OTHER_LDFLAGS'
[        ]          Implicit dependency on target 'flutter_sound' in project 'Pods' via options '-framework flutter_sound' in build setting 'OTHER_LDFLAGS'
[        ]          Implicit dependency on target 'flutter_tts' in project 'Pods' via options '-framework flutter_tts' in build setting 'OTHER_LDFLAGS'
[        ]          Implicit dependency on target 'local_auth_darwin' in project 'Pods' via options '-framework local_auth_darwin' in build setting 'OTHER_LDFLAGS'
[        ]          Implicit dependency on target 'objectbox_flutter_libs' in project 'Pods' via options '-framework objectbox_flutter_libs' in build setting 'OTHER_LDFLAGS'
[        ]          Implicit dependency on target 'printing' in project 'Pods' via options '-framework printing' in build setting 'OTHER_LDFLAGS'
[        ]          Implicit dependency on target 'screen_retriever_macos' in project 'Pods' via options '-framework screen_retriever_macos' in build setting 'OTHER_LDFLAGS'
[        ]          Implicit dependency on target 'share_plus' in project 'Pods' via options '-framework share_plus' in build setting 'OTHER_LDFLAGS'
[        ]          Implicit dependency on target 'url_launcher_macos' in project 'Pods' via options '-framework url_launcher_macos' in build setting 'OTHER_LDFLAGS'
[        ]          Implicit dependency on target 'whisper_flutter_new' in project 'Pods' via options '-framework whisper_flutter_new' in build setting 'OTHER_LDFLAGS'
[        ]          Implicit dependency on target 'window_manager' in project 'Pods' via options '-framework window_manager' in build setting 'OTHER_LDFLAGS'
[        ]     Target 'Pods-Runner' in project 'Pods'
[        ]          Explicit dependency on target 'FlutterMacOS' in project 'Pods'
[        ]          Explicit dependency on target 'ObjectBox' in project 'Pods'
[        ]          Explicit dependency on target 'app_settings' in project 'Pods'
[        ]          Explicit dependency on target 'battery_plus' in project 'Pods'
[        ]          Explicit dependency on target 'connectivity_plus' in project 'Pods'
[        ]          Explicit dependency on target 'desktop_drop' in project 'Pods'
[        ]          Explicit dependency on target 'device_info_plus' in project 'Pods'
[        ]          Explicit dependency on target 'file_selector_macos' in project 'Pods'
[        ]          Explicit dependency on target 'flutter_image_compress_macos' in project 'Pods'
[        ]          Explicit dependency on target 'flutter_local_notifications' in project 'Pods'
[        ]          Explicit dependency on target 'flutter_secure_storage_macos' in project 'Pods'
[        ]          Explicit dependency on target 'flutter_sound' in project 'Pods'
[        ]          Explicit dependency on target 'flutter_tts' in project 'Pods'
[        ]          Explicit dependency on target 'local_auth_darwin' in project 'Pods'
[        ]          Explicit dependency on target 'objectbox_flutter_libs' in project 'Pods'
[        ]          Explicit dependency on target 'printing' in project 'Pods'
[        ]          Explicit dependency on target 'screen_retriever_macos' in project 'Pods'
[        ]          Explicit dependency on target 'share_plus' in project 'Pods'
[        ]          Explicit dependency on target 'url_launcher_macos' in project 'Pods'
[        ]          Explicit dependency on target 'whisper_flutter_new' in project 'Pods'
[        ]          Explicit dependency on target 'window_manager' in project 'Pods'
[        ]     Target 'Flutter Assemble' in project 'Runner'
[        ]          Implicit dependency on target 'app_settings' in project 'Pods' via options '-framework app_settings' in build setting 'OTHER_LDFLAGS'
[        ]          Implicit dependency on target 'battery_plus' in project 'Pods' via options '-framework battery_plus' in build setting 'OTHER_LDFLAGS'
[        ]          Implicit dependency on target 'connectivity_plus' in project 'Pods' via options '-framework connectivity_plus' in build setting 'OTHER_LDFLAGS'
[        ]          Implicit dependency on target 'desktop_drop' in project 'Pods' via options '-framework desktop_drop' in build setting 'OTHER_LDFLAGS'
[        ]          Implicit dependency on target 'device_info_plus' in project 'Pods' via options '-framework device_info_plus' in build setting 'OTHER_LDFLAGS'
[        ]          Implicit dependency on target 'file_selector_macos' in project 'Pods' via options '-framework file_selector_macos' in build setting 'OTHER_LDFLAGS'
[        ]          Implicit dependency on target 'flutter_image_compress_macos' in project 'Pods' via options '-framework flutter_image_compress_macos' in build setting 'OTHER_LDFLAGS'
[        ]          Implicit dependency on target 'flutter_local_notifications' in project 'Pods' via options '-framework flutter_local_notifications' in build setting 'OTHER_LDFLAGS'
[        ]          Implicit dependency on target 'flutter_secure_storage_macos' in project 'Pods' via options '-framework flutter_secure_storage_macos' in build setting 'OTHER_LDFLAGS'
[        ]          Implicit dependency on target 'flutter_sound' in project 'Pods' via options '-framework flutter_sound' in build setting 'OTHER_LDFLAGS'
[        ]          Implicit dependency on target 'flutter_tts' in project 'Pods' via options '-framework flutter_tts' in build setting 'OTHER_LDFLAGS'
[        ]          Implicit dependency on target 'local_auth_darwin' in project 'Pods' via options '-framework local_auth_darwin' in build setting 'OTHER_LDFLAGS'
[        ]          Implicit dependency on target 'objectbox_flutter_libs' in project 'Pods' via options '-framework objectbox_flutter_libs' in build setting 'OTHER_LDFLAGS'
[        ]          Implicit dependency on target 'printing' in project 'Pods' via options '-framework printing' in build setting 'OTHER_LDFLAGS'
[        ]          Implicit dependency on target 'screen_retriever_macos' in project 'Pods' via options '-framework screen_retriever_macos' in build setting 'OTHER_LDFLAGS'
[        ]          Implicit dependency on target 'share_plus' in project 'Pods' via options '-framework share_plus' in build setting 'OTHER_LDFLAGS'
[        ]          Implicit dependency on target 'url_launcher_macos' in project 'Pods' via options '-framework url_launcher_macos' in build setting 'OTHER_LDFLAGS'
[        ]          Implicit dependency on target 'whisper_flutter_new' in project 'Pods' via options '-framework whisper_flutter_new' in build setting 'OTHER_LDFLAGS'
[        ]          Implicit dependency on target 'window_manager' in project 'Pods' via options '-framework window_manager' in build setting 'OTHER_LDFLAGS'
[        ]     Target 'window_manager' in project 'Pods'
[        ]          Explicit dependency on target 'FlutterMacOS' in project 'Pods'
[        ]     Target 'whisper_flutter_new' in project 'Pods'
[        ]          Explicit dependency on target 'FlutterMacOS' in project 'Pods'
[        ]     Target 'url_launcher_macos' in project 'Pods'
[        ]          Explicit dependency on target 'FlutterMacOS' in project 'Pods'
[        ]          Explicit dependency on target 'url_launcher_macos-url_launcher_macos_privacy' in project 'Pods'
[        ]     Target 'url_launcher_macos-url_launcher_macos_privacy' in project 'Pods' (no dependencies)
[        ]     Target 'share_plus' in project 'Pods'
[        ]          Explicit dependency on target 'FlutterMacOS' in project 'Pods'
[        ]          Explicit dependency on target 'share_plus-share_plus_privacy' in project 'Pods'
[        ]     Target 'share_plus-share_plus_privacy' in project 'Pods' (no dependencies)
[        ]     Target 'screen_retriever_macos' in project 'Pods'
[        ]          Explicit dependency on target 'FlutterMacOS' in project 'Pods'
[        ]     Target 'printing' in project 'Pods'
[        ]          Explicit dependency on target 'FlutterMacOS' in project 'Pods'
[        ]     Target 'objectbox_flutter_libs' in project 'Pods'
[        ]          Explicit dependency on target 'FlutterMacOS' in project 'Pods'
[        ]          Explicit dependency on target 'ObjectBox' in project 'Pods'
[        ]     Target 'ObjectBox' in project 'Pods' (no dependencies)
[        ]     Target 'local_auth_darwin' in project 'Pods'
[        ]          Explicit dependency on target 'FlutterMacOS' in project 'Pods'
[        ]          Explicit dependency on target 'local_auth_darwin-local_auth_darwin_privacy' in project 'Pods'
[        ]     Target 'local_auth_darwin-local_auth_darwin_privacy' in project 'Pods' (no dependencies)
[        ]     Target 'flutter_tts' in project 'Pods'
[        ]          Explicit dependency on target 'FlutterMacOS' in project 'Pods'
[        ]     Target 'flutter_sound' in project 'Pods'
[        ]          Explicit dependency on target 'FlutterMacOS' in project 'Pods'
[        ]     Target 'flutter_secure_storage_macos' in project 'Pods'
[        ]          Explicit dependency on target 'FlutterMacOS' in project 'Pods'
[        ]          Explicit dependency on target 'flutter_secure_storage_macos-flutter_secure_storage_macos' in project 'Pods'
[        ]     Target 'flutter_secure_storage_macos-flutter_secure_storage_macos' in project 'Pods' (no dependencies)
[        ]     Target 'flutter_local_notifications' in project 'Pods'
[        ]          Explicit dependency on target 'FlutterMacOS' in project 'Pods'
[        ]          Explicit dependency on target 'flutter_local_notifications-flutter_local_notifications_privacy' in project 'Pods'
[        ]     Target 'flutter_local_notifications-flutter_local_notifications_privacy' in project 'Pods' (no dependencies)
[        ]     Target 'flutter_image_compress_macos' in project 'Pods'
[        ]          Explicit dependency on target 'FlutterMacOS' in project 'Pods'
[        ]     Target 'file_selector_macos' in project 'Pods'
[        ]          Explicit dependency on target 'FlutterMacOS' in project 'Pods'
[        ]          Explicit dependency on target 'file_selector_macos-file_selector_macos_privacy' in project 'Pods'
[        ]     Target 'file_selector_macos-file_selector_macos_privacy' in project 'Pods' (no dependencies)
[        ]     Target 'device_info_plus' in project 'Pods'
[        ]          Explicit dependency on target 'FlutterMacOS' in project 'Pods'
[        ]     Target 'desktop_drop' in project 'Pods'
[        ]          Explicit dependency on target 'FlutterMacOS' in project 'Pods'
[        ]     Target 'connectivity_plus' in project 'Pods'
[        ]          Explicit dependency on target 'FlutterMacOS' in project 'Pods'
[        ]          Explicit dependency on target 'connectivity_plus-connectivity_plus_privacy' in project 'Pods'
[        ]     Target 'connectivity_plus-connectivity_plus_privacy' in project 'Pods' (no dependencies)
[        ]     Target 'battery_plus' in project 'Pods'
[        ]          Explicit dependency on target 'FlutterMacOS' in project 'Pods'
[        ]          Explicit dependency on target 'battery_plus-battery_plus_privacy' in project 'Pods'
[        ]     Target 'battery_plus-battery_plus_privacy' in project 'Pods' (no dependencies)
[        ]     Target 'app_settings' in project 'Pods'
[        ]          Explicit dependency on target 'FlutterMacOS' in project 'Pods'
[        ]          Explicit dependency on target 'app_settings-app_settings_privacy' in project 'Pods'
[        ]     Target 'app_settings-app_settings_privacy' in project 'Pods' (no dependencies)
[        ]     Target 'FlutterMacOS' in project 'Pods' (no dependencies)
[        ] GatherProvisioningInputs
[  +51 ms] CreateBuildDescription
[  +69 ms] ExecuteExternalTool /Applications/Xcode.app/Contents/Developer/Toolchains/XcodeDefault.xctoolchain/usr/bin/clang -v -E -dM -arch arm64 -isysroot /Applications/Xcode.app/Contents/Developer/Platforms/MacOSX.platform/Developer/SDKs/MacOSX26.2.sdk -x c -c /dev/null
[  +29 ms] ExecuteExternalTool /Applications/Xcode.app/Contents/Developer/Toolchains/XcodeDefault.xctoolchain/usr/bin/clang -v -E -dM -isysroot /Applications/Xcode.app/Contents/Developer/Platforms/MacOSX.platform/Developer/SDKs/MacOSX26.2.sdk -x c -c /dev/null
[  +26 ms] ExecuteExternalTool /Applications/Xcode.app/Contents/Developer/Toolchains/XcodeDefault.xctoolchain/usr/bin/clang -v -E -dM -arch arm64 -isysroot /Applications/Xcode.app/Contents/Developer/Platforms/MacOSX.platform/Developer/SDKs/MacOSX26.2.sdk -x objective-c -c /dev/null
[  +21 ms] ExecuteExternalTool /Applications/Xcode.app/Contents/Developer/usr/bin/ibtool --version --output-format xml1
[        ] ExecuteExternalTool /Applications/Xcode.app/Contents/Developer/Toolchains/XcodeDefault.xctoolchain/usr/bin/clang -v -E -dM -arch arm64 -isysroot /Applications/Xcode.app/Contents/Developer/Platforms/MacOSX.platform/Developer/SDKs/MacOSX26.2.sdk -x c++ -c /dev/null
[        ] ExecuteExternalTool /Applications/Xcode.app/Contents/Developer/usr/bin/actool --version --output-format xml1
[        ] ExecuteExternalTool /Applications/Xcode.app/Contents/Developer/Toolchains/XcodeDefault.xctoolchain/usr/bin/swiftc --version
[  +47 ms] ExecuteExternalTool /Applications/Xcode.app/Contents/Developer/Toolchains/XcodeDefault.xctoolchain/usr/bin/ld -version_details
[        ] ExecuteExternalTool /Applications/Xcode.app/Contents/Developer/Toolchains/XcodeDefault.xctoolchain/usr/bin/libtool -V
[ +107 ms] Build description signature: e4d7c6f4943eeff424c334bb8a30fe4c
[        ] Build description path: /Users/fam/Documents/Projects/sehatlocker/build/macos/Build/Intermediates.noindex/XCBuildData/e4d7c6f4943eeff424c334bb8a30fe4c.xcbuilddata
[  +62 ms] ClangStatCache /Applications/Xcode.app/Contents/Developer/Toolchains/XcodeDefault.xctoolchain/usr/bin/clang-stat-cache /Applications/Xcode.app/Contents/Developer/Platforms/MacOSX.platform/Developer/SDKs/MacOSX26.2.sdk /Users/fam/Documents/Projects/sehatlocker/build/macos/SDKStatCaches.noindex/macosx26.2-25C57-00fa09913b459cbbc988d1f6730289ae.sdkstatcache
[        ]     cd /Users/fam/Documents/Projects/sehatlocker/macos
[        ]     /Applications/Xcode.app/Contents/Developer/Toolchains/XcodeDefault.xctoolchain/usr/bin/clang-stat-cache /Applications/Xcode.app/Contents/Developer/Platforms/MacOSX.platform/Developer/SDKs/MacOSX26.2.sdk -o /Users/fam/Documents/Projects/sehatlocker/build/macos/SDKStatCaches.noindex/macosx26.2-25C57-00fa09913b459cbbc988d1f6730289ae.sdkstatcache
[ +142 ms] ProcessInfoPlistFile /Users/fam/Documents/Projects/sehatlocker/build/macos/Build/Products/Debug/url_launcher_macos/url_launcher_macos_privacy.bundle/Contents/Info.plist /Users/fam/Documents/Projects/sehatlocker/macos/Pods/Target\ Support\ Files/url_launcher_macos/ResourceBundle-url_launcher_macos_privacy-url_launcher_macos-Info.plist (in target 'url_launcher_macos-url_launcher_macos_privacy' from project 'Pods')
[        ]     cd /Users/fam/Documents/Projects/sehatlocker/macos/Pods
[        ]     builtin-infoPlistUtility /Users/fam/Documents/Projects/sehatlocker/macos/Pods/Target\ Support\ Files/url_launcher_macos/ResourceBundle-url_launcher_macos_privacy-url_launcher_macos-Info.plist -producttype com.apple.product-type.bundle -expandbuildsettings -platform macosx -o /Users/fam/Documents/Projects/sehatlocker/build/macos/Build/Products/Debug/url_launcher_macos/url_launcher_macos_privacy.bundle/Contents/Info.plist
[        ] ProcessInfoPlistFile /Users/fam/Documents/Projects/sehatlocker/build/macos/Build/Products/Debug/flutter_secure_storage_macos/flutter_secure_storage_macos.bundle/Contents/Info.plist /Users/fam/Documents/Projects/sehatlocker/macos/Pods/Target\ Support\ Files/flutter_secure_storage_macos/ResourceBundle-flutter_secure_storage_macos-flutter_secure_storage_macos-Info.plist (in target 'flutter_secure_storage_macos-flutter_secure_storage_macos' from project 'Pods')
[        ]     cd /Users/fam/Documents/Projects/sehatlocker/macos/Pods
[        ]     builtin-infoPlistUtility /Users/fam/Documents/Projects/sehatlocker/macos/Pods/Target\ Support\ Files/flutter_secure_storage_macos/ResourceBundle-flutter_secure_storage_macos-flutter_secure_storage_macos-Info.plist -producttype com.apple.product-type.bundle -expandbuildsettings -platform macosx -o /Users/fam/Documents/Projects/sehatlocker/build/macos/Build/Products/Debug/flutter_secure_storage_macos/flutter_secure_storage_macos.bundle/Contents/Info.plist
[        ] ProcessInfoPlistFile /Users/fam/Documents/Projects/sehatlocker/build/macos/Build/Products/Debug/share_plus/share_plus_privacy.bundle/Contents/Info.plist /Users/fam/Documents/Projects/sehatlocker/macos/Pods/Target\ Support\ Files/share_plus/ResourceBundle-share_plus_privacy-share_plus-Info.plist (in target 'share_plus-share_plus_privacy' from project 'Pods')
[        ]     cd /Users/fam/Documents/Projects/sehatlocker/macos/Pods
[        ]     builtin-infoPlistUtility /Users/fam/Documents/Projects/sehatlocker/macos/Pods/Target\ Support\ Files/share_plus/ResourceBundle-share_plus_privacy-share_plus-Info.plist -producttype com.apple.product-type.bundle -expandbuildsettings -platform macosx -o /Users/fam/Documents/Projects/sehatlocker/build/macos/Build/Products/Debug/share_plus/share_plus_privacy.bundle/Contents/Info.plist
[        ] ProcessInfoPlistFile /Users/fam/Documents/Projects/sehatlocker/build/macos/Build/Products/Debug/battery_plus/battery_plus_privacy.bundle/Contents/Info.plist /Users/fam/Documents/Projects/sehatlocker/macos/Pods/Target\ Support\ Files/battery_plus/ResourceBundle-battery_plus_privacy-battery_plus-Info.plist (in target 'battery_plus-battery_plus_privacy' from project 'Pods')
[        ]     cd /Users/fam/Documents/Projects/sehatlocker/macos/Pods
[        ]     builtin-infoPlistUtility /Users/fam/Documents/Projects/sehatlocker/macos/Pods/Target\ Support\ Files/battery_plus/ResourceBundle-battery_plus_privacy-battery_plus-Info.plist -producttype com.apple.product-type.bundle -expandbuildsettings -platform macosx -o /Users/fam/Documents/Projects/sehatlocker/build/macos/Build/Products/Debug/battery_plus/battery_plus_privacy.bundle/Contents/Info.plist
[        ] ProcessInfoPlistFile /Users/fam/Documents/Projects/sehatlocker/build/macos/Build/Products/Debug/connectivity_plus/connectivity_plus_privacy.bundle/Contents/Info.plist /Users/fam/Documents/Projects/sehatlocker/macos/Pods/Target\ Support\ Files/connectivity_plus/ResourceBundle-connectivity_plus_privacy-connectivity_plus-Info.plist (in target 'connectivity_plus-connectivity_plus_privacy' from project 'Pods')
[        ]     cd /Users/fam/Documents/Projects/sehatlocker/macos/Pods
[        ]     builtin-infoPlistUtility /Users/fam/Documents/Projects/sehatlocker/macos/Pods/Target\ Support\ Files/connectivity_plus/ResourceBundle-connectivity_plus_privacy-connectivity_plus-Info.plist -producttype com.apple.product-type.bundle -expandbuildsettings -platform macosx -o /Users/fam/Documents/Projects/sehatlocker/build/macos/Build/Products/Debug/connectivity_plus/connectivity_plus_privacy.bundle/Contents/Info.plist
[        ] ProcessInfoPlistFile /Users/fam/Documents/Projects/sehatlocker/build/macos/Build/Products/Debug/local_auth_darwin/local_auth_darwin_privacy.bundle/Contents/Info.plist /Users/fam/Documents/Projects/sehatlocker/macos/Pods/Target\ Support\ Files/local_auth_darwin/ResourceBundle-local_auth_darwin_privacy-local_auth_darwin-Info.plist (in target 'local_auth_darwin-local_auth_darwin_privacy' from project 'Pods')
[        ]     cd /Users/fam/Documents/Projects/sehatlocker/macos/Pods
[        ]     builtin-infoPlistUtility /Users/fam/Documents/Projects/sehatlocker/macos/Pods/Target\ Support\ Files/local_auth_darwin/ResourceBundle-local_auth_darwin_privacy-local_auth_darwin-Info.plist -producttype com.apple.product-type.bundle -expandbuildsettings -platform macosx -o /Users/fam/Documents/Projects/sehatlocker/build/macos/Build/Products/Debug/local_auth_darwin/local_auth_darwin_privacy.bundle/Contents/Info.plist
[        ] ProcessInfoPlistFile /Users/fam/Documents/Projects/sehatlocker/build/macos/Build/Products/Debug/app_settings/app_settings_privacy.bundle/Contents/Info.plist /Users/fam/Documents/Projects/sehatlocker/macos/Pods/Target\ Support\ Files/app_settings/ResourceBundle-app_settings_privacy-app_settings-Info.plist (in target 'app_settings-app_settings_privacy' from project 'Pods')
[        ]     cd /Users/fam/Documents/Projects/sehatlocker/macos/Pods
[        ]     builtin-infoPlistUtility /Users/fam/Documents/Projects/sehatlocker/macos/Pods/Target\ Support\ Files/app_settings/ResourceBundle-app_settings_privacy-app_settings-Info.plist -producttype com.apple.product-type.bundle -expandbuildsettings -platform macosx -o /Users/fam/Documents/Projects/sehatlocker/build/macos/Build/Products/Debug/app_settings/app_settings_privacy.bundle/Contents/Info.plist
[        ] PhaseScriptExecution [CP]\ Copy\ XCFrameworks /Users/fam/Documents/Projects/sehatlocker/build/macos/Build/Intermediates.noindex/Pods.build/Debug/ObjectBox.build/Script-CF5046B1965C17C425C68434C5F4930A.sh (in target 'ObjectBox' from project 'Pods')
[        ]     cd /Users/fam/Documents/Projects/sehatlocker/macos/Pods
[        ]     /bin/sh -c /Users/fam/Documents/Projects/sehatlocker/build/macos/Build/Intermediates.noindex/Pods.build/Debug/ObjectBox.build/Script-CF5046B1965C17C425C68434C5F4930A.sh
[        ] Selected xcframework slice macos-arm64_x86_64
[        ] rsync --delete -av --filter P .*.?????? --links --filter "- CVS/" --filter "- .svn/" --filter "- .git/" --filter "- .hg/" "/Users/fam/Documents/Projects/sehatlocker/macos/Pods/ObjectBox/ObjectBox.xcframework/macos-arm64_x86_64/*" "/Users/fam/Documents/Projects/sehatlocker/build/macos/Build/Products/Debug/XCFrameworkIntermediates/ObjectBox"
[        ] Transfer starting: 42 files
[        ] sent 3666 bytes  received 20 bytes  1189032 bytes/sec
[        ] total size is 17201596  speedup is 4666.74
[        ] Copied /Users/fam/Documents/Projects/sehatlocker/macos/Pods/ObjectBox/ObjectBox.xcframework/macos-arm64_x86_64 to /Users/fam/Documents/Projects/sehatlocker/build/macos/Build/Products/Debug/XCFrameworkIntermediates/ObjectBox
[        ] ProcessInfoPlistFile /Users/fam/Documents/Projects/sehatlocker/build/macos/Build/Products/Debug/flutter_local_notifications/flutter_local_notifications_privacy.bundle/Contents/Info.plist /Users/fam/Documents/Projects/sehatlocker/macos/Pods/Target\ Support\ Files/flutter_local_notifications/ResourceBundle-flutter_local_notifications_privacy-flutter_local_notifications-Info.plist (in target 'flutter_local_notifications-flutter_local_notifications_privacy' from project 'Pods')
[        ]     cd /Users/fam/Documents/Projects/sehatlocker/macos/Pods
[        ]     builtin-infoPlistUtility /Users/fam/Documents/Projects/sehatlocker/macos/Pods/Target\ Support\ Files/flutter_local_notifications/ResourceBundle-flutter_local_notifications_privacy-flutter_local_notifications-Info.plist -producttype com.apple.product-type.bundle -expandbuildsettings -platform macosx -o /Users/fam/Documents/Projects/sehatlocker/build/macos/Build/Products/Debug/flutter_local_notifications/flutter_local_notifications_privacy.bundle/Contents/Info.plist
[        ] ProcessInfoPlistFile /Users/fam/Documents/Projects/sehatlocker/build/macos/Build/Products/Debug/file_selector_macos/file_selector_macos_privacy.bundle/Contents/Info.plist /Users/fam/Documents/Projects/sehatlocker/macos/Pods/Target\ Support\ Files/file_selector_macos/ResourceBundle-file_selector_macos_privacy-file_selector_macos-Info.plist (in target 'file_selector_macos-file_selector_macos_privacy' from project 'Pods')
[        ]     cd /Users/fam/Documents/Projects/sehatlocker/macos/Pods
[        ]     builtin-infoPlistUtility /Users/fam/Documents/Projects/sehatlocker/macos/Pods/Target\ Support\ Files/file_selector_macos/ResourceBundle-file_selector_macos_privacy-file_selector_macos-Info.plist -producttype com.apple.product-type.bundle -expandbuildsettings -platform macosx -o /Users/fam/Documents/Projects/sehatlocker/build/macos/Build/Products/Debug/file_selector_macos/file_selector_macos_privacy.bundle/Contents/Info.plist
[        ] ProcessInfoPlistFile /Users/fam/Documents/Projects/sehatlocker/build/macos/Build/Products/Debug/local_auth_darwin/local_auth_darwin.framework/Versions/A/Resources/Info.plist /Users/fam/Documents/Projects/sehatlocker/macos/Pods/Target\ Support\ Files/local_auth_darwin/local_auth_darwin-Info.plist (in target 'local_auth_darwin' from project 'Pods')
[        ]     cd /Users/fam/Documents/Projects/sehatlocker/macos/Pods
[        ]     builtin-infoPlistUtility /Users/fam/Documents/Projects/sehatlocker/macos/Pods/Target\ Support\ Files/local_auth_darwin/local_auth_darwin-Info.plist -producttype com.apple.product-type.framework -expandbuildsettings -platform macosx -o /Users/fam/Documents/Projects/sehatlocker/build/macos/Build/Products/Debug/local_auth_darwin/local_auth_darwin.framework/Versions/A/Resources/Info.plist
[        ] ProcessInfoPlistFile /Users/fam/Documents/Projects/sehatlocker/build/macos/Build/Products/Debug/url_launcher_macos/url_launcher_macos.framework/Versions/A/Resources/Info.plist /Users/fam/Documents/Projects/sehatlocker/macos/Pods/Target\ Support\ Files/url_launcher_macos/url_launcher_macos-Info.plist (in target 'url_launcher_macos' from project 'Pods')
[        ]     cd /Users/fam/Documents/Projects/sehatlocker/macos/Pods
[        ]     builtin-infoPlistUtility /Users/fam/Documents/Projects/sehatlocker/macos/Pods/Target\ Support\ Files/url_launcher_macos/url_launcher_macos-Info.plist -producttype com.apple.product-type.framework -expandbuildsettings -platform macosx -o /Users/fam/Documents/Projects/sehatlocker/build/macos/Build/Products/Debug/url_launcher_macos/url_launcher_macos.framework/Versions/A/Resources/Info.plist
[        ] ProcessInfoPlistFile /Users/fam/Documents/Projects/sehatlocker/build/macos/Build/Products/Debug/connectivity_plus/connectivity_plus.framework/Versions/A/Resources/Info.plist /Users/fam/Documents/Projects/sehatlocker/macos/Pods/Target\ Support\ Files/connectivity_plus/connectivity_plus-Info.plist (in target 'connectivity_plus' from project 'Pods')
[        ]     cd /Users/fam/Documents/Projects/sehatlocker/macos/Pods
[        ]     builtin-infoPlistUtility /Users/fam/Documents/Projects/sehatlocker/macos/Pods/Target\ Support\ Files/connectivity_plus/connectivity_plus-Info.plist -producttype com.apple.product-type.framework -expandbuildsettings -platform macosx -o /Users/fam/Documents/Projects/sehatlocker/build/macos/Build/Products/Debug/connectivity_plus/connectivity_plus.framework/Versions/A/Resources/Info.plist
[        ] ProcessInfoPlistFile /Users/fam/Documents/Projects/sehatlocker/build/macos/Build/Products/Debug/share_plus/share_plus.framework/Versions/A/Resources/Info.plist /Users/fam/Documents/Projects/sehatlocker/macos/Pods/Target\ Support\ Files/share_plus/share_plus-Info.plist (in target 'share_plus' from project 'Pods')
[        ]     cd /Users/fam/Documents/Projects/sehatlocker/macos/Pods
[        ]     builtin-infoPlistUtility /Users/fam/Documents/Projects/sehatlocker/macos/Pods/Target\ Support\ Files/share_plus/share_plus-Info.plist -producttype com.apple.product-type.framework -expandbuildsettings -platform macosx -o /Users/fam/Documents/Projects/sehatlocker/build/macos/Build/Products/Debug/share_plus/share_plus.framework/Versions/A/Resources/Info.plist
[        ] ProcessInfoPlistFile /Users/fam/Documents/Projects/sehatlocker/build/macos/Build/Products/Debug/battery_plus/battery_plus.framework/Versions/A/Resources/Info.plist /Users/fam/Documents/Projects/sehatlocker/macos/Pods/Target\ Support\ Files/battery_plus/battery_plus-Info.plist (in target 'battery_plus' from project 'Pods')
[        ]     cd /Users/fam/Documents/Projects/sehatlocker/macos/Pods
[        ]     builtin-infoPlistUtility /Users/fam/Documents/Projects/sehatlocker/macos/Pods/Target\ Support\ Files/battery_plus/battery_plus-Info.plist -producttype com.apple.product-type.framework -expandbuildsettings -platform macosx -o /Users/fam/Documents/Projects/sehatlocker/build/macos/Build/Products/Debug/battery_plus/battery_plus.framework/Versions/A/Resources/Info.plist
[        ] ProcessInfoPlistFile /Users/fam/Documents/Projects/sehatlocker/build/macos/Build/Products/Debug/flutter_secure_storage_macos/flutter_secure_storage_macos.framework/Versions/A/Resources/Info.plist /Users/fam/Documents/Projects/sehatlocker/macos/Pods/Target\ Support\ Files/flutter_secure_storage_macos/flutter_secure_storage_macos-Info.plist (in target 'flutter_secure_storage_macos' from project 'Pods')
[        ]     cd /Users/fam/Documents/Projects/sehatlocker/macos/Pods
[        ]     builtin-infoPlistUtility /Users/fam/Documents/Projects/sehatlocker/macos/Pods/Target\ Support\ Files/flutter_secure_storage_macos/flutter_secure_storage_macos-Info.plist -producttype com.apple.product-type.framework -expandbuildsettings -platform macosx -o /Users/fam/Documents/Projects/sehatlocker/build/macos/Build/Products/Debug/flutter_secure_storage_macos/flutter_secure_storage_macos.framework/Versions/A/Resources/Info.plist
[        ] ProcessInfoPlistFile /Users/fam/Documents/Projects/sehatlocker/build/macos/Build/Products/Debug/flutter_local_notifications/flutter_local_notifications.framework/Versions/A/Resources/Info.plist /Users/fam/Documents/Projects/sehatlocker/macos/Pods/Target\ Support\ Files/flutter_local_notifications/flutter_local_notifications-Info.plist (in target 'flutter_local_notifications' from project 'Pods')
[        ]     cd /Users/fam/Documents/Projects/sehatlocker/macos/Pods
[        ]     builtin-infoPlistUtility /Users/fam/Documents/Projects/sehatlocker/macos/Pods/Target\ Support\ Files/flutter_local_notifications/flutter_local_notifications-Info.plist -producttype com.apple.product-type.framework -expandbuildsettings -platform macosx -o /Users/fam/Documents/Projects/sehatlocker/build/macos/Build/Products/Debug/flutter_local_notifications/flutter_local_notifications.framework/Versions/A/Resources/Info.plist
[        ] ProcessInfoPlistFile /Users/fam/Documents/Projects/sehatlocker/build/macos/Build/Products/Debug/file_selector_macos/file_selector_macos.framework/Versions/A/Resources/Info.plist /Users/fam/Documents/Projects/sehatlocker/macos/Pods/Target\ Support\ Files/file_selector_macos/file_selector_macos-Info.plist (in target 'file_selector_macos' from project 'Pods')
[        ]     cd /Users/fam/Documents/Projects/sehatlocker/macos/Pods
[        ]     builtin-infoPlistUtility /Users/fam/Documents/Projects/sehatlocker/macos/Pods/Target\ Support\ Files/file_selector_macos/file_selector_macos-Info.plist -producttype com.apple.product-type.framework -expandbuildsettings -platform macosx -o /Users/fam/Documents/Projects/sehatlocker/build/macos/Build/Products/Debug/file_selector_macos/file_selector_macos.framework/Versions/A/Resources/Info.plist
[        ] ProcessInfoPlistFile /Users/fam/Documents/Projects/sehatlocker/build/macos/Build/Products/Debug/objectbox_flutter_libs/objectbox_flutter_libs.framework/Versions/A/Resources/Info.plist /Users/fam/Documents/Projects/sehatlocker/macos/Pods/Target\ Support\ Files/objectbox_flutter_libs/objectbox_flutter_libs-Info.plist (in target 'objectbox_flutter_libs' from project 'Pods')
[        ]     cd /Users/fam/Documents/Projects/sehatlocker/macos/Pods
[        ]     builtin-infoPlistUtility /Users/fam/Documents/Projects/sehatlocker/macos/Pods/Target\ Support\ Files/objectbox_flutter_libs/objectbox_flutter_libs-Info.plist -producttype com.apple.product-type.framework -expandbuildsettings -platform macosx -o /Users/fam/Documents/Projects/sehatlocker/build/macos/Build/Products/Debug/objectbox_flutter_libs/objectbox_flutter_libs.framework/Versions/A/Resources/Info.plist
[  +51 ms] ProcessInfoPlistFile /Users/fam/Documents/Projects/sehatlocker/build/macos/Build/Products/Debug/screen_retriever_macos/screen_retriever_macos.framework/Versions/A/Resources/Info.plist /Users/fam/Documents/Projects/sehatlocker/macos/Pods/Target\ Support\ Files/screen_retriever_macos/screen_retriever_macos-Info.plist (in target 'screen_retriever_macos' from project 'Pods')
[        ]     cd /Users/fam/Documents/Projects/sehatlocker/macos/Pods
[        ]     builtin-infoPlistUtility /Users/fam/Documents/Projects/sehatlocker/macos/Pods/Target\ Support\ Files/screen_retriever_macos/screen_retriever_macos-Info.plist -producttype com.apple.product-type.framework -expandbuildsettings -platform macosx -o /Users/fam/Documents/Projects/sehatlocker/build/macos/Build/Products/Debug/screen_retriever_macos/screen_retriever_macos.framework/Versions/A/Resources/Info.plist
[  +19 ms] ProcessInfoPlistFile /Users/fam/Documents/Projects/sehatlocker/build/macos/Build/Products/Debug/flutter_tts/flutter_tts.framework/Versions/A/Resources/Info.plist /Users/fam/Documents/Projects/sehatlocker/macos/Pods/Target\ Support\ Files/flutter_tts/flutter_tts-Info.plist (in target 'flutter_tts' from project 'Pods')
[        ]     cd /Users/fam/Documents/Projects/sehatlocker/macos/Pods
[        ]     builtin-infoPlistUtility /Users/fam/Documents/Projects/sehatlocker/macos/Pods/Target\ Support\ Files/flutter_tts/flutter_tts-Info.plist -producttype com.apple.product-type.framework -expandbuildsettings -platform macosx -o /Users/fam/Documents/Projects/sehatlocker/build/macos/Build/Products/Debug/flutter_tts/flutter_tts.framework/Versions/A/Resources/Info.plist
[        ] ProcessInfoPlistFile /Users/fam/Documents/Projects/sehatlocker/build/macos/Build/Products/Debug/printing/printing.framework/Versions/A/Resources/Info.plist /Users/fam/Documents/Projects/sehatlocker/macos/Pods/Target\ Support\ Files/printing/printing-Info.plist (in target 'printing' from project 'Pods')
[        ]     cd /Users/fam/Documents/Projects/sehatlocker/macos/Pods
[        ]     builtin-infoPlistUtility /Users/fam/Documents/Projects/sehatlocker/macos/Pods/Target\ Support\ Files/printing/printing-Info.plist -producttype com.apple.product-type.framework -expandbuildsettings -platform macosx -o /Users/fam/Documents/Projects/sehatlocker/build/macos/Build/Products/Debug/printing/printing.framework/Versions/A/Resources/Info.plist
[        ] ProcessInfoPlistFile /Users/fam/Documents/Projects/sehatlocker/build/macos/Build/Products/Debug/flutter_sound/flutter_sound.framework/Versions/A/Resources/Info.plist /Users/fam/Documents/Projects/sehatlocker/macos/Pods/Target\ Support\ Files/flutter_sound/flutter_sound-Info.plist (in target 'flutter_sound' from project 'Pods')
[        ]     cd /Users/fam/Documents/Projects/sehatlocker/macos/Pods
[        ]     builtin-infoPlistUtility /Users/fam/Documents/Projects/sehatlocker/macos/Pods/Target\ Support\ Files/flutter_sound/flutter_sound-Info.plist -producttype com.apple.product-type.framework -expandbuildsettings -platform macosx -o /Users/fam/Documents/Projects/sehatlocker/build/macos/Build/Products/Debug/flutter_sound/flutter_sound.framework/Versions/A/Resources/Info.plist
[        ] ProcessInfoPlistFile /Users/fam/Documents/Projects/sehatlocker/build/macos/Build/Products/Debug/window_manager/window_manager.framework/Versions/A/Resources/Info.plist /Users/fam/Documents/Projects/sehatlocker/macos/Pods/Target\ Support\ Files/window_manager/window_manager-Info.plist (in target 'window_manager' from project 'Pods')
[        ]     cd /Users/fam/Documents/Projects/sehatlocker/macos/Pods
[        ]     builtin-infoPlistUtility /Users/fam/Documents/Projects/sehatlocker/macos/Pods/Target\ Support\ Files/window_manager/window_manager-Info.plist -producttype com.apple.product-type.framework -expandbuildsettings -platform macosx -o /Users/fam/Documents/Projects/sehatlocker/build/macos/Build/Products/Debug/window_manager/window_manager.framework/Versions/A/Resources/Info.plist
[        ] ProcessInfoPlistFile /Users/fam/Documents/Projects/sehatlocker/build/macos/Build/Products/Debug/device_info_plus/device_info_plus.framework/Versions/A/Resources/Info.plist /Users/fam/Documents/Projects/sehatlocker/macos/Pods/Target\ Support\ Files/device_info_plus/device_info_plus-Info.plist (in target 'device_info_plus' from project 'Pods')
[        ]     cd /Users/fam/Documents/Projects/sehatlocker/macos/Pods
[        ]     builtin-infoPlistUtility /Users/fam/Documents/Projects/sehatlocker/macos/Pods/Target\ Support\ Files/device_info_plus/device_info_plus-Info.plist -producttype com.apple.product-type.framework -expandbuildsettings -platform macosx -o /Users/fam/Documents/Projects/sehatlocker/build/macos/Build/Products/Debug/device_info_plus/device_info_plus.framework/Versions/A/Resources/Info.plist
[        ] ProcessInfoPlistFile /Users/fam/Documents/Projects/sehatlocker/build/macos/Build/Products/Debug/desktop_drop/desktop_drop.framework/Versions/A/Resources/Info.plist /Users/fam/Documents/Projects/sehatlocker/macos/Pods/Target\ Support\ Files/desktop_drop/desktop_drop-Info.plist (in target 'desktop_drop' from project 'Pods')
[        ]     cd /Users/fam/Documents/Projects/sehatlocker/macos/Pods
[        ]     builtin-infoPlistUtility /Users/fam/Documents/Projects/sehatlocker/macos/Pods/Target\ Support\ Files/desktop_drop/desktop_drop-Info.plist -producttype com.apple.product-type.framework -expandbuildsettings -platform macosx -o /Users/fam/Documents/Projects/sehatlocker/build/macos/Build/Products/Debug/desktop_drop/desktop_drop.framework/Versions/A/Resources/Info.plist
[        ] ProcessInfoPlistFile /Users/fam/Documents/Projects/sehatlocker/build/macos/Build/Products/Debug/app_settings/app_settings.framework/Versions/A/Resources/Info.plist /Users/fam/Documents/Projects/sehatlocker/macos/Pods/Target\ Support\ Files/app_settings/app_settings-Info.plist (in target 'app_settings' from project 'Pods')
[        ]     cd /Users/fam/Documents/Projects/sehatlocker/macos/Pods
[        ]     builtin-infoPlistUtility /Users/fam/Documents/Projects/sehatlocker/macos/Pods/Target\ Support\ Files/app_settings/app_settings-Info.plist -producttype com.apple.product-type.framework -expandbuildsettings -platform macosx -o /Users/fam/Documents/Projects/sehatlocker/build/macos/Build/Products/Debug/app_settings/app_settings.framework/Versions/A/Resources/Info.plist
[        ] ProcessInfoPlistFile /Users/fam/Documents/Projects/sehatlocker/build/macos/Build/Products/Debug/flutter_image_compress_macos/flutter_image_compress_macos.framework/Versions/A/Resources/Info.plist /Users/fam/Documents/Projects/sehatlocker/macos/Pods/Target\ Support\ Files/flutter_image_compress_macos/flutter_image_compress_macos-Info.plist (in target 'flutter_image_compress_macos' from project 'Pods')
[        ]     cd /Users/fam/Documents/Projects/sehatlocker/macos/Pods
[        ]     builtin-infoPlistUtility /Users/fam/Documents/Projects/sehatlocker/macos/Pods/Target\ Support\ Files/flutter_image_compress_macos/flutter_image_compress_macos-Info.plist -producttype com.apple.product-type.framework -expandbuildsettings -platform macosx -o /Users/fam/Documents/Projects/sehatlocker/build/macos/Build/Products/Debug/flutter_image_compress_macos/flutter_image_compress_macos.framework/Versions/A/Resources/Info.plist
[   +9 ms] WriteAuxiliaryFile /Users/fam/Documents/Projects/sehatlocker/build/macos/Build/Intermediates.noindex/Runner.build/Debug/Flutter\ Assemble.build/InputFileList-33CC111E2044C6BF0003C045-FlutterInputs-e9eca3457304c572f11f4818c1859bc0-resolved.xcfilelist (in target 'Flutter Assemble' from project 'Runner')
[        ]     cd /Users/fam/Documents/Projects/sehatlocker/macos
[        ]     write-file /Users/fam/Documents/Projects/sehatlocker/build/macos/Build/Intermediates.noindex/Runner.build/Debug/Flutter\ Assemble.build/InputFileList-33CC111E2044C6BF0003C045-FlutterInputs-e9eca3457304c572f11f4818c1859bc0-resolved.xcfilelist
[   +2 ms] ProcessInfoPlistFile /Users/fam/Documents/Projects/sehatlocker/build/macos/Build/Products/Debug/whisper_flutter_new/whisper_flutter_new.framework/Versions/A/Resources/Info.plist /Users/fam/Documents/Projects/sehatlocker/macos/Pods/Target\ Support\ Files/whisper_flutter_new/whisper_flutter_new-Info.plist (in target 'whisper_flutter_new' from project 'Pods')
[        ]     cd /Users/fam/Documents/Projects/sehatlocker/macos/Pods
[        ]     builtin-infoPlistUtility /Users/fam/Documents/Projects/sehatlocker/macos/Pods/Target\ Support\ Files/whisper_flutter_new/whisper_flutter_new-Info.plist -producttype com.apple.product-type.framework -expandbuildsettings -platform macosx -o /Users/fam/Documents/Projects/sehatlocker/build/macos/Build/Products/Debug/whisper_flutter_new/whisper_flutter_new.framework/Versions/A/Resources/Info.plist
[   +3 ms] PhaseScriptExecution Run\ Script /Users/fam/Documents/Projects/sehatlocker/build/macos/Build/Intermediates.noindex/Runner.build/Debug/Flutter\ Assemble.build/Script-33CC111E2044C6BF0003C045.sh (in target 'Flutter Assemble' from project 'Runner')
[        ]     cd /Users/fam/Documents/Projects/sehatlocker/macos
[        ]     export ACTION\=build
[        ]     export AD_HOC_CODE_SIGNING_ALLOWED\=YES
[        ]     export ALLOW_BUILD_REQUEST_OVERRIDES\=NO
[        ]     export ALLOW_TARGET_PLATFORM_SPECIALIZATION\=NO
[        ]     export ALTERNATE_GROUP\=staff
[        ]     export ALTERNATE_MODE\=u+w,go-w,a+rX
[        ]     export ALTERNATE_OWNER\=fam
[        ]     export ALTERNATIVE_DISTRIBUTION_WEB\=NO
[        ]     export ALWAYS_EMBED_SWIFT_STANDARD_LIBRARIES\=YES
[        ]     export ALWAYS_SEARCH_USER_PATHS\=NO
[        ]     export ALWAYS_USE_SEPARATE_HEADERMAPS\=NO
[        ]     export ANDROID_DEPLOYMENT_TARGET\=21.0
[        ]     export APPLICATION_EXTENSION_API_ONLY\=NO
[        ]     export APPLY_RULES_IN_COPY_FILES\=NO
[        ]     export APPLY_RULES_IN_COPY_HEADERS\=NO
[        ]     export APP_SHORTCUTS_ENABLE_FLEXIBLE_MATCHING\=YES
[        ]     export ARCHS\=arm64
[        ]     export ARCHS_STANDARD\=arm64\ x86_64
[        ]     export ARCHS_STANDARD_32_64_BIT\=arm64\ x86_64\ i386
[        ]     export ARCHS_STANDARD_32_BIT\=i386
[        ]     export ARCHS_STANDARD_64_BIT\=arm64\ x86_64
[        ]     export ARCHS_STANDARD_INCLUDING_64_BIT\=arm64\ x86_64
[        ]     export ASSETCATALOG_COMPILER_GENERATE_SWIFT_ASSET_SYMBOL_EXTENSIONS\=YES
[        ]     export AUTOMATICALLY_MERGE_DEPENDENCIES\=NO
[        ]     export AUTOMATION_APPLE_EVENTS\=NO
[        ]     export AVAILABLE_PLATFORMS\=android\ appletvos\ appletvsimulator\ driverkit\ iphoneos\ iphonesimulator\ macosx\ qnx\ watchos\ watchsimulator\ webassembly\ xros\ xrsimulator
[        ]     export BUILD_ACTIVE_RESOURCES_ONLY\=NO
[        ]     export BUILD_COMPONENTS\=headers\ build
[        ]     export BUILD_DIR\=/Users/fam/Documents/Projects/sehatlocker/build/macos/Build/Products
[        ]     export BUILD_LIBRARY_FOR_DISTRIBUTION\=NO
[        ]     export BUILD_ROOT\=/Users/fam/Documents/Projects/sehatlocker/build/macos/Build/Products
[        ]     export BUILD_STYLE\=
[        ]     export BUILD_VARIANTS\=normal
[        ]     export BUILT_PRODUCTS_DIR\=/Users/fam/Documents/Projects/sehatlocker/build/macos/Build/Products/Debug
[        ]     export BUNDLE_CONTENTS_FOLDER_PATH\=Contents/
[        ]     export BUNDLE_CONTENTS_FOLDER_PATH_deep\=Contents/
[        ]     export BUNDLE_EXECUTABLE_FOLDER_NAME_deep\=MacOS
[        ]     export BUNDLE_EXECUTABLE_FOLDER_PATH\=Contents/MacOS
[        ]     export BUNDLE_EXTENSIONS_FOLDER_PATH\=Contents/Extensions
[        ]     export BUNDLE_FORMAT\=deep
[        ]     export BUNDLE_FRAMEWORKS_FOLDER_PATH\=Contents/Frameworks
[        ]     export BUNDLE_PLUGINS_FOLDER_PATH\=Contents/PlugIns
[        ]     export BUNDLE_PRIVATE_HEADERS_FOLDER_PATH\=Contents/PrivateHeaders
[        ]     export BUNDLE_PUBLIC_HEADERS_FOLDER_PATH\=Contents/Headers
[        ]     export CACHE_ROOT\=/var/folders/9z/ltljzj2d0n166qgyzg33mhgc0000gp/C/com.apple.DeveloperTools/26.2-17C52/Xcode
[        ]     export CCHROOT\=/var/folders/9z/ltljzj2d0n166qgyzg33mhgc0000gp/C/com.apple.DeveloperTools/26.2-17C52/Xcode
[        ]     export CHMOD\=/bin/chmod
[        ]     export CHOWN\=/usr/sbin/chown
[        ]     export CLANG_ANALYZER_NONNULL\=YES
[        ]     export CLANG_ANALYZER_NUMBER_OBJECT_CONVERSION\=YES_AGGRESSIVE
[        ]     export CLANG_CACHE_FINE_GRAINED_OUTPUTS\=YES
[        ]     export CLANG_CXX_LANGUAGE_STANDARD\=gnu++14
[        ]     export CLANG_CXX_LIBRARY\=libc++
[        ]     export CLANG_ENABLE_EXPLICIT_MODULES\=YES
[        ]     export CLANG_ENABLE_MODULES\=YES
[        ]     export CLANG_ENABLE_OBJC_ARC\=YES
[        ]     export CLANG_MODULES_BUILD_SESSION_FILE\=/Users/fam/Documents/Projects/sehatlocker/build/macos/ModuleCache.noindex/Session.modulevalidation
[        ]     export CLANG_UNDEFINED_BEHAVIOR_SANITIZER_NULLABILITY\=YES
[        ]     export CLANG_WARN_BLOCK_CAPTURE_AUTORELEASING\=YES
[        ]     export CLANG_WARN_BOOL_CONVERSION\=YES
[        ]     export CLANG_WARN_COMMA\=YES
[        ]     export CLANG_WARN_CONSTANT_CONVERSION\=YES
[        ]     export CLANG_WARN_DEPRECATED_OBJC_IMPLEMENTATIONS\=YES
[        ]     export CLANG_WARN_DIRECT_OBJC_ISA_USAGE\=YES_ERROR
[        ]     export CLANG_WARN_DOCUMENTATION_COMMENTS\=YES
[        ]     export CLANG_WARN_EMPTY_BODY\=YES
[        ]     export CLANG_WARN_ENUM_CONVERSION\=YES
[        ]     export CLANG_WARN_INFINITE_RECURSION\=YES
[        ]     export CLANG_WARN_INT_CONVERSION\=YES
[        ]     export CLANG_WARN_NON_LITERAL_NULL_CONVERSION\=YES
[        ]     export CLANG_WARN_OBJC_IMPLICIT_RETAIN_SELF\=YES
[        ]     export CLANG_WARN_OBJC_LITERAL_CONVERSION\=YES
[        ]     export CLANG_WARN_OBJC_REPEATED_USE_OF_WEAK\=YES
[        ]     export CLANG_WARN_OBJC_ROOT_CLASS\=YES_ERROR
[        ]     export CLANG_WARN_PRAGMA_PACK\=YES
[        ]     export CLANG_WARN_QUOTED_INCLUDE_IN_FRAMEWORK_HEADER\=NO
[        ]     export CLANG_WARN_RANGE_LOOP_ANALYSIS\=YES
[        ]     export CLANG_WARN_STRICT_PROTOTYPES\=YES
[        ]     export CLANG_WARN_SUSPICIOUS_MOVE\=YES
[        ]     export CLANG_WARN_UNGUARDED_AVAILABILITY\=YES_AGGRESSIVE
[        ]     export CLANG_WARN_UNREACHABLE_CODE\=YES
[        ]     export CLANG_WARN__DUPLICATE_METHOD_MATCH\=YES
[        ]     export CLASS_FILE_DIR\=/Users/fam/Documents/Projects/sehatlocker/build/macos/Build/Intermediates.noindex/Runner.build/Debug/Flutter\ Assemble.build/JavaClasses
[        ]     export CLEAN_PRECOMPS\=YES
[        ]     export CLONE_HEADERS\=NO
[        ]     export COCOAPODS_PARALLEL_CODE_SIGN\=true
[        ]     export CODESIGNING_FOLDER_PATH\=/Users/fam/Documents/Projects/sehatlocker/build/macos/Build/Products/Debug/
[        ]     export CODE_SIGNING_ALLOWED\=NO
[        ]     export CODE_SIGNING_REQUIRED\=YES
[        ]     export CODE_SIGN_IDENTITY\=-
[        ]     export CODE_SIGN_IDENTITY_NO\=Apple\ Development
[        ]     export CODE_SIGN_IDENTITY_YES\=-
[        ]     export CODE_SIGN_INJECT_BASE_ENTITLEMENTS\=YES
[        ]     export CODE_SIGN_STYLE\=Manual
[        ]     export COLOR_DIAGNOSTICS\=NO
[        ]     export COMBINE_HIDPI_IMAGES\=NO
[        ]     export COMPILATION_CACHE_CAS_PATH\=/Users/fam/Documents/Projects/sehatlocker/build/macos/CompilationCache.noindex
[        ]     export COMPILATION_CACHE_KEEP_CAS_DIRECTORY\=YES
[        ]     export COMPILER_INDEX_STORE_ENABLE\=NO
[        ]     export COMPOSITE_SDK_DIRS\=/Users/fam/Documents/Projects/sehatlocker/build/macos/Build/Intermediates.noindex/CompositeSDKs
[        ]     export COMPRESS_PNG_FILES\=NO
[        ]     export CONFIGURATION\=Debug
[        ]     export CONFIGURATION_BUILD_DIR\=/Users/fam/Documents/Projects/sehatlocker/build/macos/Build/Products/Debug
[        ]     export CONFIGURATION_TEMP_DIR\=/Users/fam/Documents/Projects/sehatlocker/build/macos/Build/Intermediates.noindex/Runner.build/Debug
[        ]     export COPYING_PRESERVES_HFS_DATA\=NO
[        ]     export COPY_HEADERS_RUN_UNIFDEF\=NO
[        ]     export COPY_PHASE_STRIP\=NO
[        ]     export CP\=/bin/cp
[        ]     export CREATE_INFOPLIST_SECTION_IN_BINARY\=NO
[        ]     export CURRENT_ARCH\=undefined_arch
[        ]     export CURRENT_VARIANT\=normal
[        ]     export DART_DEFINES\=RkxVVFRFUl9WRVJTSU9OPTMuMzguNQ\=\=,RkxVVFRFUl9DSEFOTkVMPXN0YWJsZQ\=\=,RkxVVFRFUl9HSVRfVVJMPWh0dHBzOi8vZ2l0aHViLmNvbS9mbHV0dGVyL2ZsdXR0ZXIuZ2l0,RkxVVFRFUl9GUkFNRVdPUktfUkVWSVNJT049ZjZmZjE1MjlmZA\=\=,RkxVVFRFUl9FTkdJTkVfUkVWSVNJT049MTUyN2FlMGVjNQ\=\=,RkxVVFRFUl9EQVJUX1ZFUlNJT049My4xMC40
[        ]     export DART_OBFUSCATION\=false
[        ]     export DEAD_CODE_STRIPPING\=YES
[        ]     export DEBUGGING_SYMBOLS\=YES
[        ]     export DEBUG_INFORMATION_FORMAT\=dwarf
[        ]     export DEBUG_INFORMATION_VERSION\=compiler-default
[        ]     export DEFAULT_COMPILER\=com.apple.compilers.llvm.clang.1_0
[        ]     export DEFAULT_DEXT_INSTALL_PATH\=/System/Library/DriverExtensions
[        ]     export DEFAULT_KEXT_INSTALL_PATH\=/System/Library/Extensions
[        ]     export DEFINES_MODULE\=NO
[        ]     export DEPLOYMENT_LOCATION\=NO
[        ]     export DEPLOYMENT_POSTPROCESSING\=NO
[        ]     export DEPLOYMENT_TARGET_SETTING_NAME\=MACOSX_DEPLOYMENT_TARGET
[        ]     export DEPLOYMENT_TARGET_SUGGESTED_VALUES\=10.13\ 10.14\ 10.15\ 11.0\ 11.1\ 11.2\ 11.3\ 11.4\ 11.5\ 12.0\ 12.2\ 12.3\ 12.4\ 13.0\ 13.1\ 13.2\ 13.3\ 13.4\ 13.5\ 14.0\ 14.1\ 14.2\ 14.3\ 14.4\ 14.5\ 14.6\ 15.0\ 15.1\ 15.2\ 15.3\ 15.4\ 15.5\ 15.6\ 26.0\ 26.1\ 26.2
[        ]     export DERIVED_FILES_DIR\=/Users/fam/Documents/Projects/sehatlocker/build/macos/Build/Intermediates.noindex/Runner.build/Debug/Flutter\ Assemble.build/DerivedSources
[        ]     export DERIVED_FILE_DIR\=/Users/fam/Documents/Projects/sehatlocker/build/macos/Build/Intermediates.noindex/Runner.build/Debug/Flutter\ Assemble.build/DerivedSources
[        ]     export DERIVED_SOURCES_DIR\=/Users/fam/Documents/Projects/sehatlocker/build/macos/Build/Intermediates.noindex/Runner.build/Debug/Flutter\ Assemble.build/DerivedSources
[        ]     export DEVELOPER_APPLICATIONS_DIR\=/Applications/Xcode.app/Contents/Developer/Applications
[        ]     export DEVELOPER_BIN_DIR\=/Applications/Xcode.app/Contents/Developer/usr/bin
[        ]     export DEVELOPER_DIR\=/Applications/Xcode.app/Contents/Developer
[        ]     export DEVELOPER_FRAMEWORKS_DIR\=/Applications/Xcode.app/Contents/Developer/Library/Frameworks
[        ]     export DEVELOPER_FRAMEWORKS_DIR_QUOTED\=/Applications/Xcode.app/Contents/Developer/Library/Frameworks
[        ]     export DEVELOPER_LIBRARY_DIR\=/Applications/Xcode.app/Contents/Developer/Library
[        ]     export DEVELOPER_SDK_DIR\=/Applications/Xcode.app/Contents/Developer/Platforms/MacOSX.platform/Developer/SDKs
[        ]     export DEVELOPER_TOOLS_DIR\=/Applications/Xcode.app/Contents/Developer/Tools
[        ]     export DEVELOPER_USR_DIR\=/Applications/Xcode.app/Contents/Developer/usr
[        ]     export DEVELOPMENT_LANGUAGE\=en
[        ]     export DIAGNOSE_MISSING_TARGET_DEPENDENCIES\=YES
[        ]     export DIFF\=/usr/bin/diff
[        ]     export DONT_GENERATE_INFOPLIST_FILE\=NO
[        ]     export DSTROOT\=/tmp/Runner.dst
[        ]     export DT_TOOLCHAIN_DIR\=/Applications/Xcode.app/Contents/Developer/Toolchains/XcodeDefault.xctoolchain
[        ]     export DWARF_DSYM_FILE_NAME\=.dSYM
[        ]     export DWARF_DSYM_FILE_SHOULD_ACCOMPANY_PRODUCT\=NO
[        ]     export DWARF_DSYM_FOLDER_PATH\=/Users/fam/Documents/Projects/sehatlocker/build/macos/Build/Products/Debug
[        ]     export DYNAMIC_LIBRARY_EXTENSION\=dylib
[        ]     export EAGER_COMPILATION_ALLOW_SCRIPTS\=NO
[        ]     export EAGER_LINKING\=NO
[        ]     export EMBEDDED_CONTENT_CONTAINS_SWIFT\=NO
[        ]     export EMBEDDED_PROFILE_NAME\=embedded.provisionprofile
[        ]     export EMBED_ASSET_PACKS_IN_PRODUCT_BUNDLE\=NO
[        ]     export ENABLE_APP_SANDBOX\=NO
[        ]     export ENABLE_CODE_COVERAGE\=YES
[        ]     export ENABLE_CPLUSPLUS_BOUNDS_SAFE_BUFFERS\=NO
[        ]     export ENABLE_C_BOUNDS_SAFETY\=NO
[        ]     export ENABLE_DEBUG_DYLIB\=NO
[        ]     export ENABLE_DEFAULT_HEADER_SEARCH_PATHS\=YES
[        ]     export ENABLE_DEFAULT_SEARCH_PATHS\=YES
[        ]     export ENABLE_ENHANCED_SECURITY\=NO
[        ]     export ENABLE_HARDENED_RUNTIME\=NO
[        ]     export ENABLE_HEADER_DEPENDENCIES\=YES
[        ]     export ENABLE_INCOMING_NETWORK_CONNECTIONS\=NO
[        ]     export ENABLE_ON_DEMAND_RESOURCES\=NO
[        ]     export ENABLE_OUTGOING_NETWORK_CONNECTIONS\=NO
[        ]     export ENABLE_POINTER_AUTHENTICATION\=NO
[        ]     export ENABLE_PREVIEWS\=NO
[        ]     export ENABLE_RESOURCE_ACCESS_AUDIO_INPUT\=NO
[        ]     export ENABLE_RESOURCE_ACCESS_BLUETOOTH\=NO
[        ]     export ENABLE_RESOURCE_ACCESS_CALENDARS\=NO
[        ]     export ENABLE_RESOURCE_ACCESS_CAMERA\=NO
[        ]     export ENABLE_RESOURCE_ACCESS_CONTACTS\=NO
[        ]     export ENABLE_RESOURCE_ACCESS_LOCATION\=NO
[        ]     export ENABLE_RESOURCE_ACCESS_PHOTO_LIBRARY\=NO
[        ]     export ENABLE_RESOURCE_ACCESS_PRINTING\=NO
[        ]     export ENABLE_RESOURCE_ACCESS_USB\=NO
[        ]     export ENABLE_SDK_IMPORTS\=NO
[        ]     export ENABLE_SECURITY_COMPILER_WARNINGS\=NO
[        ]     export ENABLE_STRICT_OBJC_MSGSEND\=YES
[        ]     export ENABLE_TESTABILITY\=YES
[        ]     export ENABLE_TESTING_SEARCH_PATHS\=NO
[        ]     export ENABLE_USER_SCRIPT_SANDBOXING\=NO
[        ]     export ENABLE_XOJIT_PREVIEWS\=NO
[        ]     export ENFORCE_VALID_ARCHS\=YES
[        ]     export ENTITLEMENTS_DESTINATION\=Signature
[        ]     export ENTITLEMENTS_REQUIRED\=YES
[        ]     export EXCLUDED_INSTALLSRC_SUBDIRECTORY_PATTERNS\=.DS_Store\ .svn\ .git\ .hg\ CVS
[        ]     export EXCLUDED_RECURSIVE_SEARCH_PATH_SUBDIRECTORIES\=\*.nib\ \*.lproj\ \*.framework\ \*.gch\ \*.xcode\*\ \*.xcassets\ \*.icon\ \(\*\)\ .DS_Store\ CVS\ .svn\ .git\ .hg\ \*.pbproj\ \*.pbxproj
[        ]     export FILE_LIST\=/Users/fam/Documents/Projects/sehatlocker/build/macos/Build/Intermediates.noindex/Runner.build/Debug/Flutter\ Assemble.build/Objects/LinkFileList
[        ]     export FIXED_FILES_DIR\=/Users/fam/Documents/Projects/sehatlocker/build/macos/Build/Intermediates.noindex/Runner.build/Debug/Flutter\ Assemble.build/FixedFiles
[        ]     export FLUTTER_APPLICATION_PATH\=/Users/fam/Documents/Projects/sehatlocker
[        ]     export FLUTTER_BUILD_DIR\=build
[        ]     export FLUTTER_BUILD_NAME\=1.0.0
[        ]     export FLUTTER_BUILD_NUMBER\=1
[        ]     export FLUTTER_ROOT\=/opt/homebrew/share/flutter
[        ]     export FLUTTER_TARGET\=lib/main.dart
[        ]     export FRAMEWORK_SEARCH_PATHS\=\ \"/Users/fam/Documents/Projects/sehatlocker/build/macos/Build/Products/Debug/app_settings\"\ \"/Users/fam/Documents/Projects/sehatlocker/build/macos/Build/Products/Debug/battery_plus\"\ \"/Users/fam/Documents/Projects/sehatlocker/build/macos/Build/Products/Debug/connectivity_plus\"\ \"/Users/fam/Documents/Projects/sehatlocker/build/macos/Build/Products/Debug/desktop_drop\"\ \"/Users/fam/Documents/Projects/sehatlocker/build/macos/Build/Products/Debug/device_info_plus\"\ \"/Users/fam/Documents/Projects/sehatlocker/build/macos/Build/Products/Debug/file_selector_macos\"\ \"/Users/fam/Documents/Projects/sehatlocker/build/macos/Build/Products/Debug/flutter_image_compress_macos\"\ \"/Users/fam/Documents/Projects/sehatlocker/build/macos/Build/Products/Debug/flutter_local_notifications\"\ \"/Users/fam/Documents/Projects/sehatlocker/build/macos/Build/Products/Debug/flutter_secure_storage_macos\"\ \"/Users/fam/Documents/Projects/sehatlocker/build/macos/Build/Products/Debug/flutter_sound\"\ \"/Users/fam/Documents/Projects/sehatlocker/build/macos/Build/Products/Debug/flutter_tts\"\ \"/Users/fam/Documents/Projects/sehatlocker/build/macos/Build/Products/Debug/local_auth_darwin\"\ \"/Users/fam/Documents/Projects/sehatlocker/build/macos/Build/Products/Debug/objectbox_flutter_libs\"\ \"/Users/fam/Documents/Projects/sehatlocker/build/macos/Build/Products/Debug/printing\"\ \"/Users/fam/Documents/Projects/sehatlocker/build/macos/Build/Products/Debug/screen_retriever_macos\"\ \"/Users/fam/Documents/Projects/sehatlocker/build/macos/Build/Products/Debug/share_plus\"\ \"/Users/fam/Documents/Projects/sehatlocker/build/macos/Build/Products/Debug/url_launcher_macos\"\ \"/Users/fam/Documents/Projects/sehatlocker/build/macos/Build/Products/Debug/whisper_flutter_new\"\ \"/Users/fam/Documents/Projects/sehatlocker/build/macos/Build/Products/Debug/window_manager\"\ \"/Users/fam/Documents/Projects/sehatlocker/macos/Pods/ObjectBox\"\ \"/Users/fam/Documents/Projects/sehatlocker/build/macos/Build/Products/Debug/XCFrameworkIntermediates/ObjectBox\"
[        ]     export FRAMEWORK_VERSION\=A
[        ]     export FUSE_BUILD_PHASES\=YES
[        ]     export FUSE_BUILD_SCRIPT_PHASES\=NO
[        ]     export GCC3_VERSION\=3.3
[        ]     export GCC_C_LANGUAGE_STANDARD\=gnu11
[        ]     export GCC_DYNAMIC_NO_PIC\=NO
[        ]     export GCC_NO_COMMON_BLOCKS\=YES
[        ]     export GCC_OPTIMIZATION_LEVEL\=0
[        ]     export GCC_PFE_FILE_C_DIALECTS\=c\ objective-c\ c++\ objective-c++
[        ]     export GCC_PREPROCESSOR_DEFINITIONS\=DEBUG\=1\ \ COCOAPODS\=1
[        ]     export GCC_TREAT_WARNINGS_AS_ERRORS\=NO
[        ]     export GCC_VERSION\=com.apple.compilers.llvm.clang.1_0
[        ]     export GCC_VERSION_IDENTIFIER\=com_apple_compilers_llvm_clang_1_0
[        ]     export GCC_WARN_64_TO_32_BIT_CONVERSION\=YES
[        ]     export GCC_WARN_ABOUT_RETURN_TYPE\=YES_ERROR
[        ]     export GCC_WARN_SHADOW\=YES
[        ]     export GCC_WARN_STRICT_SELECTOR_MATCH\=YES
[        ]     export GCC_WARN_UNDECLARED_SELECTOR\=YES
[        ]     export GCC_WARN_UNINITIALIZED_AUTOS\=YES_AGGRESSIVE
[        ]     export GCC_WARN_UNUSED_FUNCTION\=YES
[        ]     export GCC_WARN_UNUSED_VARIABLE\=YES
[        ]     export GENERATED_MODULEMAP_DIR\=/Users/fam/Documents/Projects/sehatlocker/build/macos/Build/Intermediates.noindex/GeneratedModuleMaps
[        ]     export GENERATE_INFOPLIST_FILE\=NO
[        ]     export GENERATE_INTERMEDIATE_TEXT_BASED_STUBS\=YES
[        ]     export GENERATE_PKGINFO_FILE\=NO
[        ]     export GENERATE_PRELINK_OBJECT_FILE\=NO
[        ]     export GENERATE_PROFILING_CODE\=NO
[        ]     export GENERATE_TEXT_BASED_STUBS\=NO
[        ]     export GID\=20
[        ]     export GROUP\=staff
[        ]     export HEADERMAP_INCLUDES_FLAT_ENTRIES_FOR_TARGET_BEING_BUILT\=YES
[        ]     export HEADERMAP_INCLUDES_FRAMEWORK_ENTRIES_FOR_ALL_PRODUCT_TYPES\=YES
[        ]     export HEADERMAP_INCLUDES_FRAMEWORK_ENTRIES_FOR_TARGETS_NOT_BEING_BUILT\=YES
[        ]     export HEADERMAP_INCLUDES_NONPUBLIC_NONPRIVATE_HEADERS\=YES
[        ]     export HEADERMAP_INCLUDES_PROJECT_HEADERS\=YES
[        ]     export HEADERMAP_USES_FRAMEWORK_PREFIX_ENTRIES\=YES
[        ]     export HEADERMAP_USES_VFS\=NO
[        ]     export HEADER_SEARCH_PATHS\=\ \"/Users/fam/Documents/Projects/sehatlocker/build/macos/Build/Products/Debug/app_settings/app_settings.framework/Headers\"\ \"/Users/fam/Documents/Projects/sehatlocker/build/macos/Build/Products/Debug/battery_plus/battery_plus.framework/Headers\"\ \"/Users/fam/Documents/Projects/sehatlocker/build/macos/Build/Products/Debug/connectivity_plus/connectivity_plus.framework/Headers\"\ \"/Users/fam/Documents/Projects/sehatlocker/build/macos/Build/Products/Debug/desktop_drop/desktop_drop.framework/Headers\"\ \"/Users/fam/Documents/Projects/sehatlocker/build/macos/Build/Products/Debug/device_info_plus/device_info_plus.framework/Headers\"\ \"/Users/fam/Documents/Projects/sehatlocker/build/macos/Build/Products/Debug/file_selector_macos/file_selector_macos.framework/Headers\"\ \"/Users/fam/Documents/Projects/sehatlocker/build/macos/Build/Products/Debug/flutter_image_compress_macos/flutter_image_compress_macos.framework/Headers\"\ \"/Users/fam/Documents/Projects/sehatlocker/build/macos/Build/Products/Debug/flutter_local_notifications/flutter_local_notifications.framework/Headers\"\ \"/Users/fam/Documents/Projects/sehatlocker/build/macos/Build/Products/Debug/flutter_secure_storage_macos/flutter_secure_storage_macos.framework/Headers\"\ \"/Users/fam/Documents/Projects/sehatlocker/build/macos/Build/Products/Debug/flutter_sound/flutter_sound.framework/Headers\"\ \"/Users/fam/Documents/Projects/sehatlocker/build/macos/Build/Products/Debug/flutter_tts/flutter_tts.framework/Headers\"\ \"/Users/fam/Documents/Projects/sehatlocker/build/macos/Build/Products/Debug/local_auth_darwin/local_auth_darwin.framework/Headers\"\ \"/Users/fam/Documents/Projects/sehatlocker/build/macos/Build/Products/Debug/objectbox_flutter_libs/objectbox_flutter_libs.framework/Headers\"\ \"/Users/fam/Documents/Projects/sehatlocker/build/macos/Build/Products/Debug/printing/printing.framework/Headers\"\ \"/Users/fam/Documents/Projects/sehatlocker/build/macos/Build/Products/Debug/screen_retriever_macos/screen_retriever_macos.framework/Headers\"\ \"/Users/fam/Documents/Projects/sehatlocker/build/macos/Build/Products/Debug/share_plus/share_plus.framework/Headers\"\ \"/Users/fam/Documents/Projects/sehatlocker/build/macos/Build/Products/Debug/url_launcher_macos/url_launcher_macos.framework/Headers\"\ \"/Users/fam/Documents/Projects/sehatlocker/build/macos/Build/Products/Debug/whisper_flutter_new/whisper_flutter_new.framework/Headers\"\ \"/Users/fam/Documents/Projects/sehatlocker/build/macos/Build/Products/Debug/window_manager/window_manager.framework/Headers\"
[        ]     export HOME\=/Users/fam
[        ]     export HOST_ARCH\=arm64
[        ]     export HOST_PLATFORM\=macosx
[        ]     export ICONV\=/usr/bin/iconv
[        ]     export IMPLICIT_DEPENDENCY_DOMAIN\=default
[        ]     export INFOPLIST_ENABLE_CFBUNDLEICONS_MERGE\=YES
[        ]     export INFOPLIST_EXPAND_BUILD_SETTINGS\=YES
[        ]     export INFOPLIST_OUTPUT_FORMAT\=same-as-input
[        ]     export INFOPLIST_PREPROCESS\=NO
[        ]     export INLINE_PRIVATE_FRAMEWORKS\=NO
[        ]     export INSTALLAPI_IGNORE_SKIP_INSTALL\=YES
[        ]     export INSTALLHDRS_COPY_PHASE\=NO
[        ]     export INSTALLHDRS_SCRIPT_PHASE\=NO
[        ]     export INSTALL_DIR\=/tmp/Runner.dst
[        ]     export INSTALL_GROUP\=staff
[        ]     export INSTALL_MODE_FLAG\=u+w,go-w,a+rX
[        ]     export INSTALL_OWNER\=fam
[        ]     export INSTALL_ROOT\=/tmp/Runner.dst
[        ]     export IOS_UNZIPPERED_TWIN_PREFIX_PATH\=/System/iOSSupport
[        ]     export IS_MACCATALYST\=NO
[        ]     export IS_UNOPTIMIZED_BUILD\=YES
[        ]     export JAVAC_DEFAULT_FLAGS\=-J-Xms64m\ -J-XX:NewSize\=4M\ -J-Dfile.encoding\=UTF8
[        ]     export JAVA_APP_STUB\=/System/Library/Frameworks/JavaVM.framework/Resources/MacOS/JavaApplicationStub
[        ]     export JAVA_ARCHIVE_CLASSES\=YES
[        ]     export JAVA_ARCHIVE_TYPE\=JAR
[        ]     export JAVA_COMPILER\=/usr/bin/javac
[        ]     export JAVA_FRAMEWORK_RESOURCES_DIRS\=Resources
[        ]     export JAVA_JAR_FLAGS\=cv
[        ]     export JAVA_SOURCE_SUBDIR\=.
[        ]     export JAVA_USE_DEPENDENCIES\=YES
[        ]     export JAVA_ZIP_FLAGS\=-urg
[        ]     export JIKES_DEFAULT_FLAGS\=+E\ +OLDCSO
[        ]     export KASAN_CFLAGS_CLASSIC\=-DKASAN\=1\ -DKASAN_CLASSIC\=1\ -fsanitize\=address\ -mllvm\ -asan-globals-live-support\ -mllvm\ -asan-force-dynamic-shadow
[        ]     export KASAN_CFLAGS_TBI\=-DKASAN\=1\ -DKASAN_TBI\=1\ -fsanitize\=kernel-hwaddress\ -mllvm\ -hwasan-recover\=0\ -mllvm\ -hwasan-instrument-atomics\=0\ -mllvm\ -hwasan-instrument-stack\=1\ -mllvm\ -hwasan-generate-tags-with-calls\=1\ -mllvm\ -hwasan-instrument-with-calls\=1\ -mllvm\ -hwasan-use-short-granules\=0\ -mllvm\ -hwasan-memory-access-callback-prefix\=__asan_
[        ]     export KASAN_DEFAULT_CFLAGS\=-DKASAN\=1\ -DKASAN_CLASSIC\=1\ -fsanitize\=address\ -mllvm\ -asan-globals-live-support\ -mllvm\ -asan-force-dynamic-shadow
[        ]     export KEEP_PRIVATE_EXTERNS\=NO
[        ]     export LD_DEPENDENCY_INFO_FILE\=/Users/fam/Documents/Projects/sehatlocker/build/macos/Build/Intermediates.noindex/Runner.build/Debug/Flutter\ Assemble.build/Objects-normal/undefined_arch/Flutter\ Assemble_dependency_info.dat
[        ]     export LD_EXPORT_SYMBOLS\=YES
[        ]     export LD_GENERATE_MAP_FILE\=NO
[        ]     export LD_MAP_FILE_PATH\=/Users/fam/Documents/Projects/sehatlocker/build/macos/Build/Intermediates.noindex/Runner.build/Debug/Flutter\ Assemble.build/Flutter\ Assemble-LinkMap-normal-undefined_arch.txt
[        ]     export LD_NO_PIE\=NO
[        ]     export LD_QUOTE_LINKER_ARGUMENTS_FOR_COMPILER_DRIVER\=YES
[        ]     export LD_RUNPATH_SEARCH_PATHS\=\ /usr/lib/swift\ \'@executable_path/../Frameworks\'\ \'@loader_path/Frameworks\'\ \"/Applications/Xcode.app/Contents/Developer/Toolchains/XcodeDefault.xctoolchain/usr/lib/swift/macosx\"
[        ]     export LD_SHARED_CACHE_ELIGIBLE\=Automatic
[        ]     export LD_WARN_DUPLICATE_LIBRARIES\=NO
[        ]     export LD_WARN_UNUSED_DYLIBS\=NO
[        ]     export LEGACY_DEVELOPER_DIR\=/Applications/Xcode.app/Contents/PlugIns/Xcode3Core.ideplugin/Contents/SharedSupport/Developer
[        ]     export LEX\=lex
[        ]     export LIBRARY_DEXT_INSTALL_PATH\=/Library/DriverExtensions
[        ]     export LIBRARY_FLAG_NOSPACE\=YES
[        ]     export LIBRARY_KEXT_INSTALL_PATH\=/Library/Extensions
[        ]     export LIBRARY_SEARCH_PATHS\=\ \"/Applications/Xcode.app/Contents/Developer/Toolchains/XcodeDefault.xctoolchain/usr/lib/swift/macosx\"\ /usr/lib/swift\ /Applications/Xcode.app/Contents/Developer/Toolchains/XcodeDefault.xctoolchain/usr/lib/swift/macosx/\ /Applications/Xcode.app/Contents/Developer/Platforms/MacOSX.platform/Developer/SDKs/MacOSX26.2.sdk/usr/lib/swift
[        ]     export LINKER_DISPLAYS_MANGLED_NAMES\=NO
[        ]     export LINK_FILE_LIST_normal_arm64\=/Users/fam/Documents/Projects/sehatlocker/build/macos/Build/Intermediates.noindex/Runner.build/Debug/Flutter\ Assemble.build/Objects-normal/arm64/Flutter\ Assemble.LinkFileList
[        ]     export LINK_OBJC_RUNTIME\=YES
[        ]     export LINK_WITH_STANDARD_LIBRARIES\=YES
[        ]     export LLVM_TARGET_TRIPLE_OS_VERSION\=macos10.15
[        ]     export LLVM_TARGET_TRIPLE_OS_VERSION_NO\=macos10.15
[        ]     export LLVM_TARGET_TRIPLE_OS_VERSION_YES\=macos26.2
[        ]     export LLVM_TARGET_TRIPLE_VENDOR\=apple
[        ]     export LM_AUX_CONST_METADATA_LIST_PATH_normal_arm64\=/Users/fam/Documents/Projects/sehatlocker/build/macos/Build/Intermediates.noindex/Runner.build/Debug/Flutter\ Assemble.build/Objects-normal/arm64/Flutter\ Assemble.SwiftConstValuesFileList
[        ]     export LOCALIZATION_EXPORT_SUPPORTED\=YES
[        ]     export LOCALIZATION_PREFERS_STRING_CATALOGS\=NO
[        ]     export LOCALIZED_STRING_MACRO_NAMES\=NSLocalizedString\ CFCopyLocalizedString
[        ]     export LOCALIZED_STRING_SWIFTUI_SUPPORT\=YES
[        ]     export LOCAL_ADMIN_APPS_DIR\=/Applications/Utilities
[        ]     export LOCAL_APPS_DIR\=/Applications
[        ]     export LOCAL_DEVELOPER_DIR\=/Library/Developer
[        ]     export LOCAL_LIBRARY_DIR\=/Library
[        ]     export LOCROOT\=/Users/fam/Documents/Projects/sehatlocker/macos
[        ]     export LOCSYMROOT\=/Users/fam/Documents/Projects/sehatlocker/macos
[        ]     export MACOSX_DEPLOYMENT_TARGET\=10.15
[        ]     export MAC_OS_X_PRODUCT_BUILD_VERSION\=25C56
[        ]     export MAC_OS_X_VERSION_ACTUAL\=260200
[        ]     export MAC_OS_X_VERSION_MAJOR\=260000
[        ]     export MAC_OS_X_VERSION_MINOR\=260200
[        ]     export MAKE_MERGEABLE\=NO
[        ]     export MERGEABLE_LIBRARY\=NO
[        ]     export MERGED_BINARY_TYPE\=none
[        ]     export MERGE_LINKED_LIBRARIES\=NO
[        ]     export METAL_LIBRARY_FILE_BASE\=default
[        ]     export METAL_LIBRARY_OUTPUT_DIR\=/Users/fam/Documents/Projects/sehatlocker/build/macos/Build/Products/Debug/
[        ]     export MODULE_CACHE_DIR\=/Users/fam/Documents/Projects/sehatlocker/build/macos/ModuleCache.noindex
[        ]     export MTL_ENABLE_DEBUG_INFO\=YES
[        ]     export NATIVE_ARCH\=arm64
[        ]     export NATIVE_ARCH_32_BIT\=arm
[        ]     export NATIVE_ARCH_64_BIT\=arm64
[        ]     export NATIVE_ARCH_ACTUAL\=arm64
[        ]     export NO_COMMON\=YES
[        ]     export OBJECT_FILE_DIR\=/Users/fam/Documents/Projects/sehatlocker/build/macos/Build/Intermediates.noindex/Runner.build/Debug/Flutter\ Assemble.build/Objects
[        ]     export OBJECT_FILE_DIR_normal\=/Users/fam/Documents/Projects/sehatlocker/build/macos/Build/Intermediates.noindex/Runner.build/Debug/Flutter\ Assemble.build/Objects-normal
[        ]     export OBJROOT\=/Users/fam/Documents/Projects/sehatlocker/build/macos/Build/Intermediates.noindex
[        ]     export ONLY_ACTIVE_ARCH\=YES
[        ]     export OS\=MACOS
[        ]     export OSAC\=/usr/bin/osacompile
[        ]     export OTHER_LDFLAGS\=\ -l\"c++\"\ -framework\ \"ObjectBox\"\ -framework\ \"app_settings\"\ -framework\ \"battery_plus\"\ -framework\ \"connectivity_plus\"\ -framework\ \"desktop_drop\"\ -framework\ \"device_info_plus\"\ -framework\ \"file_selector_macos\"\ -framework\ \"flutter_image_compress_macos\"\ -framework\ \"flutter_local_notifications\"\ -framework\ \"flutter_secure_storage_macos\"\ -framework\ \"flutter_sound\"\ -framework\ \"flutter_tts\"\ -framework\ \"local_auth_darwin\"\ -framework\ \"objectbox_flutter_libs\"\ -framework\ \"printing\"\ -framework\ \"screen_retriever_macos\"\ -framework\ \"share_plus\"\ -framework\ \"url_launcher_macos\"\ -framework\ \"whisper_flutter_new\"\ -framework\ \"window_manager\"
[        ]     export OTHER_MODULE_VERIFIER_FLAGS\=\ \"-F/Users/fam/Documents/Projects/sehatlocker/build/macos/Build/Products/Debug/FlutterMacOS\"\ \"-F/Users/fam/Documents/Projects/sehatlocker/build/macos/Build/Products/Debug/ObjectBox\"\ \"-F/Users/fam/Documents/Projects/sehatlocker/build/macos/Build/Products/Debug/app_settings\"\ \"-F/Users/fam/Documents/Projects/sehatlocker/build/macos/Build/Products/Debug/battery_plus\"\ \"-F/Users/fam/Documents/Projects/sehatlocker/build/macos/Build/Products/Debug/connectivity_plus\"\ \"-F/Users/fam/Documents/Projects/sehatlocker/build/macos/Build/Products/Debug/desktop_drop\"\ \"-F/Users/fam/Documents/Projects/sehatlocker/build/macos/Build/Products/Debug/device_info_plus\"\ \"-F/Users/fam/Documents/Projects/sehatlocker/build/macos/Build/Products/Debug/file_selector_macos\"\ \"-F/Users/fam/Documents/Projects/sehatlocker/build/macos/Build/Products/Debug/flutter_image_compress_macos\"\ \"-F/Users/fam/Documents/Projects/sehatlocker/build/macos/Build/Products/Debug/flutter_local_notifications\"\ \"-F/Users/fam/Documents/Projects/sehatlocker/build/macos/Build/Products/Debug/flutter_secure_storage_macos\"\ \"-F/Users/fam/Documents/Projects/sehatlocker/build/macos/Build/Products/Debug/flutter_sound\"\ \"-F/Users/fam/Documents/Projects/sehatlocker/build/macos/Build/Products/Debug/flutter_tts\"\ \"-F/Users/fam/Documents/Projects/sehatlocker/build/macos/Build/Products/Debug/local_auth_darwin\"\ \"-F/Users/fam/Documents/Projects/sehatlocker/build/macos/Build/Products/Debug/objectbox_flutter_libs\"\ \"-F/Users/fam/Documents/Projects/sehatlocker/build/macos/Build/Products/Debug/printing\"\ \"-F/Users/fam/Documents/Projects/sehatlocker/build/macos/Build/Products/Debug/screen_retriever_macos\"\ \"-F/Users/fam/Documents/Projects/sehatlocker/build/macos/Build/Products/Debug/share_plus\"\ \"-F/Users/fam/Documents/Projects/sehatlocker/build/macos/Build/Products/Debug/url_launcher_macos\"\ \"-F/Users/fam/Documents/Projects/sehatlocker/build/macos/Build/Products/Debug/whisper_flutter_new\"\ \"-F/Users/fam/Documents/Projects/sehatlocker/build/macos/Build/Products/Debug/window_manager\"
[        ]     export OTHER_SWIFT_FLAGS\=\ -D\ COCOAPODS
[        ]     export PACKAGE_CONFIG\=/Users/fam/Documents/Projects/sehatlocker/.dart_tool/package_config.json
[        ]     export PASCAL_STRINGS\=YES
[        ]     export PATH\=/Applications/Xcode.app/Contents/SharedFrameworks/SwiftBuild.framework/Versions/A/PlugIns/SWBBuildService.bundle/Contents/PlugIns/SWBUniversalPlatformPlugin.bundle/Contents/Frameworks/SWBUniversalPlatform.framework/Resources:/Applications/Xcode.app/Contents/Developer/Toolchains/XcodeDefault.xctoolchain/usr/bin:/Applications/Xcode.app/Contents/Developer/Toolchains/XcodeDefault.xctoolchain/usr/local/bin:/Applications/Xcode.app/Contents/Developer/Toolchains/XcodeDefault.xctoolchain/usr/libexec:/Applications/Xcode.app/Contents/Developer/Platforms/MacOSX.platform/usr/bin:/Applications/Xcode.app/Contents/Developer/Platforms/MacOSX.platform/usr/local/bin:/Applications/Xcode.app/Contents/Developer/Platforms/MacOSX.platform/Developer/usr/bin:/Applications/Xcode.app/Contents/Developer/Platforms/MacOSX.platform/Developer/usr/local/bin:/Applications/Xcode.app/Contents/Developer/usr/bin:/Applications/Xcode.app/Contents/Developer/usr/local/bin:/opt/homebrew/bin:/opt/homebrew/sbin:/usr/local/bin:/System/Cryptexes/App/usr/bin:/usr/bin:/bin:/usr/sbin:/sbin:/var/run/com.apple.security.cryptexd/codex.system/bootstrap/usr/local/bin:/var/run/com.apple.security.cryptexd/codex.system/bootstrap/usr/bin:/var/run/com.apple.security.cryptexd/codex.system/bootstrap/usr/appleinternal/bin:/opt/pmk/env/global/bin:/Library/Apple/usr/bin:/Users/fam/.antigravity/extensions/vscjava.vscode-java-debug-0.58.5-universal/bundled/scripts/noConfigScripts
[        ]     export PATH_PREFIXES_EXCLUDED_FROM_HEADER_DEPENDENCIES\=/usr/include\ /usr/local/include\ /System/Library/Frameworks\ /System/Library/PrivateFrameworks\ /Applications/Xcode.app/Contents/Developer/Headers\ /Applications/Xcode.app/Contents/Developer/SDKs\ /Applications/Xcode.app/Contents/Developer/Platforms
[        ]     export PER_ARCH_MODULE_FILE_DIR\=/Users/fam/Documents/Projects/sehatlocker/build/macos/Build/Intermediates.noindex/Runner.build/Debug/Flutter\ Assemble.build/Objects-normal/undefined_arch
[        ]     export PER_ARCH_OBJECT_FILE_DIR\=/Users/fam/Documents/Projects/sehatlocker/build/macos/Build/Intermediates.noindex/Runner.build/Debug/Flutter\ Assemble.build/Objects-normal/undefined_arch
[        ]     export PER_VARIANT_OBJECT_FILE_DIR\=/Users/fam/Documents/Projects/sehatlocker/build/macos/Build/Intermediates.noindex/Runner.build/Debug/Flutter\ Assemble.build/Objects-normal
[        ]     export PKGINFO_FILE_PATH\=/Users/fam/Documents/Projects/sehatlocker/build/macos/Build/Intermediates.noindex/Runner.build/Debug/Flutter\ Assemble.build/PkgInfo
[        ]     export PLATFORM_DEVELOPER_APPLICATIONS_DIR\=/Applications/Xcode.app/Contents/Developer/Applications
[        ]     export PLATFORM_DEVELOPER_BIN_DIR\=/Applications/Xcode.app/Contents/Developer/usr/bin
[        ]     export PLATFORM_DEVELOPER_LIBRARY_DIR\=/Applications/Xcode.app/Contents/Developer/Library
[        ]     export PLATFORM_DEVELOPER_SDK_DIR\=/Applications/Xcode.app/Contents/Developer/Platforms/MacOSX.platform/Developer/SDKs
[        ]     export PLATFORM_DEVELOPER_TOOLS_DIR\=/Applications/Xcode.app/Contents/Developer/Tools
[        ]     export PLATFORM_DEVELOPER_USR_DIR\=/Applications/Xcode.app/Contents/Developer/usr
[        ]     export PLATFORM_DIR\=/Applications/Xcode.app/Contents/Developer/Platforms/MacOSX.platform
[        ]     export PLATFORM_DISPLAY_NAME\=macOS
[        ]     export PLATFORM_FAMILY_NAME\=macOS
[        ]     export PLATFORM_NAME\=macosx
[        ]     export PLATFORM_PREFERRED_ARCH\=x86_64
[        ]     export PLATFORM_PRODUCT_BUILD_VERSION\=25C57
[        ]     export PLATFORM_REQUIRES_SWIFT_AUTOLINK_EXTRACT\=NO
[        ]     export PLATFORM_REQUIRES_SWIFT_MODULEWRAP\=NO
[        ]     export PLIST_FILE_OUTPUT_FORMAT\=same-as-input
[        ]     export PODS_BUILD_DIR\=/Users/fam/Documents/Projects/sehatlocker/build/macos/Build/Products
[        ]     export PODS_CONFIGURATION_BUILD_DIR\=/Users/fam/Documents/Projects/sehatlocker/build/macos/Build/Products/Debug
[        ]     export PODS_PODFILE_DIR_PATH\=/Users/fam/Documents/Projects/sehatlocker/macos/.
[        ]     export PODS_ROOT\=/Users/fam/Documents/Projects/sehatlocker/macos/Pods
[        ]     export PODS_XCFRAMEWORKS_BUILD_DIR\=/Users/fam/Documents/Projects/sehatlocker/build/macos/Build/Products/Debug/XCFrameworkIntermediates
[        ]     export PRECOMPS_INCLUDE_HEADERS_FROM_BUILT_PRODUCTS_DIR\=YES
[        ]     export PRECOMP_DESTINATION_DIR\=/Users/fam/Documents/Projects/sehatlocker/build/macos/Build/Intermediates.noindex/Runner.build/Debug/Flutter\ Assemble.build/PrefixHeaders
[        ]     export PROCESSED_INFOPLIST_PATH\=/Users/fam/Documents/Projects/sehatlocker/build/macos/Build/Intermediates.noindex/Runner.build/Debug/Flutter\ Assemble.build/Objects-normal/undefined_arch/Processed-Info.plist
[        ]     export PRODUCT_MODULE_NAME\=Flutter_Assemble
[        ]     export PRODUCT_NAME\=Flutter\ Assemble
[        ]     export PRODUCT_SETTINGS_PATH\=
[        ]     export PROFILING_CODE\=NO
[        ]     export PROJECT\=Runner
[        ]     export PROJECT_DERIVED_FILE_DIR\=/Users/fam/Documents/Projects/sehatlocker/build/macos/Build/Intermediates.noindex/Runner.build/DerivedSources
[        ]     export PROJECT_DIR\=/Users/fam/Documents/Projects/sehatlocker/macos
[        ]     export PROJECT_FILE_PATH\=/Users/fam/Documents/Projects/sehatlocker/macos/Runner.xcodeproj
[        ]     export PROJECT_GUID\=18c1723432283e0cc55f10a6dcfd9e02
[        ]     export PROJECT_NAME\=Runner
[        ]     export PROJECT_TEMP_DIR\=/Users/fam/Documents/Projects/sehatlocker/build/macos/Build/Intermediates.noindex/Runner.build
[        ]     export PROJECT_TEMP_ROOT\=/Users/fam/Documents/Projects/sehatlocker/build/macos/Build/Intermediates.noindex
[        ]     export RECOMMENDED_MACOSX_DEPLOYMENT_TARGET\=11.0
[        ]     export RECURSIVE_SEARCH_PATHS_FOLLOW_SYMLINKS\=YES
[        ]     export REMOVE_CVS_FROM_RESOURCES\=YES
[        ]     export REMOVE_GIT_FROM_RESOURCES\=YES
[        ]     export REMOVE_HEADERS_FROM_EMBEDDED_BUNDLES\=YES
[        ]     export REMOVE_HG_FROM_RESOURCES\=YES
[        ]     export REMOVE_STATIC_EXECUTABLES_FROM_EMBEDDED_BUNDLES\=YES
[        ]     export REMOVE_SVN_FROM_RESOURCES\=YES
[        ]     export RESCHEDULE_INDEPENDENT_HEADERS_PHASES\=YES
[        ]     export REZ_COLLECTOR_DIR\=/Users/fam/Documents/Projects/sehatlocker/build/macos/Build/Intermediates.noindex/Runner.build/Debug/Flutter\ Assemble.build/ResourceManagerResources
[        ]     export REZ_OBJECTS_DIR\=/Users/fam/Documents/Projects/sehatlocker/build/macos/Build/Intermediates.noindex/Runner.build/Debug/Flutter\ Assemble.build/ResourceManagerResources/Objects
[        ]     export RUNTIME_EXCEPTION_ALLOW_DYLD_ENVIRONMENT_VARIABLES\=NO
[        ]     export RUNTIME_EXCEPTION_ALLOW_JIT\=NO
[        ]     export RUNTIME_EXCEPTION_ALLOW_UNSIGNED_EXECUTABLE_MEMORY\=NO
[        ]     export RUNTIME_EXCEPTION_DEBUGGING_TOOL\=NO
[        ]     export RUNTIME_EXCEPTION_DISABLE_EXECUTABLE_PAGE_PROTECTION\=NO
[        ]     export RUNTIME_EXCEPTION_DISABLE_LIBRARY_VALIDATION\=NO
[        ]     export SCAN_ALL_SOURCE_FILES_FOR_INCLUDES\=NO
[        ]     export SCRIPT_INPUT_FILE_0\=/Users/fam/Documents/Projects/sehatlocker/macos/Flutter/ephemeral/tripwire
[        ]     export SCRIPT_INPUT_FILE_COUNT\=1
[        ]     export SCRIPT_INPUT_FILE_LIST_0\=/Users/fam/Documents/Projects/sehatlocker/build/macos/Build/Intermediates.noindex/Runner.build/Debug/Flutter\ Assemble.build/InputFileList-33CC111E2044C6BF0003C045-FlutterInputs-e9eca3457304c572f11f4818c1859bc0-resolved.xcfilelist
[        ]     export SCRIPT_INPUT_FILE_LIST_COUNT\=1
[        ]     export SCRIPT_OUTPUT_FILE_COUNT\=0
[        ]     export SCRIPT_OUTPUT_FILE_LIST_0\=/Users/fam/Documents/Projects/sehatlocker/build/macos/Build/Intermediates.noindex/Runner.build/Debug/Flutter\ Assemble.build/OutputFileList-33CC111E2044C6BF0003C045-FlutterOutputs-a875830fb5b5f05922c6751c86321dc7-resolved.xcfilelist
[        ]     export SCRIPT_OUTPUT_FILE_LIST_COUNT\=1
[        ]     export SDKROOT\=/Applications/Xcode.app/Contents/Developer/Platforms/MacOSX.platform/Developer/SDKs/MacOSX26.2.sdk
[        ]     export SDK_DIR\=/Applications/Xcode.app/Contents/Developer/Platforms/MacOSX.platform/Developer/SDKs/MacOSX26.2.sdk
[        ]     export SDK_DIR_macosx\=/Applications/Xcode.app/Contents/Developer/Platforms/MacOSX.platform/Developer/SDKs/MacOSX26.2.sdk
[        ]     export SDK_DIR_macosx26_2\=/Applications/Xcode.app/Contents/Developer/Platforms/MacOSX.platform/Developer/SDKs/MacOSX26.2.sdk
[        ]     export SDK_NAME\=macosx26.2
[        ]     export SDK_NAMES\=macosx26.2
[        ]     export SDK_PRODUCT_BUILD_VERSION\=25C57
[        ]     export SDK_STAT_CACHE_DIR\=/Users/fam/Documents/Projects/sehatlocker/build/macos
[        ]     export SDK_STAT_CACHE_ENABLE\=YES
[        ]     export SDK_STAT_CACHE_PATH\=/Users/fam/Documents/Projects/sehatlocker/build/macos/SDKStatCaches.noindex/macosx26.2-25C57-00fa09913b459cbbc988d1f6730289ae.sdkstatcache
[        ]     export SDK_VERSION\=26.2
[        ]     export SDK_VERSION_ACTUAL\=260200
[        ]     export SDK_VERSION_MAJOR\=260000
[        ]     export SDK_VERSION_MINOR\=260200
[        ]     export SED\=/usr/bin/sed
[        ]     export SEPARATE_STRIP\=NO
[        ]     export SEPARATE_SYMBOL_EDIT\=NO
[        ]     export SET_DIR_MODE_OWNER_GROUP\=YES
[        ]     export SET_FILE_MODE_OWNER_GROUP\=NO
[        ]     export SHALLOW_BUNDLE\=NO
[        ]     export SHARED_DERIVED_FILE_DIR\=/Users/fam/Documents/Projects/sehatlocker/build/macos/Build/Products/Debug/DerivedSources
[        ]     export SHARED_PRECOMPS_DIR\=/Users/fam/Documents/Projects/sehatlocker/build/macos/Build/Intermediates.noindex/PrecompiledHeaders
[        ]     export SKIP_INSTALL\=YES
[        ]     export SOURCE_ROOT\=/Users/fam/Documents/Projects/sehatlocker/macos
[        ]     export SRCROOT\=/Users/fam/Documents/Projects/sehatlocker/macos
[        ]     export STRINGSDATA_DIR\=/Users/fam/Documents/Projects/sehatlocker/build/macos/Build/Intermediates.noindex/Runner.build/Debug/Flutter\ Assemble.build/Objects-normal/undefined_arch
[        ]     export STRINGSDATA_ROOT\=/Users/fam/Documents/Projects/sehatlocker/build/macos/Build/Intermediates.noindex/Runner.build/Debug/Flutter\ Assemble.build
[        ]     export STRINGS_FILE_INFOPLIST_RENAME\=YES
[        ]     export STRINGS_FILE_OUTPUT_ENCODING\=UTF-16
[        ]     export STRING_CATALOG_GENERATE_SYMBOLS\=NO
[        ]     export STRIP_BITCODE_FROM_COPIED_FILES\=NO
[        ]     export STRIP_INSTALLED_PRODUCT\=NO
[        ]     export STRIP_PNG_TEXT\=NO
[        ]     export STRIP_STYLE\=all
[        ]     export STRIP_SWIFT_SYMBOLS\=YES
[        ]     export SUPPORTED_PLATFORMS\=macosx
[        ]     export SUPPORTS_TEXT_BASED_API\=NO
[        ]     export SUPPRESS_WARNINGS\=NO
[        ]     export SWIFT_ACTIVE_COMPILATION_CONDITIONS\=DEBUG
[        ]     export SWIFT_EMIT_CONST_VALUE_PROTOCOLS\=AppIntent\ EntityQuery\ AppEntity\ TransientEntity\ AppEnum\ AppShortcutProviding\ AppShortcutsProvider\ AnyResolverProviding\ AppIntentsPackage\ DynamicOptionsProvider\ _IntentValueRepresentable\ _AssistantIntentsProvider\ _GenerativeFunctionExtractable\ IntentValueQuery\ Resolver\ AppExtension\ ExtensionPointDefining
[        ]     export SWIFT_EMIT_LOC_STRINGS\=NO
[        ]     export SWIFT_ENABLE_EXPLICIT_MODULES\=YES
[        ]     export SWIFT_OPTIMIZATION_LEVEL\=-Onone
[        ]     export SWIFT_PLATFORM_TARGET_PREFIX\=macos
[        ]     export SWIFT_RESPONSE_FILE_PATH_normal_arm64\=/Users/fam/Documents/Projects/sehatlocker/build/macos/Build/Intermediates.noindex/Runner.build/Debug/Flutter\ Assemble.build/Objects-normal/arm64/Flutter\ Assemble.SwiftFileList
[        ]     export SYMROOT\=/Users/fam/Documents/Projects/sehatlocker/build/macos/Build/Products
[        ]     export SYSTEM_ADMIN_APPS_DIR\=/Applications/Utilities
[        ]     export SYSTEM_APPS_DIR\=/Applications
[        ]     export SYSTEM_CORE_SERVICES_DIR\=/System/Library/CoreServices
[        ]     export SYSTEM_DEMOS_DIR\=/Applications/Extras
[        ]     export SYSTEM_DEVELOPER_APPS_DIR\=/Applications/Xcode.app/Contents/Developer/Applications
[        ]     export SYSTEM_DEVELOPER_BIN_DIR\=/Applications/Xcode.app/Contents/Developer/usr/bin
[        ]     export SYSTEM_DEVELOPER_DEMOS_DIR\=/Applications/Xcode.app/Contents/Developer/Applications/Utilities/Built\ Examples
[        ]     export SYSTEM_DEVELOPER_DIR\=/Applications/Xcode.app/Contents/Developer
[        ]     export SYSTEM_DEVELOPER_DOC_DIR\=/Applications/Xcode.app/Contents/Developer/ADC\ Reference\ Library
[        ]     export SYSTEM_DEVELOPER_GRAPHICS_TOOLS_DIR\=/Applications/Xcode.app/Contents/Developer/Applications/Graphics\ Tools
[        ]     export SYSTEM_DEVELOPER_JAVA_TOOLS_DIR\=/Applications/Xcode.app/Contents/Developer/Applications/Java\ Tools
[        ]     export SYSTEM_DEVELOPER_PERFORMANCE_TOOLS_DIR\=/Applications/Xcode.app/Contents/Developer/Applications/Performance\ Tools
[        ]     export SYSTEM_DEVELOPER_RELEASENOTES_DIR\=/Applications/Xcode.app/Contents/Developer/ADC\ Reference\ Library/releasenotes
[        ]     export SYSTEM_DEVELOPER_TOOLS\=/Applications/Xcode.app/Contents/Developer/Tools
[        ]     export SYSTEM_DEVELOPER_TOOLS_DOC_DIR\=/Applications/Xcode.app/Contents/Developer/ADC\ Reference\ Library/documentation/DeveloperTools
[        ]     export SYSTEM_DEVELOPER_TOOLS_RELEASENOTES_DIR\=/Applications/Xcode.app/Contents/Developer/ADC\ Reference\ Library/releasenotes/DeveloperTools
[        ]     export SYSTEM_DEVELOPER_USR_DIR\=/Applications/Xcode.app/Contents/Developer/usr
[        ]     export SYSTEM_DEVELOPER_UTILITIES_DIR\=/Applications/Xcode.app/Contents/Developer/Applications/Utilities
[        ]     export SYSTEM_DEXT_INSTALL_PATH\=/System/Library/DriverExtensions
[        ]     export SYSTEM_DOCUMENTATION_DIR\=/Library/Documentation
[        ]     export SYSTEM_KEXT_INSTALL_PATH\=/System/Library/Extensions
[        ]     export SYSTEM_LIBRARY_DIR\=/System/Library
[        ]     export TAPI_DEMANGLE\=YES
[        ]     export TAPI_ENABLE_PROJECT_HEADERS\=NO
[        ]     export TAPI_LANGUAGE\=objective-c
[        ]     export TAPI_LANGUAGE_STANDARD\=compiler-default
[        ]     export TAPI_USE_SRCROOT\=YES
[        ]     export TAPI_VERIFY_MODE\=Pedantic
[        ]     export TARGETNAME\=Flutter\ Assemble
[        ]     export TARGET_BUILD_DIR\=/Users/fam/Documents/Projects/sehatlocker/build/macos/Build/Products/Debug
[        ]     export TARGET_NAME\=Flutter\ Assemble
[        ]     export TARGET_TEMP_DIR\=/Users/fam/Documents/Projects/sehatlocker/build/macos/Build/Intermediates.noindex/Runner.build/Debug/Flutter\ Assemble.build
[        ]     export TEMP_DIR\=/Users/fam/Documents/Projects/sehatlocker/build/macos/Build/Intermediates.noindex/Runner.build/Debug/Flutter\ Assemble.build
[        ]     export TEMP_FILES_DIR\=/Users/fam/Documents/Projects/sehatlocker/build/macos/Build/Intermediates.noindex/Runner.build/Debug/Flutter\ Assemble.build
[        ]     export TEMP_FILE_DIR\=/Users/fam/Documents/Projects/sehatlocker/build/macos/Build/Intermediates.noindex/Runner.build/Debug/Flutter\ Assemble.build
[        ]     export TEMP_ROOT\=/Users/fam/Documents/Projects/sehatlocker/build/macos/Build/Intermediates.noindex
[        ]     export TEMP_SANDBOX_DIR\=/Users/fam/Documents/Projects/sehatlocker/build/macos/Build/Intermediates.noindex/TemporaryTaskSandboxes
[        ]     export TEST_FRAMEWORK_SEARCH_PATHS\=\ /Applications/Xcode.app/Contents/Developer/Platforms/MacOSX.platform/Developer/Library/Frameworks
[        ]     export TEST_LIBRARY_SEARCH_PATHS\=\ /Applications/Xcode.app/Contents/Developer/Platforms/MacOSX.platform/Developer/usr/lib
[        ]     export TOOLCHAINS\=com.apple.dt.toolchain.XcodeDefault
[        ]     export TOOLCHAIN_DIR\=/Applications/Xcode.app/Contents/Developer/Toolchains/XcodeDefault.xctoolchain
[        ]     export TRACK_WIDGET_CREATION\=true
[        ]     export TREAT_MISSING_BASELINES_AS_TEST_FAILURES\=NO
[        ]     export TREAT_MISSING_SCRIPT_PHASE_OUTPUTS_AS_ERRORS\=NO
[        ]     export TREE_SHAKE_ICONS\=false
[        ]     export UID\=502
[        ]     export UNINSTALLED_PRODUCTS_DIR\=/Users/fam/Documents/Projects/sehatlocker/build/macos/Build/Intermediates.noindex/UninstalledProducts
[        ]     export UNSTRIPPED_PRODUCT\=NO
[        ]     export USER\=fam
[        ]     export USER_APPS_DIR\=/Users/fam/Applications
[        ]     export USER_LIBRARY_DIR\=/Users/fam/Library
[        ]     export USE_DYNAMIC_NO_PIC\=YES
[        ]     export USE_HEADERMAP\=YES
[        ]     export USE_HEADER_SYMLINKS\=NO
[        ]     export USE_RECURSIVE_SCRIPT_INPUTS_IN_SCRIPT_PHASES\=YES
[        ]     export VALIDATE_DEVELOPMENT_ASSET_PATHS\=YES_ERROR
[        ]     export VALIDATE_PRODUCT\=NO
[        ]     export VALID_ARCHS\=arm64\ arm64e\ i386\ x86_64
[        ]     export VERBOSE_PBXCP\=NO
[        ]     export VERBOSE_SCRIPT_LOGGING\=YES
[        ]     export VERSION_INFO_BUILDER\=fam
[        ]     export VERSION_INFO_FILE\=Flutter\ Assemble_vers.c
[        ]     export VERSION_INFO_STRING\=\"@\(\#\)PROGRAM:Flutter\ Assemble\ \ PROJECT:Runner-\"
[        ]     export WARNING_CFLAGS\=-Wall\ -Wconditional-uninitialized\ -Wnullable-to-nonnull-conversion\ -Wmissing-method-return-type\ -Woverlength-strings
[        ]     export WORKSPACE_DIR\=/Users/fam/Documents/Projects/sehatlocker/macos
[        ]     export WRAP_ASSET_PACKS_IN_SEPARATE_DIRECTORIES\=NO
[        ]     export XCODE_APP_SUPPORT_DIR\=/Applications/Xcode.app/Contents/Developer/Library/Xcode
[        ]     export XCODE_PRODUCT_BUILD_VERSION\=17C52
[        ]     export XCODE_VERSION_ACTUAL\=2620
[        ]     export XCODE_VERSION_MAJOR\=2600
[        ]     export XCODE_VERSION_MINOR\=2620
[        ]     export XPCSERVICES_FOLDER_PATH\=/XPCServices
[        ]     export YACC\=yacc
[        ]     export _BOOL_\=NO
[        ]     export _BOOL_NO\=NO
[        ]     export _BOOL_YES\=YES
[        ]     export _DEVELOPMENT_TEAM_IS_EMPTY\=YES
[        ]     export _DISCOVER_COMMAND_LINE_LINKER_INPUTS\=YES
[        ]     export _DISCOVER_COMMAND_LINE_LINKER_INPUTS_INCLUDE_WL\=YES
[        ]     export _IS_EMPTY_\=YES
[        ]     export _LD_MULTIARCH\=YES
[        ]     export _MACOSX_DEPLOYMENT_TARGET_IS_EMPTY\=NO
[        ]     export __DIAGNOSE_DEPRECATED_ARCHS\=YES
[        ]     export arch\=undefined_arch
[        ]     export variant\=normal
[        ]     /bin/sh -c /Users/fam/Documents/Projects/sehatlocker/build/macos/Build/Intermediates.noindex/Runner.build/Debug/Flutter\\\ Assemble.build/Script-33CC111E2044C6BF0003C045.sh
[+2961 ms]  /opt/homebrew/share/flutter/bin/flutter --verbose assemble --no-version-check --output=/Users/fam/Documents/Projects/sehatlocker/build/macos/Build/Products/Debug/ -dTargetPlatform=darwin -dTargetFile=lib/main.dart -dBuildMode=debug -dConfiguration=Debug -dDarwinArchs=arm64 -dSdkRoot=/Applications/Xcode.app/Contents/Developer/Platforms/MacOSX.platform/Developer/SDKs/MacOSX26.2.sdk -dSplitDebugInfo= -dTreeShakeIcons=false -dTrackWidgetCreation=true -dDartObfuscation=false -dAction=build -dFrontendServerStarterPath= --ExtraGenSnapshotOptions= --DartDefines=RkxVVFRFUl9WRVJTSU9OPTMuMzguNQ==,RkxVVFRFUl9DSEFOTkVMPXN0YWJsZQ==,RkxVVFRFUl9HSVRfVVJMPWh0dHBzOi8vZ2l0aHViLmNvbS9mbHV0dGVyL2ZsdXR0ZXIuZ2l0,RkxVVFRFUl9GUkFNRVdPUktfUkVWSVNJT049ZjZmZjE1MjlmZA==,RkxVVFRFUl9FTkdJTkVfUkVWSVNJT049MTUyN2FlMGVjNQ==,RkxVVFRFUl9EQVJUX1ZFUlNJT049My4xMC40 --ExtraFrontEndOptions= -dSrcRoot=/Users/fam/Documents/Projects/sehatlocker/macos --build-inputs=/Users/fam/Documents/Projects/sehatlocker/macos/Flutter/ephemeral/FlutterInputs.xcfilelist --build-outputs=/Users/fam/Documents/Projects/sehatlocker/macos/Flutter/ephemeral/FlutterOutputs.xcfilelist debug_macos_bundle_flutter_assets
[        ] [  +19 ms] executing: sysctl hw.optional.arm64
[        ] [   +4 ms] Exit code 0 from: sysctl hw.optional.arm64
[        ] [        ] hw.optional.arm64: 1
[        ] [   +4 ms] Artifact Instance of 'MaterialFonts' is not required, skipping update.
[        ] [        ] Artifact Instance of 'GradleWrapper' is not required, skipping update.
[        ] [        ] Artifact Instance of 'AndroidGenSnapshotArtifacts' is not required, skipping update.
[        ] [        ] Artifact Instance of 'AndroidInternalBuildArtifacts' is not required, skipping update.
[        ] [        ] Artifact Instance of 'IOSEngineArtifacts' is not required, skipping update.
[        ] [        ] Artifact Instance of 'FlutterWebSdk' is not required, skipping update.
[        ] [        ] Artifact Instance of 'LegacyCanvasKitRemover' is not required, skipping update.
[        ] [        ] Artifact Instance of 'FlutterSdk' is not required, skipping update.
[        ] [        ] Artifact Instance of 'WindowsEngineArtifacts' is not required, skipping update.
[        ] [        ] Artifact Instance of 'MacOSEngineArtifacts' is not required, skipping update.
[        ] [        ] Artifact Instance of 'LinuxEngineArtifacts' is not required, skipping update.
[        ] [        ] Artifact Instance of 'LinuxFuchsiaSDKArtifacts' is not required, skipping update.
[        ] [        ] Artifact Instance of 'MacOSFuchsiaSDKArtifacts' is not required, skipping update.
[        ] [        ] Artifact Instance of 'FlutterRunnerSDKArtifacts' is not required, skipping update.
[        ] [        ] Artifact Instance of 'FlutterRunnerDebugSymbols' is not required, skipping update.
[        ] [        ] Artifact Instance of 'IosUsbArtifacts' is not required, skipping update.
[        ] [        ] Artifact Instance of 'IosUsbArtifacts' is not required, skipping update.
[        ] [        ] Artifact Instance of 'IosUsbArtifacts' is not required, skipping update.
[        ] [        ] Artifact Instance of 'IosUsbArtifacts' is not required, skipping update.
[        ] [        ] Artifact Instance of 'IosUsbArtifacts' is not required, skipping update.
[        ] [        ] Artifact Instance of 'IosUsbArtifacts' is not required, skipping update.
[        ] [        ] Artifact Instance of 'FontSubsetArtifacts' is not required, skipping update.
[        ] [        ] Artifact Instance of 'PubDependencies' is not required, skipping update.
[        ] [   +3 ms] Artifact Instance of 'AndroidGenSnapshotArtifacts' is not required, skipping update.
[        ] [        ] Artifact Instance of 'AndroidInternalBuildArtifacts' is not required, skipping update.
[        ] [        ] Artifact Instance of 'IOSEngineArtifacts' is not required, skipping update.
[        ] [        ] Artifact Instance of 'FlutterWebSdk' is not required, skipping update.
[        ] [        ] Artifact Instance of 'FlutterEngineStamp' is not required, skipping update.
[        ] [        ] Artifact Instance of 'LegacyCanvasKitRemover' is not required, skipping update.
[        ] [        ] Artifact Instance of 'WindowsEngineArtifacts' is not required, skipping update.
[        ] [        ] Artifact Instance of 'MacOSEngineArtifacts' is not required, skipping update.
[        ] [        ] Artifact Instance of 'LinuxEngineArtifacts' is not required, skipping update.
[        ] [        ] Artifact Instance of 'LinuxFuchsiaSDKArtifacts' is not required, skipping update.
[        ] [        ] Artifact Instance of 'MacOSFuchsiaSDKArtifacts' is not required, skipping update.
[        ] [        ] Artifact Instance of 'FlutterRunnerSDKArtifacts' is not required, skipping update.
[        ] [        ] Artifact Instance of 'FlutterRunnerDebugSymbols' is not required, skipping update.
[        ] [  +18 ms] Artifact Instance of 'MaterialFonts' is not required, skipping update.
[        ] [        ] Artifact Instance of 'GradleWrapper' is not required, skipping update.
[        ] [        ] Artifact Instance of 'AndroidGenSnapshotArtifacts' is not required, skipping update.
[        ] [        ] Artifact Instance of 'AndroidInternalBuildArtifacts' is not required, skipping update.
[        ] [        ] Artifact Instance of 'IOSEngineArtifacts' is not required, skipping update.
[        ] [        ] Artifact Instance of 'FlutterWebSdk' is not required, skipping update.
[        ] [        ] Artifact Instance of 'FlutterEngineStamp' is not required, skipping update.
[        ] [        ] Artifact Instance of 'LegacyCanvasKitRemover' is not required, skipping update.
[        ] [        ] Artifact Instance of 'FlutterSdk' is not required, skipping update.
[        ] [        ] Artifact Instance of 'WindowsEngineArtifacts' is not required, skipping update.
[        ] [        ] Artifact Instance of 'LinuxEngineArtifacts' is not required, skipping update.
[        ] [        ] Artifact Instance of 'LinuxFuchsiaSDKArtifacts' is not required, skipping update.
[        ] [        ] Artifact Instance of 'MacOSFuchsiaSDKArtifacts' is not required, skipping update.
[        ] [        ] Artifact Instance of 'FlutterRunnerSDKArtifacts' is not required, skipping update.
[        ] [        ] Artifact Instance of 'FlutterRunnerDebugSymbols' is not required, skipping update.
[        ] [        ] Artifact Instance of 'IosUsbArtifacts' is not required, skipping update.
[        ] [        ] Artifact Instance of 'IosUsbArtifacts' is not required, skipping update.
[        ] [        ] Artifact Instance of 'IosUsbArtifacts' is not required, skipping update.
[        ] [        ] Artifact Instance of 'IosUsbArtifacts' is not required, skipping update.
[        ] [        ] Artifact Instance of 'IosUsbArtifacts' is not required, skipping update.
[        ] [        ] Artifact Instance of 'IosUsbArtifacts' is not required, skipping update.
[        ] [        ] Artifact Instance of 'FontSubsetArtifacts' is not required, skipping update.
[        ] [        ] Artifact Instance of 'PubDependencies' is not required, skipping update.
[        ] [  +21 ms] Initializing file store
[        ] [  +13 ms] Done initializing file store
[        ] [  +36 ms] Skipping target: dart_build
[        ] [        ] Skipping target: gen_dart_plugin_registrant
[        ] [        ] Skipping target: debug_macos_framework
[        ] [ +182 ms] Skipping target: debug_unpack_macos
[        ] [        ] Skipping target: install_code_assets
[        ] [        ] Skipping target: gen_localizations
[        ] [ +735 ms] Skipping target: kernel_snapshot_program
[        ] [   +4 ms] invalidated build due to missing files: /Users/fam/Documents/Projects/sehatlocker/DOES_NOT_EXIST_RERUN_FOR_WILDCARD621306573
[        ] [ +620 ms] debug_macos_bundle_flutter_assets: Starting due to {InvalidatedReasonKind.inputMissing: The following inputs were missing: /Users/fam/Documents/Projects/sehatlocker/DOES_NOT_EXIST_RERUN_FOR_WILDCARD621306573}
[        ] [  +95 ms] Manifest contained wildcard assets. Inserting missing file into build graph to force rerun. for more information see #56466.
[        ] [   +5 ms] shaderc command: [/opt/homebrew/share/flutter/bin/cache/artifacts/engine/darwin-x64/impellerc, --sksl, --runtime-stage-metal, --iplr, --sl=/Users/fam/Documents/Projects/sehatlocker/build/macos/Build/Products/Debug/App.framework/Versions/A/Resources/flutter_assets/shaders/ink_sparkle.frag, --spirv=/Users/fam/Documents/Projects/sehatlocker/build/macos/Build/Products/Debug/App.framework/Versions/A/Resources/flutter_assets/shaders/ink_sparkle.frag.spirv, --input=/opt/homebrew/share/flutter/packages/flutter/lib/src/material/shaders/ink_sparkle.frag, --input-type=frag, --include=/opt/homebrew/share/flutter/packages/flutter/lib/src/material/shaders, --include=/opt/homebrew/share/flutter/bin/cache/artifacts/engine/darwin-x64/shader_lib]
[        ] [        ] shaderc command: [/opt/homebrew/share/flutter/bin/cache/artifacts/engine/darwin-x64/impellerc, --sksl, --runtime-stage-metal, --iplr, --sl=/Users/fam/Documents/Projects/sehatlocker/build/macos/Build/Products/Debug/App.framework/Versions/A/Resources/flutter_assets/shaders/stretch_effect.frag, --spirv=/Users/fam/Documents/Projects/sehatlocker/build/macos/Build/Products/Debug/App.framework/Versions/A/Resources/flutter_assets/shaders/stretch_effect.frag.spirv, --input=/opt/homebrew/share/flutter/packages/flutter/lib/src/material/shaders/stretch_effect.frag, --input-type=frag, --include=/opt/homebrew/share/flutter/packages/flutter/lib/src/material/shaders, --include=/opt/homebrew/share/flutter/bin/cache/artifacts/engine/darwin-x64/shader_lib]
[        ] [ +213 ms] debug_macos_bundle_flutter_assets: Complete
[        ] [ +551 ms] Persisting file store
[        ] [   +6 ms] Done persisting file store
[        ] [  +14 ms] build succeeded.
[        ] [   +1 ms] "flutter assemble" took 2,527ms.
[        ] [   +1 ms] executing: sw_vers -productName
[        ] [   +7 ms] Exit code 0 from: sw_vers -productName
[        ] [        ] macOS
[        ] [        ] executing: sw_vers -productVersion
[        ] [   +6 ms] Exit code 0 from: sw_vers -productVersion
[        ] [        ] 26.2
[        ] [        ] executing: sw_vers -buildVersion
[        ] [   +6 ms] Exit code 0 from: sw_vers -buildVersion
[        ] [        ] 25C56
[        ] [        ] executing: uname -m
[        ] [   +2 ms] Exit code 0 from: uname -m
[        ] [        ] arm64
[        ] [  +15 ms] Running 1 shutdown hook
[        ] [        ] Shutdown hooks complete
[        ] [ +133 ms] exiting with code 0
[        ] Project /Users/fam/Documents/Projects/sehatlocker built and packaged successfully.
[        ] note: Run script build phase 'Run Script' will be run during every build because the option to run the script phase "Based on dependency analysis" is unchecked. (in target 'Runner' from project 'Runner')
[        ] ProcessProductPackaging /Users/fam/Documents/Projects/sehatlocker/macos/Runner/DebugProfile.entitlements /Users/fam/Documents/Projects/sehatlocker/build/macos/Build/Intermediates.noindex/Runner.build/Debug/Runner.build/sehatlocker.app.xcent (in target 'Runner' from project 'Runner')
[        ]     cd /Users/fam/Documents/Projects/sehatlocker/macos
[        ]     Entitlements:
[        ]     {
[        ]     "com.apple.security.app-sandbox" = 1;
[        ]     "com.apple.security.cs.allow-jit" = 1;
[        ]     "com.apple.security.get-task-allow" = 1;
[        ]     "com.apple.security.network.server" = 1;
[        ] }
[        ]     builtin-productPackagingUtility /Users/fam/Documents/Projects/sehatlocker/macos/Runner/DebugProfile.entitlements -entitlements -format xml -o /Users/fam/Documents/Projects/sehatlocker/build/macos/Build/Intermediates.noindex/Runner.build/Debug/Runner.build/sehatlocker.app.xcent
[   +1 ms] ProcessInfoPlistFile /Users/fam/Documents/Projects/sehatlocker/build/macos/Build/Products/Debug/Pods_Runner.framework/Versions/A/Resources/Info.plist /Users/fam/Documents/Projects/sehatlocker/macos/Pods/Target\ Support\ Files/Pods-Runner/Pods-Runner-Info.plist (in target 'Pods-Runner' from project 'Pods')
[        ]     cd /Users/fam/Documents/Projects/sehatlocker/macos/Pods
[        ]     builtin-infoPlistUtility /Users/fam/Documents/Projects/sehatlocker/macos/Pods/Target\ Support\ Files/Pods-Runner/Pods-Runner-Info.plist -producttype com.apple.product-type.framework -expandbuildsettings -platform macosx -o /Users/fam/Documents/Projects/sehatlocker/build/macos/Build/Products/Debug/Pods_Runner.framework/Versions/A/Resources/Info.plist
[        ] ProcessProductPackagingDER /Users/fam/Documents/Projects/sehatlocker/build/macos/Build/Intermediates.noindex/Runner.build/Debug/Runner.build/sehatlocker.app.xcent /Users/fam/Documents/Projects/sehatlocker/build/macos/Build/Intermediates.noindex/Runner.build/Debug/Runner.build/sehatlocker.app.xcent.der (in target 'Runner' from project 'Runner')
[        ]     cd /Users/fam/Documents/Projects/sehatlocker/macos
[        ]     /usr/bin/derq query -f xml -i /Users/fam/Documents/Projects/sehatlocker/build/macos/Build/Intermediates.noindex/Runner.build/Debug/Runner.build/sehatlocker.app.xcent -o /Users/fam/Documents/Projects/sehatlocker/build/macos/Build/Intermediates.noindex/Runner.build/Debug/Runner.build/sehatlocker.app.xcent.der --raw
[        ] PhaseScriptExecution [CP]\ Check\ Pods\ Manifest.lock /Users/fam/Documents/Projects/sehatlocker/build/macos/Build/Intermediates.noindex/Runner.build/Debug/Runner.build/Script-5BB306BFAFC4CF514368AFCE.sh (in target 'Runner' from project 'Runner')
[        ]     cd /Users/fam/Documents/Projects/sehatlocker/macos
[        ]     /bin/sh -c /Users/fam/Documents/Projects/sehatlocker/build/macos/Build/Intermediates.noindex/Runner.build/Debug/Runner.build/Script-5BB306BFAFC4CF514368AFCE.sh
[  +12 ms] SwiftDriver Runner normal arm64 com.apple.xcode.tools.swift.compiler (in target 'Runner' from project 'Runner')
[        ]     cd /Users/fam/Documents/Projects/sehatlocker/macos
[        ]     builtin-SwiftDriver -- /Applications/Xcode.app/Contents/Developer/Toolchains/XcodeDefault.xctoolchain/usr/bin/swiftc -module-name sehatlocker -Onone -enforce-exclusivity\=checked @/Users/fam/Documents/Projects/sehatlocker/build/macos/Build/Intermediates.noindex/Runner.build/Debug/Runner.build/Objects-normal/arm64/sehatlocker.SwiftFileList -DDEBUG -D COCOAPODS -enable-bare-slash-regex -enable-experimental-feature DebugDescriptionMacro -sdk /Applications/Xcode.app/Contents/Developer/Platforms/MacOSX.platform/Developer/SDKs/MacOSX26.2.sdk -target arm64-apple-macos10.15 -g -module-cache-path /Users/fam/Documents/Projects/sehatlocker/build/macos/ModuleCache.noindex -Xfrontend -serialize-debugging-options -enable-testing -Xcc -D_LIBCPP_HARDENING_MODE\=_LIBCPP_HARDENING_MODE_DEBUG -swift-version 5 -I /Users/fam/Documents/Projects/sehatlocker/build/macos/Build/Products/Debug -F /Users/fam/Documents/Projects/sehatlocker/build/macos/Build/Products/Debug -F /Users/fam/Documents/Projects/sehatlocker/build/macos/Build/Products/Debug/app_settings -F /Users/fam/Documents/Projects/sehatlocker/build/macos/Build/Products/Debug/battery_plus -F /Users/fam/Documents/Projects/sehatlocker/build/macos/Build/Products/Debug/connectivity_plus -F /Users/fam/Documents/Projects/sehatlocker/build/macos/Build/Products/Debug/desktop_drop -F /Users/fam/Documents/Projects/sehatlocker/build/macos/Build/Products/Debug/device_info_plus -F /Users/fam/Documents/Projects/sehatlocker/build/macos/Build/Products/Debug/file_selector_macos -F /Users/fam/Documents/Projects/sehatlocker/build/macos/Build/Products/Debug/flutter_image_compress_macos -F /Users/fam/Documents/Projects/sehatlocker/build/macos/Build/Products/Debug/flutter_local_notifications -F /Users/fam/Documents/Projects/sehatlocker/build/macos/Build/Products/Debug/flutter_secure_storage_macos -F /Users/fam/Documents/Projects/sehatlocker/build/macos/Build/Products/Debug/flutter_sound -F /Users/fam/Documents/Projects/sehatlocker/build/macos/Build/Products/Debug/flutter_tts -F /Users/fam/Documents/Projects/sehatlocker/build/macos/Build/Products/Debug/local_auth_darwin -F /Users/fam/Documents/Projects/sehatlocker/build/macos/Build/Products/Debug/objectbox_flutter_libs -F /Users/fam/Documents/Projects/sehatlocker/build/macos/Build/Products/Debug/printing -F /Users/fam/Documents/Projects/sehatlocker/build/macos/Build/Products/Debug/screen_retriever_macos -F /Users/fam/Documents/Projects/sehatlocker/build/macos/Build/Products/Debug/share_plus -F /Users/fam/Documents/Projects/sehatlocker/build/macos/Build/Products/Debug/url_launcher_macos -F /Users/fam/Documents/Projects/sehatlocker/build/macos/Build/Products/Debug/whisper_flutter_new -F /Users/fam/Documents/Projects/sehatlocker/build/macos/Build/Products/Debug/window_manager -F /Users/fam/Documents/Projects/sehatlocker/macos/Pods/ObjectBox -F /Users/fam/Documents/Projects/sehatlocker/build/macos/Build/Products/Debug/XCFrameworkIntermediates/ObjectBox -c -j10 -enable-batch-mode -incremental -Xcc -ivfsstatcache -Xcc /Users/fam/Documents/Projects/sehatlocker/build/macos/SDKStatCaches.noindex/macosx26.2-25C57-00fa09913b459cbbc988d1f6730289ae.sdkstatcache -output-file-map /Users/fam/Documents/Projects/sehatlocker/build/macos/Build/Intermediates.noindex/Runner.build/Debug/Runner.build/Objects-normal/arm64/Runner-OutputFileMap.json -use-frontend-parseable-output -save-temps -no-color-diagnostics -explicit-module-build -module-cache-path /Users/fam/Documents/Projects/sehatlocker/build/macos/Build/Intermediates.noindex/SwiftExplicitPrecompiledModules -clang-scanner-module-cache-path /Users/fam/Documents/Projects/sehatlocker/build/macos/ModuleCache.noindex -sdk-module-cache-path /Users/fam/Documents/Projects/sehatlocker/build/macos/ModuleCache.noindex -serialize-diagnostics -emit-dependencies -emit-module -emit-module-path /Users/fam/Documents/Projects/sehatlocker/build/macos/Build/Intermediates.noindex/Runner.build/Debug/Runner.build/Objects-normal/arm64/sehatlocker.swiftmodule -validate-clang-modules-once -clang-build-session-file /Users/fam/Documents/Projects/sehatlocker/build/macos/ModuleCache.noindex/Session.modulevalidation -Xcc -I/Users/fam/Documents/Projects/sehatlocker/build/macos/Build/Intermediates.noindex/Runner.build/Debug/Runner.build/swift-overrides.hmap -emit-const-values -Xfrontend -const-gather-protocols-file -Xfrontend /Users/fam/Documents/Projects/sehatlocker/build/macos/Build/Intermediates.noindex/Runner.build/Debug/Runner.build/Objects-normal/arm64/Runner_const_extract_protocols.json -Xcc -iquote -Xcc /Users/fam/Documents/Projects/sehatlocker/build/macos/Build/Intermediates.noindex/Runner.build/Debug/Runner.build/sehatlocker-generated-files.hmap -Xcc -I/Users/fam/Documents/Projects/sehatlocker/build/macos/Build/Intermediates.noindex/Runner.build/Debug/Runner.build/sehatlocker-own-target-headers.hmap -Xcc -I/Users/fam/Documents/Projects/sehatlocker/build/macos/Build/Intermediates.noindex/Runner.build/Debug/Runner.build/sehatlocker-all-non-framework-target-headers.hmap -Xcc -ivfsoverlay -Xcc /Users/fam/Documents/Projects/sehatlocker/build/macos/Build/Intermediates.noindex/Runner.build/Debug/Runner-18c1723432283e0cc55f10a6dcfd9e02-VFS/all-product-headers.yaml -Xcc -iquote -Xcc /Users/fam/Documents/Projects/sehatlocker/build/macos/Build/Intermediates.noindex/Runner.build/Debug/Runner.build/sehatlocker-project-headers.hmap -Xcc -I/Users/fam/Documents/Projects/sehatlocker/build/macos/Build/Products/Debug/include -Xcc -I/Users/fam/Documents/Projects/sehatlocker/build/macos/Build/Products/Debug/app_settings/app_settings.framework/Headers -Xcc -I/Users/fam/Documents/Projects/sehatlocker/build/macos/Build/Products/Debug/battery_plus/battery_plus.framework/Headers -Xcc -I/Users/fam/Documents/Projects/sehatlocker/build/macos/Build/Products/Debug/connectivity_plus/connectivity_plus.framework/Headers -Xcc -I/Users/fam/Documents/Projects/sehatlocker/build/macos/Build/Products/Debug/desktop_drop/desktop_drop.framework/Headers -Xcc -I/Users/fam/Documents/Projects/sehatlocker/build/macos/Build/Products/Debug/device_info_plus/device_info_plus.framework/Headers -Xcc -I/Users/fam/Documents/Projects/sehatlocker/build/macos/Build/Products/Debug/file_selector_macos/file_selector_macos.framework/Headers -Xcc -I/Users/fam/Documents/Projects/sehatlocker/build/macos/Build/Products/Debug/flutter_image_compress_macos/flutter_image_compress_macos.framework/Headers -Xcc -I/Users/fam/Documents/Projects/sehatlocker/build/macos/Build/Products/Debug/flutter_local_notifications/flutter_local_notifications.framework/Headers -Xcc -I/Users/fam/Documents/Projects/sehatlocker/build/macos/Build/Products/Debug/flutter_secure_storage_macos/flutter_secure_storage_macos.framework/Headers -Xcc -I/Users/fam/Documents/Projects/sehatlocker/build/macos/Build/Products/Debug/flutter_sound/flutter_sound.framework/Headers -Xcc -I/Users/fam/Documents/Projects/sehatlocker/build/macos/Build/Products/Debug/flutter_tts/flutter_tts.framework/Headers -Xcc -I/Users/fam/Documents/Projects/sehatlocker/build/macos/Build/Products/Debug/local_auth_darwin/local_auth_darwin.framework/Headers -Xcc -I/Users/fam/Documents/Projects/sehatlocker/build/macos/Build/Products/Debug/objectbox_flutter_libs/objectbox_flutter_libs.framework/Headers -Xcc -I/Users/fam/Documents/Projects/sehatlocker/build/macos/Build/Products/Debug/printing/printing.framework/Headers -Xcc -I/Users/fam/Documents/Projects/sehatlocker/build/macos/Build/Products/Debug/screen_retriever_macos/screen_retriever_macos.framework/Headers -Xcc -I/Users/fam/Documents/Projects/sehatlocker/build/macos/Build/Products/Debug/share_plus/share_plus.framework/Headers -Xcc -I/Users/fam/Documents/Projects/sehatlocker/build/macos/Build/Products/Debug/url_launcher_macos/url_launcher_macos.framework/Headers -Xcc -I/Users/fam/Documents/Projects/sehatlocker/build/macos/Build/Products/Debug/whisper_flutter_new/whisper_flutter_new.framework/Headers -Xcc -I/Users/fam/Documents/Projects/sehatlocker/build/macos/Build/Products/Debug/window_manager/window_manager.framework/Headers -Xcc -I/Users/fam/Documents/Projects/sehatlocker/build/macos/Build/Intermediates.noindex/Runner.build/Debug/Runner.build/DerivedSources-normal/arm64 -Xcc -I/Users/fam/Documents/Projects/sehatlocker/build/macos/Build/Intermediates.noindex/Runner.build/Debug/Runner.build/DerivedSources/arm64 -Xcc -I/Users/fam/Documents/Projects/sehatlocker/build/macos/Build/Intermediates.noindex/Runner.build/Debug/Runner.build/DerivedSources -Xcc -DDEBUG\=1 -Xcc -DCOCOAPODS\=1 -emit-objc-header -emit-objc-header-path /Users/fam/Documents/Projects/sehatlocker/build/macos/Build/Intermediates.noindex/Runner.build/Debug/Runner.build/Objects-normal/arm64/sehatlocker-Swift.h -working-directory /Users/fam/Documents/Projects/sehatlocker/macos -experimental-emit-module-separately -disable-cmo
[ +365 ms] ProcessInfoPlistFile /Users/fam/Documents/Projects/sehatlocker/build/macos/Build/Products/Debug/sehatlocker.app/Contents/Info.plist /Users/fam/Documents/Projects/sehatlocker/macos/Runner/Info.plist (in target 'Runner' from project 'Runner')
[        ]     cd /Users/fam/Documents/Projects/sehatlocker/macos
[        ]     builtin-infoPlistUtility /Users/fam/Documents/Projects/sehatlocker/macos/Runner/Info.plist -producttype com.apple.product-type.application -genpkginfo /Users/fam/Documents/Projects/sehatlocker/build/macos/Build/Products/Debug/sehatlocker.app/Contents/PkgInfo -expandbuildsettings -platform macosx -additionalcontentfile /Users/fam/Documents/Projects/sehatlocker/build/macos/Build/Intermediates.noindex/Runner.build/Debug/Runner.build/Base.lproj/MainMenu-PartialInfo.plist -additionalcontentfile /Users/fam/Documents/Projects/sehatlocker/build/macos/Build/Intermediates.noindex/Runner.build/Debug/Runner.build/assetcatalog_generated_info.plist -o /Users/fam/Documents/Projects/sehatlocker/build/macos/Build/Products/Debug/sehatlocker.app/Contents/Info.plist
[   +1 ms] SwiftCompile normal arm64 Compiling\ GeneratedAssetSymbols.swift /Users/fam/Documents/Projects/sehatlocker/build/macos/Build/Intermediates.noindex/Runner.build/Debug/Runner.build/DerivedSources/GeneratedAssetSymbols.swift (in target 'Runner' from project 'Runner')
[  +23 ms] SwiftCompile normal arm64 /Users/fam/Documents/Projects/sehatlocker/build/macos/Build/Intermediates.noindex/Runner.build/Debug/Runner.build/DerivedSources/GeneratedAssetSymbols.swift (in target 'Runner' from project 'Runner')
[        ]     cd /Users/fam/Documents/Projects/sehatlocker/macos
[ +113 ms] SwiftEmitModule normal arm64 Emitting\ module\ for\ sehatlocker (in target 'Runner' from project 'Runner')
[   +1 ms] EmitSwiftModule normal arm64 (in target 'Runner' from project 'Runner')
[        ]     cd /Users/fam/Documents/Projects/sehatlocker/macos
[        ] SwiftCompile normal arm64 Compiling\ AppDelegate.swift /Users/fam/Documents/Projects/sehatlocker/macos/Runner/AppDelegate.swift (in target 'Runner' from project 'Runner')
[        ] Failed frontend command:
[        ] /Applications/Xcode.app/Contents/Developer/Toolchains/XcodeDefault.xctoolchain/usr/bin/swift-frontend -frontend -c /Users/fam/Documents/Projects/sehatlocker/macos/Runner/MainFlutterWindow.swift -primary-file /Users/fam/Documents/Projects/sehatlocker/macos/Runner/AppDelegate.swift /Users/fam/Documents/Projects/sehatlocker/macos/Flutter/GeneratedPluginRegistrant.swift /Users/fam/Documents/Projects/sehatlocker/build/macos/Build/Intermediates.noindex/Runner.build/Debug/Runner.build/DerivedSources/GeneratedAssetSymbols.swift -emit-dependencies-path /Users/fam/Documents/Projects/sehatlocker/build/macos/Build/Intermediates.noindex/Runner.build/Debug/Runner.build/Objects-normal/arm64/AppDelegate.d -emit-const-values-path /Users/fam/Documents/Projects/sehatlocker/build/macos/Build/Intermediates.noindex/Runner.build/Debug/Runner.build/Objects-normal/arm64/AppDelegate.swiftconstvalues -emit-reference-dependencies-path /Users/fam/Documents/Projects/sehatlocker/build/macos/Build/Intermediates.noindex/Runner.build/Debug/Runner.build/Objects-normal/arm64/AppDelegate.swiftdeps -serialize-diagnostics-path /Users/fam/Documents/Projects/sehatlocker/build/macos/Build/Intermediates.noindex/Runner.build/Debug/Runner.build/Objects-normal/arm64/AppDelegate.dia -target arm64-apple-macos10.15 -module-can-import-version AppKit 2685.30.107 2685.30.107 -module-can-import-version DeveloperToolsSupport 23.0.4 23.0.4 -module-can-import-version SwiftUI 7.2.5.1 7.2.5 -load-resolved-plugin /Applications/Xcode.app/Contents/Developer/Platforms/MacOSX.platform/Developer/usr/lib/swift/host/plugins/libFoundationMacros.dylib\#/Applications/Xcode.app/Contents/Developer/Platforms/MacOSX.platform/Developer/usr/bin/swift-plugin-server\#FoundationMacros -load-resolved-plugin /Applications/Xcode.app/Contents/Developer/Platforms/MacOSX.platform/Developer/usr/lib/swift/host/plugins/libObservationMacros.dylib\#/Applications/Xcode.app/Contents/Developer/Platforms/MacOSX.platform/Developer/usr/bin/swift-plugin-server\#ObservationMacros -load-resolved-plugin /Applications/Xcode.app/Contents/Developer/Platforms/MacOSX.platform/Developer/usr/lib/swift/host/plugins/libPreviewsMacros.dylib\#/Applications/Xcode.app/Contents/Developer/Platforms/MacOSX.platform/Developer/usr/bin/swift-plugin-server\#PreviewsMacros -load-resolved-plugin /Applications/Xcode.app/Contents/Developer/Platforms/MacOSX.platform/Developer/usr/lib/swift/host/plugins/libSwiftMacros.dylib\#/Applications/Xcode.app/Contents/Developer/Platforms/MacOSX.platform/Developer/usr/bin/swift-plugin-server\#SwiftMacros -load-resolved-plugin /Applications/Xcode.app/Contents/Developer/Platforms/MacOSX.platform/Developer/usr/lib/swift/host/plugins/libSwiftUIMacros.dylib\#/Applications/Xcode.app/Contents/Developer/Platforms/MacOSX.platform/Developer/usr/bin/swift-plugin-server\#SwiftUIMacros -disable-implicit-swift-modules -Xcc -fno-implicit-modules -Xcc -fno-implicit-module-maps -explicit-swift-module-map-file /Users/fam/Documents/Projects/sehatlocker/build/macos/Build/Intermediates.noindex/Runner.build/Debug/Runner.build/Objects-normal/arm64/sehatlocker-dependencies-1.json -Xllvm -aarch64-use-tbi -enable-objc-interop -stack-check -sdk /Applications/Xcode.app/Contents/Developer/Platforms/MacOSX.platform/Developer/SDKs/MacOSX26.2.sdk -I /Users/fam/Documents/Projects/sehatlocker/build/macos/Build/Products/Debug -F /Users/fam/Documents/Projects/sehatlocker/build/macos/Build/Products/Debug -F /Users/fam/Documents/Projects/sehatlocker/build/macos/Build/Products/Debug/app_settings -F /Users/fam/Documents/Projects/sehatlocker/build/macos/Build/Products/Debug/battery_plus -F /Users/fam/Documents/Projects/sehatlocker/build/macos/Build/Products/Debug/connectivity_plus -F /Users/fam/Documents/Projects/sehatlocker/build/macos/Build/Products/Debug/desktop_drop -F /Users/fam/Documents/Projects/sehatlocker/build/macos/Build/Products/Debug/device_info_plus -F /Users/fam/Documents/Projects/sehatlocker/build/macos/Build/Products/Debug/file_selector_macos -F /Users/fam/Documents/Projects/sehatlocker/build/macos/Build/Products/Debug/flutter_image_compress_macos -F /Users/fam/Documents/Projects/sehatlocker/build/macos/Build/Products/Debug/flutter_local_notifications -F /Users/fam/Documents/Projects/sehatlocker/build/macos/Build/Products/Debug/flutter_secure_storage_macos -F /Users/fam/Documents/Projects/sehatlocker/build/macos/Build/Products/Debug/flutter_sound -F /Users/fam/Documents/Projects/sehatlocker/build/macos/Build/Products/Debug/flutter_tts -F /Users/fam/Documents/Projects/sehatlocker/build/macos/Build/Products/Debug/local_auth_darwin -F /Users/fam/Documents/Projects/sehatlocker/build/macos/Build/Products/Debug/objectbox_flutter_libs -F /Users/fam/Documents/Projects/sehatlocker/build/macos/Build/Products/Debug/printing -F /Users/fam/Documents/Projects/sehatlocker/build/macos/Build/Products/Debug/screen_retriever_macos -F /Users/fam/Documents/Projects/sehatlocker/build/macos/Build/Products/Debug/share_plus -F /Users/fam/Documents/Projects/sehatlocker/build/macos/Build/Products/Debug/url_launcher_macos -F /Users/fam/Documents/Projects/sehatlocker/build/macos/Build/Products/Debug/whisper_flutter_new -F /Users/fam/Documents/Projects/sehatlocker/build/macos/Build/Products/Debug/window_manager -F /Users/fam/Documents/Projects/sehatlocker/macos/Pods/ObjectBox -F /Users/fam/Documents/Projects/sehatlocker/build/macos/Build/Products/Debug/XCFrameworkIntermediates/ObjectBox -no-color-diagnostics -Xcc -fno-color-diagnostics -enable-testing -g -debug-info-format\=dwarf -dwarf-version\=4 -module-cache-path /Users/fam/Documents/Projects/sehatlocker/build/macos/Build/Intermediates.noindex/SwiftExplicitPrecompiledModules -swift-version 5 -enforce-exclusivity\=checked -Onone -D DEBUG -D COCOAPODS -serialize-debugging-options -const-gather-protocols-file /Users/fam/Documents/Projects/sehatlocker/build/macos/Build/Intermediates.noindex/Runner.build/Debug/Runner.build/Objects-normal/arm64/Runner_const_extract_protocols.json -enable-experimental-feature DebugDescriptionMacro -enable-bare-slash-regex -empty-abi-descriptor -validate-clang-modules-once -clang-build-session-file /Users/fam/Documents/Projects/sehatlocker/build/macos/ModuleCache.noindex/Session.modulevalidation -Xcc -working-directory -Xcc /Users/fam/Documents/Projects/sehatlocker/macos -enable-anonymous-context-mangled-names -file-compilation-dir /Users/fam/Documents/Projects/sehatlocker/macos -Xcc -D_LIBCPP_HARDENING_MODE\=_LIBCPP_HARDENING_MODE_DEBUG -Xcc -ivfsstatcache -Xcc /Users/fam/Documents/Projects/sehatlocker/build/macos/SDKStatCaches.noindex/macosx26.2-25C57-00fa09913b459cbbc988d1f6730289ae.sdkstatcache -Xcc -I/Users/fam/Documents/Projects/sehatlocker/build/macos/Build/Intermediates.noindex/Runner.build/Debug/Runner.build/swift-overrides.hmap -Xcc -iquote -Xcc /Users/fam/Documents/Projects/sehatlocker/build/macos/Build/Intermediates.noindex/Runner.build/Debug/Runner.build/sehatlocker-generated-files.hmap -Xcc -I/Users/fam/Documents/Projects/sehatlocker/build/macos/Build/Intermediates.noindex/Runner.build/Debug/Runner.build/sehatlocker-own-target-headers.hmap -Xcc -I/Users/fam/Documents/Projects/sehatlocker/build/macos/Build/Intermediates.noindex/Runner.build/Debug/Runner.build/sehatlocker-all-non-framework-target-headers.hmap -Xcc -ivfsoverlay -Xcc /Users/fam/Documents/Projects/sehatlocker/build/macos/Build/Intermediates.noindex/Runner.build/Debug/Runner-18c1723432283e0cc55f10a6dcfd9e02-VFS/all-product-headers.yaml -Xcc -iquote -Xcc /Users/fam/Documents/Projects/sehatlocker/build/macos/Build/Intermediates.noindex/Runner.build/Debug/Runner.build/sehatlocker-project-headers.hmap -Xcc -I/Users/fam/Documents/Projects/sehatlocker/build/macos/Build/Products/Debug/include -Xcc -I/Users/fam/Documents/Projects/sehatlocker/build/macos/Build/Products/Debug/app_settings/app_settings.framework/Headers -Xcc -I/Users/fam/Documents/Projects/sehatlocker/build/macos/Build/Products/Debug/battery_plus/battery_plus.framework/Headers -Xcc -I/Users/fam/Documents/Projects/sehatlocker/build/macos/Build/Products/Debug/connectivity_plus/connectivity_plus.framework/Headers -Xcc -I/Users/fam/Documents/Projects/sehatlocker/build/macos/Build/Products/Debug/desktop_drop/desktop_drop.framework/Headers -Xcc -I/Users/fam/Documents/Projects/sehatlocker/build/macos/Build/Products/Debug/device_info_plus/device_info_plus.framework/Headers -Xcc -I/Users/fam/Documents/Projects/sehatlocker/build/macos/Build/Products/Debug/file_selector_macos/file_selector_macos.framework/Headers -Xcc -I/Users/fam/Documents/Projects/sehatlocker/build/macos/Build/Products/Debug/flutter_image_compress_macos/flutter_image_compress_macos.framework/Headers -Xcc -I/Users/fam/Documents/Projects/sehatlocker/build/macos/Build/Products/Debug/flutter_local_notifications/flutter_local_notifications.framework/Headers -Xcc -I/Users/fam/Documents/Projects/sehatlocker/build/macos/Build/Products/Debug/flutter_secure_storage_macos/flutter_secure_storage_macos.framework/Headers -Xcc -I/Users/fam/Documents/Projects/sehatlocker/build/macos/Build/Products/Debug/flutter_sound/flutter_sound.framework/Headers -Xcc -I/Users/fam/Documents/Projects/sehatlocker/build/macos/Build/Products/Debug/flutter_tts/flutter_tts.framework/Headers -Xcc -I/Users/fam/Documents/Projects/sehatlocker/build/macos/Build/Products/Debug/local_auth_darwin/local_auth_darwin.framework/Headers -Xcc -I/Users/fam/Documents/Projects/sehatlocker/build/macos/Build/Products/Debug/objectbox_flutter_libs/objectbox_flutter_libs.framework/Headers -Xcc -I/Users/fam/Documents/Projects/sehatlocker/build/macos/Build/Products/Debug/printing/printing.framework/Headers -Xcc -I/Users/fam/Documents/Projects/sehatlocker/build/macos/Build/Products/Debug/screen_retriever_macos/screen_retriever_macos.framework/Headers -Xcc -I/Users/fam/Documents/Projects/sehatlocker/build/macos/Build/Products/Debug/share_plus/share_plus.framework/Headers -Xcc -I/Users/fam/Documents/Projects/sehatlocker/build/macos/Build/Products/Debug/url_launcher_macos/url_launcher_macos.framework/Headers -Xcc -I/Users/fam/Documents/Projects/sehatlocker/build/macos/Build/Products/Debug/whisper_flutter_new/whisper_flutter_new.framework/Headers -Xcc -I/Users/fam/Documents/Projects/sehatlocker/build/macos/Build/Products/Debug/window_manager/window_manager.framework/Headers -Xcc -I/Users/fam/Documents/Projects/sehatlocker/build/macos/Build/Intermediates.noindex/Runner.build/Debug/Runner.build/DerivedSources-normal/arm64 -Xcc -I/Users/fam/Documents/Projects/sehatlocker/build/macos/Build/Intermediates.noindex/Runner.build/Debug/Runner.build/DerivedSources/arm64 -Xcc -I/Users/fam/Documents/Projects/sehatlocker/build/macos/Build/Intermediates.noindex/Runner.build/Debug/Runner.build/DerivedSources -Xcc -DDEBUG\=1 -Xcc -DCOCOAPODS\=1 -no-auto-bridging-header-chaining -module-name sehatlocker -frontend-parseable-output -disable-clang-spi -target-sdk-version 26.2 -target-sdk-name macosx26.2 -clang-target arm64-apple-macos26.2 -in-process-plugin-server-path /Applications/Xcode.app/Contents/Developer/Toolchains/XcodeDefault.xctoolchain/usr/lib/swift/host/libSwiftInProcPluginServer.dylib -o /Users/fam/Documents/Projects/sehatlocker/build/macos/Build/Intermediates.noindex/Runner.build/Debug/Runner.build/Objects-normal/arm64/AppDelegate.o -index-unit-output-path /Runner.build/Debug/Runner.build/Objects-normal/arm64/AppDelegate.o
[        ] SwiftCompile normal arm64 /Users/fam/Documents/Projects/sehatlocker/macos/Runner/AppDelegate.swift (in target 'Runner' from project 'Runner')
[        ]     cd /Users/fam/Documents/Projects/sehatlocker/macos
[        ] /Users/fam/Documents/Projects/sehatlocker/macos/Runner/AppDelegate.swift:31:152: error: value of type 'NotificationCenter.Publisher' has no member 'description'
[        ]         let isDnd = DistributedNotificationCenter.default().publisher(for: NSNotification.Name("com.apple.notificationcenter.notdisturbstatechanged")).description.contains("1")
[        ]                     ~~~~~~~~~~~~~~~~~~~~~~~~~~~~~~~~~~~~~~~~~~~~~~~~~~~~~~~~~~~~~~~~~~~~~~~~~~~~~~~~~~~~~~~~~~~~~~~~~~~~~~~~~~~~~~~~~~~~~~~~~~~~~~~~~~ ^~~~~~~~~~~
[        ] /Users/fam/Documents/Projects/sehatlocker/macos/Runner/AppDelegate.swift:116:9: error: cannot find 'channel' in scope
[        ]         channel?.invokeMethod("onTrayMenuItemClick", arguments: id)
[        ]         ^~~~~~~
[  +13 ms] /Users/fam/Documents/Projects/sehatlocker/macos/Pods/Pods.xcodeproj: warning: The macOS deployment target 'MACOSX_DEPLOYMENT_TARGET' is set to 10.11, but the range of supported deployment target versions is 10.13 to 26.2.99. (in target 'app_settings-app_settings_privacy' from project 'Pods')
[        ] ** BUILD FAILED **
[        ] The following build commands failed:
[        ] 	SwiftCompile normal arm64 Compiling\ AppDelegate.swift /Users/fam/Documents/Projects/sehatlocker/macos/Runner/AppDelegate.swift (in target 'Runner' from project 'Runner')
[        ] 	SwiftCompile normal arm64 /Users/fam/Documents/Projects/sehatlocker/macos/Runner/AppDelegate.swift (in target 'Runner' from project 'Runner')
[        ] 	Building workspace Runner with scheme Runner and configuration Debug
[        ] (3 failures)
[  +26 ms] Building macOS application... (completed in 5.2s)
[        ] "flutter macos" took 7,131ms.
[   +2 ms] executing: sw_vers -productName
[   +7 ms] Exit code 0 from: sw_vers -productName
[        ] macOS
[        ] executing: sw_vers -productVersion
[   +6 ms] Exit code 0 from: sw_vers -productVersion
[        ] 26.2
[        ] executing: sw_vers -buildVersion
[   +6 ms] Exit code 0 from: sw_vers -buildVersion
[        ] 25C56
[        ] executing: uname -m
[   +2 ms] Exit code 0 from: uname -m
[        ] arm64
[  +18 ms] Build process failed
[        ] 
           #0      throwToolExit (package:flutter_tools/src/base/common.dart:34:3)
           #1      buildMacOS (package:flutter_tools/src/macos/build_macos.dart:239:5)
           <asynchronous suspension>
           #2      BuildMacosCommand.runCommand (package:flutter_tools/src/commands/build_macos.dart:60:5)
           <asynchronous suspension>
           #3      FlutterCommand.run.<anonymous closure> (package:flutter_tools/src/runner/flutter_command.dart:1559:27)
           <asynchronous suspension>
           #4      AppContext.run.<anonymous closure> (package:flutter_tools/src/base/context.dart:154:19)
           <asynchronous suspension>
           #5      CommandRunner.runCommand (package:args/command_runner.dart:212:13)
           <asynchronous suspension>
           #6      FlutterCommandRunner.runCommand.<anonymous closure> (package:flutter_tools/src/runner/flutter_command_runner.dart:487:9)
           <asynchronous suspension>
           #7      AppContext.run.<anonymous closure> (package:flutter_tools/src/base/context.dart:154:19)
           <asynchronous suspension>
           #8      FlutterCommandRunner.runCommand (package:flutter_tools/src/runner/flutter_command_runner.dart:422:5)
           <asynchronous suspension>
           #9      run.<anonymous closure>.<anonymous closure> (package:flutter_tools/runner.dart:104:11)
           <asynchronous suspension>
           #10     AppContext.run.<anonymous closure> (package:flutter_tools/src/base/context.dart:154:19)
           <asynchronous suspension>
           #11     main (package:flutter_tools/executable.dart:103:3)
           <asynchronous suspension>


[        ] Running 1 shutdown hook
[        ] Shutdown hooks complete
[  +91 ms] exiting with code 1
