Launching lib/main.dart on sdk gphone64 arm64 in debug mode...
Running Gradle task 'assembleDevDebug'...                       
lib/services/local_storage_service.dart:127:28: Error: The method 'GenerationParametersAdapter' isn't defined for the type 'LocalStorageService'.
 - 'LocalStorageService' is from 'package:sehatlocker/services/local_storage_service.dart' ('lib/services/local_storage_service.dart').
Try correcting the name to the name of an existing method, or defining a method named 'GenerationParametersAdapter'.
      Hive.registerAdapter(GenerationParametersAdapter());
                           ^^^^^^^^^^^^^^^^^^^^^^^^^^^
Target kernel_snapshot_program failed: Exception


FAILURE: Build failed with an exception.

* What went wrong:
Execution failed for task ':app:compileFlutterBuildDevDebug'.
> Process 'command '/opt/homebrew/share/flutter/bin/flutter'' finished with non-zero exit value 1

* Try:
> Run with --stacktrace option to get the stack trace.
> Run with --info or --debug option to get more log output.
> Run with --scan to get full insights.
> Get more help at https://help.gradle.org.

BUILD FAILED in 3s
Running Gradle task 'assembleDevDebug'...                           4.1s
Error: Gradle task assembleDevDebug failed with exit code 1
